#
# A fatal error has been detected by the Java Runtime Environment:
#
#  EXCEPTION_ACCESS_VIOLATION (0xc0000005) at pc=0x00007ffdf7302500, pid=9820, tid=9136
#
# JRE version: Java(TM) SE Runtime Environment (14.0.1+7) (build 14.0.1+7)
# Java VM: Java HotSpot(TM) 64-Bit Server VM (14.0.1+7, mixed mode, sharing, tiered, compressed oops, g1 gc, windows-amd64)
# Problematic frame:
# C  [jfxwebkit.dll+0x672500]
#
# No core dump will be written. Minidumps are not enabled by default on client versions of Windows
#
# If you would like to submit a bug report, please visit:
#   https://bugreport.java.com/bugreport/crash.jsp
# The crash happened outside the Java Virtual Machine in native code.
# See problematic frame for where to report the bug.
#

---------------  S U M M A R Y ------------

Command Line: --module-path=C:\Users\cduym\Downloads\openjfx-16_windows-x64_bin-sdk\javafx-sdk-16\lib --add-modules=javafx.controls,javafx.fxml,javafx.web --add-modules=javafx.base,javafx.graphics --add-reads=javafx.base=ALL-UNNAMED --add-reads=javafx.graphics=ALL-UNNAMED -javaagent:C:\Program Files\JetBrains\IntelliJ IDEA 2019.3.3\lib\idea_rt.jar=51762:C:\Program Files\JetBrains\IntelliJ IDEA 2019.3.3\bin -Dfile.encoding=UTF-8 Main

Host: Intel(R) Core(TM) i5-7200U CPU @ 2.50GHz, 4 cores, 7G,  Windows 10 , 64 bit Build 19041 (10.0.19041.1023)
Time: Wed Aug  4 09:16:43 2021 SE Asia Standard Time elapsed time: 54 seconds (0d 0h 0m 54s)

---------------  T H R E A D  ---------------

Current thread (0x0000025e9a5be800):  JavaThread "JavaFX Application Thread" [_thread_in_native, id=9136, stack(0x000000979b900000,0x000000979ba00000)]

Stack: [0x000000979b900000,0x000000979ba00000],  sp=0x000000979b9f80d0,  free space=992k
Native frames: (J=compiled Java code, j=interpreted, Vv=VM code, C=native code)
C  [jfxwebkit.dll+0x672500]

Java frames: (J=compiled Java code, j=interpreted, Vv=VM code)
j  com.sun.webkit.network.URLLoaderBase.twkDidFail(ILjava/lang/String;Ljava/lang/String;J)V+0 javafx.web
j  com.sun.webkit.network.HTTP2Loader.notifyDidFail(ILjava/lang/String;Ljava/lang/String;)V+66 javafx.web
j  com.sun.webkit.network.HTTP2Loader.lambda$didFail$18(Ljava/lang/Throwable;)V+74 javafx.web
j  com.sun.webkit.network.HTTP2Loader$$Lambda$768.run()V+8 javafx.web
J 10056 c1 com.sun.webkit.network.HTTP2Loader$$Lambda$747.run()V javafx.web (12 bytes) @ 0x0000025e8929276c [0x0000025e892925c0+0x00000000000001ac]
J 8790 c1 com.sun.javafx.webkit.prism.PrismInvoker.invokeOnEventThread(Ljava/lang/Runnable;)V javafx.web (21 bytes) @ 0x0000025e89e1cecc [0x0000025e89e1cb80+0x000000000000034c]
J 6237 c1 com.sun.webkit.network.HTTP2Loader.callBackIfNotCanceled(Ljava/lang/Runnable;)V javafx.web (14 bytes) @ 0x0000025e89a6f034 [0x0000025e89a6edc0+0x0000000000000274]
j  com.sun.webkit.network.HTTP2Loader.didFail(Ljava/lang/Throwable;)Ljava/lang/Void;+8 javafx.web
j  com.sun.webkit.network.HTTP2Loader.lambda$new$8(Ljava/lang/Throwable;)Ljava/lang/Void;+5 javafx.web
j  com.sun.webkit.network.HTTP2Loader$$Lambda$612.apply(Ljava/lang/Object;)Ljava/lang/Object;+8 javafx.web
J 10697 c1 java.util.concurrent.CompletableFuture.uniExceptionally(Ljava/lang/Object;Ljava/util/function/Function;Ljava/util/concurrent/CompletableFuture$UniExceptionally;)Z java.base@14.0.1 (76 bytes) @ 0x0000025e89463194 [0x0000025e89462680+0x0000000000000b14]
J 9238 c1 java.util.concurrent.CompletableFuture.uniExceptionallyStage(Ljava/util/concurrent/Executor;Ljava/util/function/Function;)Ljava/util/concurrent/CompletableFuture; java.base@14.0.1 (94 bytes) @ 0x0000025e89f7c244 [0x0000025e89f7b940+0x0000000000000904]
J 9248 c1 java.util.concurrent.CompletableFuture.exceptionally(Ljava/util/function/Function;)Ljava/util/concurrent/CompletableFuture; java.base@14.0.1 (7 bytes) @ 0x0000025e89f826e4 [0x0000025e89f82640+0x00000000000000a4]
j  com.sun.webkit.network.HTTP2Loader.lambda$new$9(Ljava/net/http/HttpRequest;Ljava/net/http/HttpResponse$BodyHandler;)Ljava/util/concurrent/CompletableFuture;+22 javafx.web
j  com.sun.webkit.network.HTTP2Loader$$Lambda$599.run()Ljava/lang/Object;+12 javafx.web
J 4448 c1 java.security.AccessController.doPrivileged(Ljava/security/PrivilegedAction;Ljava/security/AccessControlContext;)Ljava/lang/Object; java.base@14.0.1 (17 bytes) @ 0x0000025e896738e4 [0x0000025e89673700+0x00000000000001e4]
j  com.sun.webkit.network.HTTP2Loader.<init>(Lcom/sun/webkit/WebPage;Lcom/sun/webkit/network/ByteBufferPool;ZLjava/lang/String;Ljava/lang/String;Ljava/lang/String;[Lcom/sun/webkit/network/FormDataElement;J)V+150 javafx.web
j  com.sun.webkit.network.HTTP2Loader.create(Lcom/sun/webkit/WebPage;Lcom/sun/webkit/network/ByteBufferPool;ZLjava/lang/String;Ljava/lang/String;Ljava/lang/String;[Lcom/sun/webkit/network/FormDataElement;J)Lcom/sun/webkit/network/HTTP2Loader;+34 javafx.web
J 10715 c1 com.sun.webkit.network.NetworkContext.fwkLoad(Lcom/sun/webkit/WebPage;ZLjava/lang/String;Ljava/lang/String;Ljava/lang/String;[Lcom/sun/webkit/network/FormDataElement;J)Lcom/sun/webkit/network/URLLoaderBase; javafx.web (243 bytes) @ 0x0000025e89b980fc [0x0000025e89b96a60+0x000000000000169c]
v  ~StubRoutines::call_stub
J 7131  com.sun.webkit.Timer.twkFireTimerEvent()V javafx.web (0 bytes) @ 0x0000025e903d48ee [0x0000025e903d48a0+0x000000000000004e]
J 7125 c1 com.sun.webkit.Timer.fireTimerEvent(J)V javafx.web (65 bytes) @ 0x0000025e8981e08c [0x0000025e8981dbc0+0x00000000000004cc]
J 5051 c1 com.sun.webkit.Timer.notifyTick()V javafx.web (29 bytes) @ 0x0000025e897d780c [0x0000025e897d7540+0x00000000000002cc]
J 5049 c1 javafx.scene.web.WebEngine$PulseTimer$$Lambda$487.run()V javafx.web (4 bytes) @ 0x0000025e897d6cc4 [0x0000025e897d6b40+0x0000000000000184]
J 9920 c2 com.sun.javafx.application.PlatformImpl$$Lambda$104.run()V javafx.graphics (12 bytes) @ 0x0000025e9068f218 [0x0000025e9068f180+0x0000000000000098]
J 8871 c2 com.sun.glass.ui.InvokeLaterDispatcher$Future.run()V javafx.graphics (91 bytes) @ 0x0000025e905cbe78 [0x0000025e905cbe20+0x0000000000000058]
v  ~StubRoutines::call_stub
j  com.sun.glass.ui.win.WinApplication._runLoop(Ljava/lang/Runnable;)V+0 javafx.graphics
j  com.sun.glass.ui.win.WinApplication.lambda$runLoop$3(ILjava/lang/Runnable;)V+8 javafx.graphics
j  com.sun.glass.ui.win.WinApplication$$Lambda$93.run()V+12 javafx.graphics
j  java.lang.Thread.run()V+11 java.base@14.0.1
v  ~StubRoutines::call_stub

siginfo: EXCEPTION_ACCESS_VIOLATION (0xc0000005), reading address 0x00000000000003c8


Register to memory mapping:

RIP=0x00007ffdf7302500 jfxwebkit.dll
RAX=0x000000979b9f80b0 is pointing into the stack for thread: 0x0000025e9a5be800
RBX=0x0000025f00b48d90 points into unknown readable memory: 08 48 68 f8 fd 7f 00 00
RCX=0x0 is NULL
RDX=0x0000000000000001 is an unknown value
RSP=0x000000979b9f80d0 is pointing into the stack for thread: 0x0000025e9a5be800
RBP=0x000000979b9f8239 is pointing into the stack for thread: 0x0000025e9a5be800
RSI=0x000000979b9f8360 is pointing into the stack for thread: 0x0000025e9a5be800
RDI=0x000000979b9f81e0 is pointing into the stack for thread: 0x0000025e9a5be800
R8 =0x0000025ef7196fc0 points into unknown readable memory: ff ff ff ff 00 00 00 00
R9 =0x000000979b9f8080 is pointing into the stack for thread: 0x0000025e9a5be800
R10=0x0000025ef7196ef0 points into unknown readable memory: 00 00 00 00 00 00 00 00
R11=0x00000000496ead87 is an unknown value
R12=0x00007ffdf6d374d0 jfxwebkit.dll
R13={method} {0x0000025ea176d388} 'twkDidFail' '(ILjava/lang/String;Ljava/lang/String;J)V' in 'com/sun/webkit/network/URLLoaderBase'
R14=0x0000025f0094c060 points into unknown readable memory: b8 bf 61 f8 fd 7f 00 00
R15=0x0000000000000004 is an unknown value


Registers:
RAX=0x000000979b9f80b0, RBX=0x0000025f00b48d90, RCX=0x0000000000000000, RDX=0x0000000000000001
RSP=0x000000979b9f80d0, RBP=0x000000979b9f8239, RSI=0x000000979b9f8360, RDI=0x000000979b9f81e0
R8 =0x0000025ef7196fc0, R9 =0x000000979b9f8080, R10=0x0000025ef7196ef0, R11=0x00000000496ead87
R12=0x00007ffdf6d374d0, R13=0x0000025ea176d380, R14=0x0000025f0094c060, R15=0x0000000000000004
RIP=0x00007ffdf7302500, EFLAGS=0x0000000000010202

Top of Stack: (sp=0x000000979b9f80d0)
0x000000979b9f80d0:   00000000000001f0 0000025f00c72890
0x000000979b9f80e0:   000000979b9f8360 000000979b9f8360
0x000000979b9f80f0:   0000025f00c72890 00007ffdf6e0e37c
0x000000979b9f8100:   0000025f00c72890 0000025f00c72890
0x000000979b9f8110:   000000979b9f8239 0000025f00c72890
0x000000979b9f8120:   0000025f00c72890 00007ffdf6c9d01e
0x000000979b9f8130:   0000025f00b48d90 0000b7bcef6b02e1
0x000000979b9f8140:   000000979b9f81e0 00007ffdf6e003d6
0x000000979b9f8150:   0000025f00c72890 000000979b9f8360
0x000000979b9f8160:   000000979b9f8360 0000025f00c72890
0x000000979b9f8170:   000000979b9f81e0 00007ffdf6d374ff
0x000000979b9f8180:   0000025f0094c060 0000025e9a5beb10
0x000000979b9f8190:   0000b7bcef6b02d1 000000979b9f8360
0x000000979b9f81a0:   0000000000000000 00007ffdf6d3b80d
0x000000979b9f81b0:   000000979b9f81d0 000000979b9f8458
0x000000979b9f81c0:   0000000000000001 000000979b9f81d0 

Instructions: (pc=0x00007ffdf7302500)
0x00007ffdf7302400:   33 c0 ff c8 89 41 f4 4c 8b 47 10 4d 85 c0 74 26
0x00007ffdf7302410:   41 8b 40 f4 8d 14 40 03 d2 41 3b 50 fc 73 17 41
0x00007ffdf7302420:   8b 50 fc 83 fa 08 76 0e d1 ea 48 8d 4f 10 45 33
0x00007ffdf7302430:   c0 e8 2a 20 9a ff 48 8b 83 00 04 00 00 48 8b 48
0x00007ffdf7302440:   10 48 85 c9 74 06 83 79 f4 00 75 0f 48 8b 83 08
0x00007ffdf7302450:   04 00 00 48 c7 40 18 00 00 00 00 48 8b bb 00 04
0x00007ffdf7302460:   00 00 48 c7 83 00 04 00 00 00 00 00 00 48 85 ff
0x00007ffdf7302470:   74 27 8b 47 08 83 e8 01 75 1c 48 8b 4f 10 48 85
0x00007ffdf7302480:   c9 74 09 48 83 c1 f0 e8 84 af 13 01 48 8b cf e8
0x00007ffdf7302490:   7c af 13 01 eb 03 89 47 08 48 8b 8b 08 04 00 00
0x00007ffdf73024a0:   48 8b 7c 24 48 48 c7 83 08 04 00 00 00 00 00 00
0x00007ffdf73024b0:   48 85 c9 74 17 8b 41 08 83 e8 01 75 0c 48 8b 01
0x00007ffdf73024c0:   ba 01 00 00 00 ff 10 eb 03 89 41 08 83 a3 20 04
0x00007ffdf73024d0:   00 00 f8 0f 57 c0 f2 0f 11 83 18 04 00 00 48 83
0x00007ffdf73024e0:   c4 30 5b c3 cc cc cc cc cc cc cc cc cc cc cc cc
0x00007ffdf73024f0:   40 53 48 83 ec 20 48 8b d9 48 8b 89 00 03 00 00
0x00007ffdf7302500:   8b 81 c8 03 00 00 89 83 30 03 00 00 48 c7 83 00
0x00007ffdf7302510:   03 00 00 00 00 00 00 48 85 c9 74 22 8b 41 10 83
0x00007ffdf7302520:   e8 01 75 17 48 8b 01 ba 01 00 00 00 ff 10 48 8b
0x00007ffdf7302530:   cb 48 83 c4 20 5b e9 85 0c 00 00 89 41 10 48 8b
0x00007ffdf7302540:   cb 48 83 c4 20 5b e9 75 0c 00 00 cc cc cc cc cc
0x00007ffdf7302550:   40 53 48 83 ec 20 f6 81 ea 03 00 00 20 48 8b d9
0x00007ffdf7302560:   75 56 48 8b 81 58 03 00 00 48 c7 80 60 03 00 00
0x00007ffdf7302570:   00 00 00 00 48 8b 89 58 03 00 00 e8 40 0c 00 00
0x00007ffdf7302580:   48 8b 8b 40 03 00 00 48 85 c9 74 14 48 83 c1 f0
0x00007ffdf7302590:   e8 7b ae 13 01 48 c7 83 40 03 00 00 00 00 00 00
0x00007ffdf73025a0:   48 8b cb 48 c7 83 58 03 00 00 00 00 00 00 48 83
0x00007ffdf73025b0:   c4 20 5b e9 08 0c 00 00 48 83 c4 20 5b c3 cc cc
0x00007ffdf73025c0:   48 8b 89 08 04 00 00 48 85 c9 74 0a 48 8b 01 48
0x00007ffdf73025d0:   ff a0 80 00 00 00 c3 cc cc cc cc cc cc cc cc cc
0x00007ffdf73025e0:   40 55 53 57 41 54 41 55 48 8d 6c 24 c9 48 81 ec
0x00007ffdf73025f0:   d0 00 00 00 48 8b 05 6d 61 2c 03 48 33 c4 48 89 


Stack slot to memory mapping:
stack at sp + 0 slots: 0x00000000000001f0 is an unknown value
stack at sp + 1 slots: 0x0000025f00c72890 points into unknown readable memory: 40 6c 62 f8 fd 7f 00 00
stack at sp + 2 slots: 0x000000979b9f8360 is pointing into the stack for thread: 0x0000025e9a5be800
stack at sp + 3 slots: 0x000000979b9f8360 is pointing into the stack for thread: 0x0000025e9a5be800
stack at sp + 4 slots: 0x0000025f00c72890 points into unknown readable memory: 40 6c 62 f8 fd 7f 00 00
stack at sp + 5 slots: 0x00007ffdf6e0e37c jfxwebkit.dll
stack at sp + 6 slots: 0x0000025f00c72890 points into unknown readable memory: 40 6c 62 f8 fd 7f 00 00
stack at sp + 7 slots: 0x0000025f00c72890 points into unknown readable memory: 40 6c 62 f8 fd 7f 00 00


---------------  P R O C E S S  ---------------

Threads class SMR info:
_java_thread_list=0x0000025f00cee0e0, length=62, elements={
0x0000025ef8b9f800, 0x0000025effa30800, 0x0000025effa31800, 0x0000025effa4b800,
0x0000025effa4e800, 0x0000025effa4f800, 0x0000025effa55000, 0x0000025effa62000,
0x0000025effa6d000, 0x0000025effc79000, 0x0000025e9a4b6800, 0x0000025e9a755000,
0x0000025e9a566800, 0x0000025e9a5c4800, 0x0000025e9a5be800, 0x0000025e9a818000,
0x0000025e9a851000, 0x0000025e9b691000, 0x0000025e9b4f8000, 0x0000025e9b4fd000,
0x0000025e9b4fa000, 0x0000025e9b4fa800, 0x0000025e9b4fb800, 0x0000025e9b4fc800,
0x0000025e9b4f9000, 0x0000025e9b4fe000, 0x0000025ea2445800, 0x0000025ea244a000,
0x0000025ea2446800, 0x0000025ea2444000, 0x0000025ea244a800, 0x0000025ea2445000,
0x0000025ea2447800, 0x0000025ea244d000, 0x0000025ea244b800, 0x0000025ea244c000,
0x0000025ea244e000, 0x0000025ea2448000, 0x0000025ea2449000, 0x0000025ea244e800,
0x0000025ea244f800, 0x0000025ea2450800, 0x0000025ea2451000, 0x0000025ea2452000,
0x0000025ea2453000, 0x0000025ea1f5e000, 0x0000025ea1f64800, 0x0000025ea1f5f000,
0x0000025ea1f65800, 0x0000025ea1f63800, 0x0000025ea1f63000, 0x0000025ea1f5f800,
0x0000025ea1f66000, 0x0000025ea1f60800, 0x0000025ea1f67000, 0x0000025ea1f61800,
0x0000025ea1f68000, 0x0000025ea1f62000, 0x0000025ea1f6c000, 0x0000025ea1f68800,
0x0000025ea1f69800, 0x0000025ea1f6a800
}

Java Threads: ( => current thread )
  0x0000025ef8b9f800 JavaThread "main" [_thread_blocked, id=7468, stack(0x000000979a100000,0x000000979a200000)]
  0x0000025effa30800 JavaThread "Reference Handler" daemon [_thread_blocked, id=3584, stack(0x000000979a800000,0x000000979a900000)]
  0x0000025effa31800 JavaThread "Finalizer" daemon [_thread_blocked, id=8284, stack(0x000000979a900000,0x000000979aa00000)]
  0x0000025effa4b800 JavaThread "Signal Dispatcher" daemon [_thread_blocked, id=4200, stack(0x000000979ab00000,0x000000979ac00000)]
  0x0000025effa4e800 JavaThread "Attach Listener" daemon [_thread_blocked, id=9284, stack(0x000000979ac00000,0x000000979ad00000)]
  0x0000025effa4f800 JavaThread "Service Thread" daemon [_thread_blocked, id=808, stack(0x000000979ad00000,0x000000979ae00000)]
  0x0000025effa55000 JavaThread "C2 CompilerThread0" daemon [_thread_blocked, id=6568, stack(0x000000979ae00000,0x000000979af00000)]
  0x0000025effa62000 JavaThread "C1 CompilerThread0" daemon [_thread_blocked, id=780, stack(0x000000979af00000,0x000000979b000000)]
  0x0000025effa6d000 JavaThread "Sweeper thread" daemon [_thread_blocked, id=11376, stack(0x000000979b000000,0x000000979b100000)]
  0x0000025effc79000 JavaThread "Common-Cleaner" daemon [_thread_blocked, id=4488, stack(0x000000979b100000,0x000000979b200000)]
  0x0000025e9a4b6800 JavaThread "Monitor Ctrl-Break" daemon [_thread_in_native, id=9300, stack(0x000000979b300000,0x000000979b400000)]
  0x0000025e9a755000 JavaThread "Notification Thread" daemon [_thread_blocked, id=11184, stack(0x000000979b400000,0x000000979b500000)]
  0x0000025e9a566800 JavaThread "QuantumRenderer-0" daemon [_thread_blocked, id=3556, stack(0x000000979b600000,0x000000979b700000)]
  0x0000025e9a5c4800 JavaThread "InvokeLaterDispatcher" daemon [_thread_blocked, id=8076, stack(0x000000979b800000,0x000000979b900000)]
=>0x0000025e9a5be800 JavaThread "JavaFX Application Thread" [_thread_in_native, id=9136, stack(0x000000979b900000,0x000000979ba00000)]
  0x0000025e9a818000 JavaThread "JavaFX-Launcher" [_thread_blocked, id=3504, stack(0x000000979bd00000,0x000000979be00000)]
  0x0000025e9a851000 JavaThread "Thread-2" daemon [_thread_in_native, id=8580, stack(0x000000979b200000,0x000000979b300000)]
  0x0000025e9b691000 JavaThread "Keep-Alive-Timer" daemon [_thread_blocked, id=9608, stack(0x000000979c100000,0x000000979c200000)]
  0x0000025e9b4f8000 JavaThread "Prism Font Disposer" daemon [_thread_blocked, id=7092, stack(0x000000979c200000,0x000000979c300000)]
  0x0000025e9b4fd000 JavaThread "Disposer" daemon [_thread_blocked, id=9088, stack(0x000000979c300000,0x000000979c400000)]
  0x0000025e9b4fa000 JavaThread "Cleaner-0" daemon [_thread_blocked, id=1744, stack(0x000000979cc00000,0x000000979cd00000)]
  0x0000025e9b4fa800 JavaThread "HttpClient-1-SelectorManager" daemon [_thread_in_native, id=9040, stack(0x000000979cd00000,0x000000979ce00000)]
  0x0000025e9b4fb800 JavaThread "HttpClient-1-Worker-0" daemon [_thread_blocked, id=1844, stack(0x000000979ce00000,0x000000979cf00000)]
  0x0000025e9b4fc800 JavaThread "HttpClient-1-Worker-1" daemon [_thread_blocked, id=7364, stack(0x000000979d000000,0x000000979d100000)]
  0x0000025e9b4f9000 JavaThread "HttpClient-1-Worker-2" daemon [_thread_blocked, id=6160, stack(0x000000979d100000,0x000000979d200000)]
  0x0000025e9b4fe000 JavaThread "HttpClient-1-Worker-3" daemon [_thread_blocked, id=8752, stack(0x000000979d200000,0x000000979d300000)]
  0x0000025ea2445800 JavaThread "HttpClient-1-Worker-4" daemon [_thread_blocked, id=9188, stack(0x000000979d300000,0x000000979d400000)]
  0x0000025ea244a000 JavaThread "HttpClient-1-Worker-5" daemon [_thread_blocked, id=2800, stack(0x000000979d400000,0x000000979d500000)]
  0x0000025ea2446800 JavaThread "HttpClient-1-Worker-6" daemon [_thread_blocked, id=4888, stack(0x000000979d500000,0x000000979d600000)]
  0x0000025ea2444000 JavaThread "HttpClient-1-Worker-7" daemon [_thread_blocked, id=6356, stack(0x000000979d600000,0x000000979d700000)]
  0x0000025ea244a800 JavaThread "HttpClient-1-Worker-8" daemon [_thread_blocked, id=8300, stack(0x000000979d700000,0x000000979d800000)]
  0x0000025ea2445000 JavaThread "HttpClient-1-Worker-9" daemon [_thread_blocked, id=10300, stack(0x000000979d800000,0x000000979d900000)]
  0x0000025ea2447800 JavaThread "HttpClient-1-Worker-10" daemon [_thread_blocked, id=3536, stack(0x000000979d900000,0x000000979da00000)]
  0x0000025ea244d000 JavaThread "HttpClient-1-Worker-11" daemon [_thread_blocked, id=10260, stack(0x000000979da00000,0x000000979db00000)]
  0x0000025ea244b800 JavaThread "HttpClient-1-Worker-12" daemon [_thread_blocked, id=11772, stack(0x000000979db00000,0x000000979dc00000)]
  0x0000025ea244c000 JavaThread "HttpClient-1-Worker-13" daemon [_thread_blocked, id=10408, stack(0x000000979dc00000,0x000000979dd00000)]
  0x0000025ea244e000 JavaThread "HttpClient-1-Worker-14" daemon [_thread_blocked, id=5576, stack(0x000000979dd00000,0x000000979de00000)]
  0x0000025ea2448000 JavaThread "HttpClient-1-Worker-15" daemon [_thread_blocked, id=8764, stack(0x000000979de00000,0x000000979df00000)]
  0x0000025ea2449000 JavaThread "HttpClient-1-Worker-16" daemon [_thread_blocked, id=12192, stack(0x000000979df00000,0x000000979e000000)]
  0x0000025ea244e800 JavaThread "HttpClient-1-Worker-17" daemon [_thread_blocked, id=10892, stack(0x000000979e000000,0x000000979e100000)]
  0x0000025ea244f800 JavaThread "HttpClient-1-Worker-18" daemon [_thread_blocked, id=7048, stack(0x000000979e100000,0x000000979e200000)]
  0x0000025ea2450800 JavaThread "HttpClient-1-Worker-19" daemon [_thread_blocked, id=2968, stack(0x000000979e200000,0x000000979e300000)]
  0x0000025ea2451000 JavaThread "HttpClient-1-Worker-20" daemon [_thread_blocked, id=9508, stack(0x000000979e300000,0x000000979e400000)]
  0x0000025ea2452000 JavaThread "HttpClient-1-Worker-21" daemon [_thread_blocked, id=12228, stack(0x000000979e400000,0x000000979e500000)]
  0x0000025ea2453000 JavaThread "HttpClient-1-Worker-22" daemon [_thread_blocked, id=9560, stack(0x000000979e500000,0x000000979e600000)]
  0x0000025ea1f5e000 JavaThread "HttpClient-1-Worker-23" daemon [_thread_blocked, id=9096, stack(0x000000979e600000,0x000000979e700000)]
  0x0000025ea1f64800 JavaThread "HttpClient-1-Worker-24" daemon [_thread_blocked, id=2008, stack(0x000000979e700000,0x000000979e800000)]
  0x0000025ea1f5f000 JavaThread "HttpClient-1-Worker-25" daemon [_thread_blocked, id=276, stack(0x000000979e800000,0x000000979e900000)]
  0x0000025ea1f65800 JavaThread "HttpClient-1-Worker-26" daemon [_thread_blocked, id=8084, stack(0x000000979e900000,0x000000979ea00000)]
  0x0000025ea1f63800 JavaThread "HttpClient-1-Worker-27" daemon [_thread_blocked, id=11644, stack(0x000000979ea00000,0x000000979eb00000)]
  0x0000025ea1f63000 JavaThread "HttpClient-1-Worker-28" daemon [_thread_blocked, id=4008, stack(0x000000979eb00000,0x000000979ec00000)]
  0x0000025ea1f5f800 JavaThread "HttpClient-1-Worker-29" daemon [_thread_blocked, id=7676, stack(0x000000979ed00000,0x000000979ee00000)]
  0x0000025ea1f66000 JavaThread "HttpClient-1-Worker-30" daemon [_thread_blocked, id=784, stack(0x000000979ee00000,0x000000979ef00000)]
  0x0000025ea1f60800 JavaThread "HttpClient-1-Worker-31" daemon [_thread_blocked, id=260, stack(0x000000979ef00000,0x000000979f000000)]
  0x0000025ea1f67000 JavaThread "HttpClient-1-Worker-32" daemon [_thread_blocked, id=9308, stack(0x000000979f000000,0x000000979f100000)]
  0x0000025ea1f61800 JavaThread "HttpClient-1-Worker-33" daemon [_thread_blocked, id=9140, stack(0x000000979f100000,0x000000979f200000)]
  0x0000025ea1f68000 JavaThread "HttpClient-1-Worker-34" daemon [_thread_blocked, id=11492, stack(0x000000979f200000,0x000000979f300000)]
  0x0000025ea1f62000 JavaThread "HttpClient-1-Worker-35" daemon [_thread_blocked, id=2884, stack(0x000000979f300000,0x000000979f400000)]
  0x0000025ea1f6c000 JavaThread "ForkJoinPool.commonPool-worker-3" daemon [_thread_blocked, id=1772, stack(0x000000979f400000,0x000000979f500000)]
  0x0000025ea1f68800 JavaThread "ForkJoinPool.commonPool-worker-5" daemon [_thread_blocked, id=9248, stack(0x000000979f500000,0x000000979f600000)]
  0x0000025ea1f69800 JavaThread "ForkJoinPool.commonPool-worker-7" daemon [_thread_blocked, id=108, stack(0x000000979f600000,0x000000979f700000)]
  0x0000025ea1f6a800 JavaThread "ForkJoinPool.commonPool-worker-1" daemon [_thread_blocked, id=4824, stack(0x000000979fa00000,0x000000979fb00000)]

Other Threads:
  0x0000025effa2e000 VMThread "VM Thread" [stack: 0x000000979a700000,0x000000979a800000] [id=10720]
  0x0000025e9a596800 WatcherThread [stack: 0x000000979b500000,0x000000979b600000] [id=11752]
  0x0000025ef8be2800 GCTaskThread "GC Thread#0" [stack: 0x000000979a200000,0x000000979a300000] [id=696]
  0x0000025e9a1bd800 GCTaskThread "GC Thread#1" [stack: 0x000000979b700000,0x000000979b800000] [id=1148]
  0x0000025e9b0e0800 GCTaskThread "GC Thread#2" [stack: 0x000000979bf00000,0x000000979c000000] [id=644]
  0x0000025e9b0eb800 GCTaskThread "GC Thread#3" [stack: 0x000000979c000000,0x000000979c100000] [id=6912]
  0x0000025ef8bf3800 ConcurrentGCThread "G1 Main Marker" [stack: 0x000000979a300000,0x000000979a400000] [id=8732]
  0x0000025ef8bf4800 ConcurrentGCThread "G1 Conc#0" [stack: 0x000000979a400000,0x000000979a500000] [id=5672]
  0x0000025ef8c75800 ConcurrentGCThread "G1 Refine#0" [stack: 0x000000979a500000,0x000000979a600000] [id=8948]
  0x0000025ef8c76800 ConcurrentGCThread "G1 Young RemSet Sampling" [stack: 0x000000979a600000,0x000000979a700000] [id=8200]

Threads with active compile tasks:

VM state:not at safepoint (normal execution)

VM Mutex/Monitor currently owned by a thread: None

Heap address: 0x0000000084400000, size: 1980 MB, Compressed Oops mode: 32-bit
Narrow klass base: 0x0000000800000000, Narrow klass shift: 3
Compressed class space size: 1073741824 Address: 0x0000000800b30000

Heap:
 garbage-first heap   total 140288K, used 80697K [0x0000000084400000, 0x0000000100000000)
  region size 1024K, 11 young (11264K), 6 survivors (6144K)
 Metaspace       used 36004K, capacity 37448K, committed 37760K, reserved 1081344K
  class space    used 4321K, capacity 4893K, committed 4992K, reserved 1048576K
Heap Regions: E=young(eden), S=young(survivor), O=old, HS=humongous(starts), HC=humongous(continues), CS=collection set, F=free, OA=open archive, CA=closed archive, TAMS=top-at-mark-start (previous, next)
|   0|0x0000000084400000, 0x0000000084500000, 0x0000000084500000|100%| O|  |TAMS 0x0000000084500000, 0x0000000084400000| Untracked 
|   1|0x0000000084500000, 0x0000000084600000, 0x0000000084600000|100%| O|  |TAMS 0x0000000084600000, 0x0000000084500000| Untracked 
|   2|0x0000000084600000, 0x00000000846b3c00, 0x0000000084700000| 70%| O|  |TAMS 0x00000000846b3c00, 0x0000000084600000| Untracked 
|   3|0x0000000084700000, 0x0000000084800000, 0x0000000084800000|100%| O|  |TAMS 0x0000000084800000, 0x0000000084700000| Untracked 
|   4|0x0000000084800000, 0x0000000084900000, 0x0000000084900000|100%| O|  |TAMS 0x0000000084900000, 0x0000000084800000| Untracked 
|   5|0x0000000084900000, 0x0000000084a00000, 0x0000000084a00000|100%| O|  |TAMS 0x0000000084a00000, 0x0000000084900000| Untracked 
|   6|0x0000000084a00000, 0x0000000084b00000, 0x0000000084b00000|100%| O|  |TAMS 0x0000000084b00000, 0x0000000084a00000| Untracked 
|   7|0x0000000084b00000, 0x0000000084c00000, 0x0000000084c00000|100%| O|  |TAMS 0x0000000084c00000, 0x0000000084b00000| Untracked 
|   8|0x0000000084c00000, 0x0000000084d00000, 0x0000000084d00000|100%| O|  |TAMS 0x0000000084d00000, 0x0000000084c00000| Untracked 
|   9|0x0000000084d00000, 0x0000000084e00000, 0x0000000084e00000|100%| O|  |TAMS 0x0000000084e00000, 0x0000000084d00000| Untracked 
|  10|0x0000000084e00000, 0x0000000084f00000, 0x0000000084f00000|100%| O|  |TAMS 0x0000000084f00000, 0x0000000084e00000| Untracked 
|  11|0x0000000084f00000, 0x0000000085000000, 0x0000000085000000|100%| O|  |TAMS 0x0000000085000000, 0x0000000084f00000| Untracked 
|  12|0x0000000085000000, 0x0000000085100000, 0x0000000085100000|100%|HS|  |TAMS 0x0000000085100000, 0x0000000085000000| Complete 
|  13|0x0000000085100000, 0x0000000085200000, 0x0000000085200000|100%|HC|  |TAMS 0x0000000085200000, 0x0000000085100000| Complete 
|  14|0x0000000085200000, 0x0000000085300000, 0x0000000085300000|100%| O|  |TAMS 0x0000000085300000, 0x0000000085200000| Untracked 
|  15|0x0000000085300000, 0x0000000085400000, 0x0000000085400000|100%| O|  |TAMS 0x0000000085400000, 0x0000000085300000| Untracked 
|  16|0x0000000085400000, 0x0000000085500000, 0x0000000085500000|100%| O|  |TAMS 0x0000000085500000, 0x0000000085400000| Untracked 
|  17|0x0000000085500000, 0x0000000085600000, 0x0000000085600000|100%| O|  |TAMS 0x0000000085600000, 0x0000000085500000| Untracked 
|  18|0x0000000085600000, 0x0000000085700000, 0x0000000085700000|100%| O|  |TAMS 0x0000000085700000, 0x0000000085600000| Untracked 
|  19|0x0000000085700000, 0x0000000085800000, 0x0000000085800000|100%| O|  |TAMS 0x0000000085800000, 0x0000000085700000| Untracked 
|  20|0x0000000085800000, 0x0000000085900000, 0x0000000085900000|100%| O|  |TAMS 0x0000000085900000, 0x0000000085800000| Untracked 
|  21|0x0000000085900000, 0x0000000085a00000, 0x0000000085a00000|100%| O|  |TAMS 0x0000000085a00000, 0x0000000085900000| Untracked 
|  22|0x0000000085a00000, 0x0000000085b00000, 0x0000000085b00000|100%| O|  |TAMS 0x0000000085b00000, 0x0000000085a00000| Untracked 
|  23|0x0000000085b00000, 0x0000000085c00000, 0x0000000085c00000|100%| O|  |TAMS 0x0000000085c00000, 0x0000000085b00000| Untracked 
|  24|0x0000000085c00000, 0x0000000085d00000, 0x0000000085d00000|100%|HS|  |TAMS 0x0000000085d00000, 0x0000000085c00000| Complete 
|  25|0x0000000085d00000, 0x0000000085e00000, 0x0000000085e00000|100%| O|  |TAMS 0x0000000085e00000, 0x0000000085d00000| Untracked 
|  26|0x0000000085e00000, 0x0000000085f00000, 0x0000000085f00000|100%| O|  |TAMS 0x0000000085f00000, 0x0000000085e00000| Untracked 
|  27|0x0000000085f00000, 0x0000000085ff0800, 0x0000000086000000| 93%| O|  |TAMS 0x0000000085ff0800, 0x0000000085f00000| Untracked 
|  28|0x0000000086000000, 0x0000000086100000, 0x0000000086100000|100%| O|  |TAMS 0x0000000086100000, 0x0000000086000000| Untracked 
|  29|0x0000000086100000, 0x000000008613aa00, 0x0000000086200000| 22%| O|  |TAMS 0x000000008613aa00, 0x0000000086100000| Untracked 
|  30|0x0000000086200000, 0x0000000086300000, 0x0000000086300000|100%| O|  |TAMS 0x0000000086300000, 0x0000000086200000| Untracked 
|  31|0x0000000086300000, 0x0000000086400000, 0x0000000086400000|100%|HS|  |TAMS 0x0000000086300000, 0x0000000086300000| Complete 
|  32|0x0000000086400000, 0x0000000086500000, 0x0000000086500000|100%|HC|  |TAMS 0x0000000086400000, 0x0000000086400000| Complete 
|  33|0x0000000086500000, 0x0000000086600000, 0x0000000086600000|100%|HC|  |TAMS 0x0000000086500000, 0x0000000086500000| Complete 
|  34|0x0000000086600000, 0x0000000086700000, 0x0000000086700000|100%|HC|  |TAMS 0x0000000086600000, 0x0000000086600000| Complete 
|  35|0x0000000086700000, 0x0000000086800000, 0x0000000086800000|100%|HC|  |TAMS 0x0000000086700000, 0x0000000086700000| Complete 
|  36|0x0000000086800000, 0x0000000086900000, 0x0000000086900000|100%|HC|  |TAMS 0x0000000086800000, 0x0000000086800000| Complete 
|  37|0x0000000086900000, 0x0000000086a00000, 0x0000000086a00000|100%|HC|  |TAMS 0x0000000086900000, 0x0000000086900000| Complete 
|  38|0x0000000086a00000, 0x0000000086b00000, 0x0000000086b00000|100%|HC|  |TAMS 0x0000000086a00000, 0x0000000086a00000| Complete 
|  39|0x0000000086b00000, 0x0000000086c00000, 0x0000000086c00000|100%|HC|  |TAMS 0x0000000086b00000, 0x0000000086b00000| Complete 
|  40|0x0000000086c00000, 0x0000000086d00000, 0x0000000086d00000|100%|HC|  |TAMS 0x0000000086c00000, 0x0000000086c00000| Complete 
|  41|0x0000000086d00000, 0x0000000086e00000, 0x0000000086e00000|100%|HC|  |TAMS 0x0000000086d00000, 0x0000000086d00000| Complete 
|  42|0x0000000086e00000, 0x0000000086f00000, 0x0000000086f00000|100%|HC|  |TAMS 0x0000000086e00000, 0x0000000086e00000| Complete 
|  43|0x0000000086f00000, 0x0000000087000000, 0x0000000087000000|100%|HC|  |TAMS 0x0000000086f00000, 0x0000000086f00000| Complete 
|  44|0x0000000087000000, 0x0000000087100000, 0x0000000087100000|100%|HC|  |TAMS 0x0000000087000000, 0x0000000087000000| Complete 
|  45|0x0000000087100000, 0x0000000087200000, 0x0000000087200000|100%|HC|  |TAMS 0x0000000087100000, 0x0000000087100000| Complete 
|  46|0x0000000087200000, 0x0000000087300000, 0x0000000087300000|100%|HC|  |TAMS 0x0000000087200000, 0x0000000087200000| Complete 
|  47|0x0000000087300000, 0x0000000087400000, 0x0000000087400000|100%|HC|  |TAMS 0x0000000087300000, 0x0000000087300000| Complete 
|  48|0x0000000087400000, 0x0000000087400000, 0x0000000087500000|  0%| F|  |TAMS 0x0000000087400000, 0x0000000087400000| Untracked 
|  49|0x0000000087500000, 0x0000000087600000, 0x0000000087600000|100%| O|  |TAMS 0x0000000087600000, 0x0000000087500000| Untracked 
|  50|0x0000000087600000, 0x0000000087700000, 0x0000000087700000|100%| O|  |TAMS 0x0000000087700000, 0x0000000087600000| Untracked 
|  51|0x0000000087700000, 0x0000000087800000, 0x0000000087800000|100%|HS|  |TAMS 0x0000000087800000, 0x0000000087700000| Complete 
|  52|0x0000000087800000, 0x0000000087900000, 0x0000000087900000|100%|HC|  |TAMS 0x0000000087900000, 0x0000000087800000| Complete 
|  53|0x0000000087900000, 0x0000000087900000, 0x0000000087a00000|  0%| F|  |TAMS 0x0000000087900000, 0x0000000087900000| Untracked 
|  54|0x0000000087a00000, 0x0000000087a00000, 0x0000000087b00000|  0%| F|  |TAMS 0x0000000087a00000, 0x0000000087a00000| Untracked 
|  55|0x0000000087b00000, 0x0000000087bc8c00, 0x0000000087c00000| 78%| O|  |TAMS 0x0000000087bc8c00, 0x0000000087b00000| Untracked 
|  56|0x0000000087c00000, 0x0000000087c00000, 0x0000000087d00000|  0%| F|  |TAMS 0x0000000087c00000, 0x0000000087c00000| Untracked 
|  57|0x0000000087d00000, 0x0000000087e00000, 0x0000000087e00000|100%|HS|  |TAMS 0x0000000087e00000, 0x0000000087d00000| Complete 
|  58|0x0000000087e00000, 0x0000000087f00000, 0x0000000087f00000|100%|HS|  |TAMS 0x0000000087e00000, 0x0000000087e00000| Complete 
|  59|0x0000000087f00000, 0x0000000088000000, 0x0000000088000000|100%|HC|  |TAMS 0x0000000087f00000, 0x0000000087f00000| Complete 
|  60|0x0000000088000000, 0x0000000088100000, 0x0000000088100000|100%|HC|  |TAMS 0x0000000088000000, 0x0000000088000000| Complete 
|  61|0x0000000088100000, 0x0000000088200000, 0x0000000088200000|100%|HC|  |TAMS 0x0000000088100000, 0x0000000088100000| Complete 
|  62|0x0000000088200000, 0x0000000088300000, 0x0000000088300000|100%|HC|  |TAMS 0x0000000088200000, 0x0000000088200000| Complete 
|  63|0x0000000088300000, 0x0000000088400000, 0x0000000088400000|100%|HC|  |TAMS 0x0000000088300000, 0x0000000088300000| Complete 
|  64|0x0000000088400000, 0x0000000088500000, 0x0000000088500000|100%|HC|  |TAMS 0x0000000088400000, 0x0000000088400000| Complete 
|  65|0x0000000088500000, 0x0000000088600000, 0x0000000088600000|100%|HC|  |TAMS 0x0000000088500000, 0x0000000088500000| Complete 
|  66|0x0000000088600000, 0x0000000088700000, 0x0000000088700000|100%|HC|  |TAMS 0x0000000088600000, 0x0000000088600000| Complete 
|  67|0x0000000088700000, 0x0000000088800000, 0x0000000088800000|100%|HC|  |TAMS 0x0000000088700000, 0x0000000088700000| Complete 
|  68|0x0000000088800000, 0x0000000088900000, 0x0000000088900000|100%|HC|  |TAMS 0x0000000088800000, 0x0000000088800000| Complete 
|  69|0x0000000088900000, 0x0000000088a00000, 0x0000000088a00000|100%|HC|  |TAMS 0x0000000088900000, 0x0000000088900000| Complete 
|  70|0x0000000088a00000, 0x0000000088b00000, 0x0000000088b00000|100%|HC|  |TAMS 0x0000000088a00000, 0x0000000088a00000| Complete 
|  71|0x0000000088b00000, 0x0000000088c00000, 0x0000000088c00000|100%|HC|  |TAMS 0x0000000088b00000, 0x0000000088b00000| Complete 
|  72|0x0000000088c00000, 0x0000000088d00000, 0x0000000088d00000|100%|HC|  |TAMS 0x0000000088c00000, 0x0000000088c00000| Complete 
|  73|0x0000000088d00000, 0x0000000088e00000, 0x0000000088e00000|100%|HC|  |TAMS 0x0000000088d00000, 0x0000000088d00000| Complete 
|  74|0x0000000088e00000, 0x0000000088f00000, 0x0000000088f00000|100%|HC|  |TAMS 0x0000000088e00000, 0x0000000088e00000| Complete 
|  75|0x0000000088f00000, 0x0000000088f00000, 0x0000000089000000|  0%| F|  |TAMS 0x0000000088f00000, 0x0000000088f00000| Untracked 
|  76|0x0000000089000000, 0x0000000089000000, 0x0000000089100000|  0%| F|  |TAMS 0x0000000089000000, 0x0000000089000000| Untracked 
|  77|0x0000000089100000, 0x0000000089100000, 0x0000000089200000|  0%| F|  |TAMS 0x0000000089100000, 0x0000000089100000| Untracked 
|  78|0x0000000089200000, 0x0000000089200000, 0x0000000089300000|  0%| F|  |TAMS 0x0000000089200000, 0x0000000089200000| Untracked 
|  79|0x0000000089300000, 0x0000000089300000, 0x0000000089400000|  0%| F|  |TAMS 0x0000000089300000, 0x0000000089300000| Untracked 
|  80|0x0000000089400000, 0x0000000089400000, 0x0000000089500000|  0%| F|  |TAMS 0x0000000089400000, 0x0000000089400000| Untracked 
|  81|0x0000000089500000, 0x0000000089500000, 0x0000000089600000|  0%| F|  |TAMS 0x0000000089500000, 0x0000000089500000| Untracked 
|  82|0x0000000089600000, 0x0000000089600000, 0x0000000089700000|  0%| F|  |TAMS 0x0000000089600000, 0x0000000089600000| Untracked 
|  83|0x0000000089700000, 0x0000000089700000, 0x0000000089800000|  0%| F|  |TAMS 0x0000000089700000, 0x0000000089700000| Untracked 
|  84|0x0000000089800000, 0x0000000089800000, 0x0000000089900000|  0%| F|  |TAMS 0x0000000089800000, 0x0000000089800000| Untracked 
|  85|0x0000000089900000, 0x0000000089900000, 0x0000000089a00000|  0%| F|  |TAMS 0x0000000089900000, 0x0000000089900000| Untracked 
|  86|0x0000000089a00000, 0x0000000089a00000, 0x0000000089b00000|  0%| F|  |TAMS 0x0000000089a00000, 0x0000000089a00000| Untracked 
|  87|0x0000000089b00000, 0x0000000089b00000, 0x0000000089c00000|  0%| F|  |TAMS 0x0000000089b00000, 0x0000000089b00000| Untracked 
|  88|0x0000000089c00000, 0x0000000089c00000, 0x0000000089d00000|  0%| F|  |TAMS 0x0000000089c00000, 0x0000000089c00000| Untracked 
|  89|0x0000000089d00000, 0x0000000089d00000, 0x0000000089e00000|  0%| F|  |TAMS 0x0000000089d00000, 0x0000000089d00000| Untracked 
|  90|0x0000000089e00000, 0x0000000089e00000, 0x0000000089f00000|  0%| F|  |TAMS 0x0000000089e00000, 0x0000000089e00000| Untracked 
|  91|0x0000000089f00000, 0x0000000089f00000, 0x000000008a000000|  0%| F|  |TAMS 0x0000000089f00000, 0x0000000089f00000| Untracked 
|  92|0x000000008a000000, 0x000000008a000000, 0x000000008a100000|  0%| F|  |TAMS 0x000000008a000000, 0x000000008a000000| Untracked 
|  93|0x000000008a100000, 0x000000008a100000, 0x000000008a200000|  0%| F|  |TAMS 0x000000008a100000, 0x000000008a100000| Untracked 
|  94|0x000000008a200000, 0x000000008a200000, 0x000000008a300000|  0%| F|  |TAMS 0x000000008a200000, 0x000000008a200000| Untracked 
|  95|0x000000008a300000, 0x000000008a300000, 0x000000008a400000|  0%| F|  |TAMS 0x000000008a300000, 0x000000008a300000| Untracked 
|  96|0x000000008a400000, 0x000000008a400000, 0x000000008a500000|  0%| F|  |TAMS 0x000000008a400000, 0x000000008a400000| Untracked 
|  97|0x000000008a500000, 0x000000008a500000, 0x000000008a600000|  0%| F|  |TAMS 0x000000008a500000, 0x000000008a500000| Untracked 
|  98|0x000000008a600000, 0x000000008a600000, 0x000000008a700000|  0%| F|  |TAMS 0x000000008a600000, 0x000000008a600000| Untracked 
|  99|0x000000008a700000, 0x000000008a700000, 0x000000008a800000|  0%| F|  |TAMS 0x000000008a700000, 0x000000008a700000| Untracked 
| 100|0x000000008a800000, 0x000000008a800000, 0x000000008a900000|  0%| F|  |TAMS 0x000000008a800000, 0x000000008a800000| Untracked 
| 101|0x000000008a900000, 0x000000008a900000, 0x000000008aa00000|  0%| F|  |TAMS 0x000000008a900000, 0x000000008a900000| Untracked 
| 102|0x000000008aa00000, 0x000000008aa00000, 0x000000008ab00000|  0%| F|  |TAMS 0x000000008aa00000, 0x000000008aa00000| Untracked 
| 103|0x000000008ab00000, 0x000000008ab00000, 0x000000008ac00000|  0%| F|  |TAMS 0x000000008ab00000, 0x000000008ab00000| Untracked 
| 104|0x000000008ac00000, 0x000000008ac00000, 0x000000008ad00000|  0%| F|  |TAMS 0x000000008ac00000, 0x000000008ac00000| Untracked 
| 105|0x000000008ad00000, 0x000000008ad00000, 0x000000008ae00000|  0%| F|  |TAMS 0x000000008ad00000, 0x000000008ad00000| Untracked 
| 106|0x000000008ae00000, 0x000000008ae00000, 0x000000008af00000|  0%| F|  |TAMS 0x000000008ae00000, 0x000000008ae00000| Untracked 
| 107|0x000000008af00000, 0x000000008af00000, 0x000000008b000000|  0%| F|  |TAMS 0x000000008af00000, 0x000000008af00000| Untracked 
| 108|0x000000008b000000, 0x000000008b000000, 0x000000008b100000|  0%| F|  |TAMS 0x000000008b000000, 0x000000008b000000| Untracked 
| 109|0x000000008b100000, 0x000000008b100000, 0x000000008b200000|  0%| F|  |TAMS 0x000000008b100000, 0x000000008b100000| Untracked 
| 110|0x000000008b200000, 0x000000008b200000, 0x000000008b300000|  0%| F|  |TAMS 0x000000008b200000, 0x000000008b200000| Untracked 
| 111|0x000000008b300000, 0x000000008b300000, 0x000000008b400000|  0%| F|  |TAMS 0x000000008b300000, 0x000000008b300000| Untracked 
| 112|0x000000008b400000, 0x000000008b400000, 0x000000008b500000|  0%| F|  |TAMS 0x000000008b400000, 0x000000008b400000| Untracked 
| 113|0x000000008b500000, 0x000000008b500000, 0x000000008b600000|  0%| F|  |TAMS 0x000000008b500000, 0x000000008b500000| Untracked 
| 114|0x000000008b600000, 0x000000008b600000, 0x000000008b700000|  0%| F|  |TAMS 0x000000008b600000, 0x000000008b600000| Untracked 
| 115|0x000000008b700000, 0x000000008b700000, 0x000000008b800000|  0%| F|  |TAMS 0x000000008b700000, 0x000000008b700000| Untracked 
| 116|0x000000008b800000, 0x000000008b800000, 0x000000008b900000|  0%| F|  |TAMS 0x000000008b800000, 0x000000008b800000| Untracked 
| 117|0x000000008b900000, 0x000000008b900000, 0x000000008ba00000|  0%| F|  |TAMS 0x000000008b900000, 0x000000008b900000| Untracked 
| 118|0x000000008ba00000, 0x000000008ba00000, 0x000000008bb00000|  0%| F|  |TAMS 0x000000008ba00000, 0x000000008ba00000| Untracked 
| 119|0x000000008bb00000, 0x000000008bb00000, 0x000000008bc00000|  0%| F|  |TAMS 0x000000008bb00000, 0x000000008bb00000| Untracked 
| 120|0x000000008bc00000, 0x000000008bc00000, 0x000000008bd00000|  0%| F|  |TAMS 0x000000008bc00000, 0x000000008bc00000| Untracked 
| 121|0x000000008bd00000, 0x000000008bd00000, 0x000000008be00000|  0%| F|  |TAMS 0x000000008bd00000, 0x000000008bd00000| Untracked 
| 122|0x000000008be00000, 0x000000008be00000, 0x000000008bf00000|  0%| F|  |TAMS 0x000000008be00000, 0x000000008be00000| Untracked 
| 123|0x000000008bf00000, 0x000000008bf00000, 0x000000008c000000|  0%| F|  |TAMS 0x000000008bf00000, 0x000000008bf00000| Untracked 
| 124|0x000000008c000000, 0x000000008c000000, 0x000000008c100000|  0%| F|  |TAMS 0x000000008c000000, 0x000000008c000000| Untracked 
| 125|0x000000008c100000, 0x000000008c126bd8, 0x000000008c200000| 15%| S|CS|TAMS 0x000000008c100000, 0x000000008c100000| Complete 
| 126|0x000000008c200000, 0x000000008c300000, 0x000000008c300000|100%| S|CS|TAMS 0x000000008c200000, 0x000000008c200000| Complete 
| 127|0x000000008c300000, 0x000000008c400000, 0x000000008c400000|100%| S|CS|TAMS 0x000000008c300000, 0x000000008c300000| Complete 
| 128|0x000000008c400000, 0x000000008c400000, 0x000000008c500000|  0%| F|  |TAMS 0x000000008c400000, 0x000000008c400000| Untracked 
| 188|0x0000000090000000, 0x000000009001abb8, 0x0000000090100000| 10%| E|  |TAMS 0x0000000090000000, 0x0000000090000000| Complete 
| 189|0x0000000090100000, 0x0000000090200000, 0x0000000090200000|100%| E|CS|TAMS 0x0000000090100000, 0x0000000090100000| Complete 
| 190|0x0000000090200000, 0x0000000090300000, 0x0000000090300000|100%| E|CS|TAMS 0x0000000090200000, 0x0000000090200000| Complete 
| 191|0x0000000090300000, 0x0000000090400000, 0x0000000090400000|100%| E|CS|TAMS 0x0000000090300000, 0x0000000090300000| Complete 
| 192|0x0000000090400000, 0x0000000090500000, 0x0000000090500000|100%| S|CS|TAMS 0x0000000090400000, 0x0000000090400000| Complete 
| 193|0x0000000090500000, 0x0000000090600000, 0x0000000090600000|100%| S|CS|TAMS 0x0000000090500000, 0x0000000090500000| Complete 
| 335|0x0000000099300000, 0x0000000099400000, 0x0000000099400000|100%| S|CS|TAMS 0x0000000099300000, 0x0000000099300000| Complete 
| 336|0x0000000099400000, 0x0000000099500000, 0x0000000099500000|100%| E|CS|TAMS 0x0000000099400000, 0x0000000099400000| Complete 

Card table byte_map: [0x0000025efae70000,0x0000025efb250000] _byte_map_base: 0x0000025efaa4e000

Marking Bits (Prev, Next): (CMBitMap*) 0x0000025ef8be33e8, (CMBitMap*) 0x0000025ef8be33a8
 Prev Bits: [0x0000025efd520000, 0x0000025eff410000)
 Next Bits: [0x0000025efb630000, 0x0000025efd520000)

Polling page: 0x0000025ef8a40000

Metaspace:

Usage:
  Non-class:     31.79 MB capacity,    30.94 MB ( 97%) used,   703.63 KB (  2%) free+waste,   168.50 KB ( <1%) overhead. 
      Class:      4.78 MB capacity,     4.22 MB ( 88%) used,   489.80 KB ( 10%) free+waste,    81.50 KB (  2%) overhead. 
       Both:     36.57 MB capacity,    35.16 MB ( 96%) used,     1.17 MB (  3%) free+waste,   250.00 KB ( <1%) overhead. 

Virtual space:
  Non-class space:       32.00 MB reserved,      32.00 MB (100%) committed 
      Class space:        1.00 GB reserved,       4.88 MB ( <1%) committed 
             Both:        1.03 GB reserved,      36.88 MB (  3%) committed 

Chunk freelists:
   Non-Class:  21.00 KB
       Class:  3.00 KB
        Both:  24.00 KB

MaxMetaspaceSize: 17179869184.00 GB
CompressedClassSpaceSize: 1.00 GB

CodeHeap 'non-profiled nmethods': size=120000Kb used=6002Kb max_used=6002Kb free=113998Kb
 bounds [0x0000025e901a0000, 0x0000025e90780000, 0x0000025e976d0000]
CodeHeap 'profiled nmethods': size=120000Kb used=20480Kb max_used=21355Kb free=99519Kb
 bounds [0x0000025e88c70000, 0x0000025e8a150000, 0x0000025e901a0000]
CodeHeap 'non-nmethods': size=5760Kb used=1582Kb max_used=1645Kb free=4177Kb
 bounds [0x0000025e886d0000, 0x0000025e88940000, 0x0000025e88c70000]
 total_blobs=15104 nmethods=8917 adapters=853
 compilation: enabled
              stopped_count=0, restarted_count=0
 full_count=0

Compilation events (20 events):
Event: 53.950 Thread 0x0000025effa62000 nmethod 10716 0x0000025e89b5ee90 code [0x0000025e89b5f040, 0x0000025e89b5f2f8]
Event: 53.951 Thread 0x0000025effa62000 10717       3       jdk.internal.net.http.MultiExchange$$Lambda$608/0x0000000800f13040::get (4 bytes)
Event: 53.951 Thread 0x0000025effa62000 nmethod 10717 0x0000025e89a5d190 code [0x0000025e89a5d320, 0x0000025e89a5d498]
Event: 53.951 Thread 0x0000025effa62000 10718       3       jdk.internal.net.http.ExchangeImpl$$Lambda$651/0x0000000800f3fc40::apply (8 bytes)
Event: 53.951 Thread 0x0000025effa62000 nmethod 10718 0x0000025e89b5e990 code [0x0000025e89b5eb40, 0x0000025e89b5edb8]
Event: 53.951 Thread 0x0000025effa62000 10719       3       jdk.internal.net.http.ExchangeImpl::lambda$get$1 (2 bytes)
Event: 53.951 Thread 0x0000025effa62000 nmethod 10719 0x0000025e8962b390 code [0x0000025e8962b520, 0x0000025e8962b5f8]
Event: 53.956 Thread 0x0000025effa62000 10720       3       jdk.internal.net.http.Http1Response$Receiver::accept (37 bytes)
Event: 53.956 Thread 0x0000025effa62000 nmethod 10720 0x0000025e89c2b390 code [0x0000025e89c2b560, 0x0000025e89c2ba28]
Event: 53.958 Thread 0x0000025effa55000 nmethod 10709 0x0000025e9077aa90 code [0x0000025e9077ad80, 0x0000025e9077b810]
Event: 53.958 Thread 0x0000025effa55000 10710       4       java.security.AccessController::doPrivileged (17 bytes)
Event: 53.960 Thread 0x0000025effa55000 nmethod 10710 0x0000025e9077c010 code [0x0000025e9077c1c0, 0x0000025e9077c2b8]
Event: 53.960 Thread 0x0000025effa62000 10721       3       java.net.InetSocketAddress$InetSocketAddressHolder::isUnresolved (13 bytes)
Event: 53.960 Thread 0x0000025effa55000 10722       4       java.lang.Long::stringSize (55 bytes)
Event: 53.961 Thread 0x0000025effa62000 nmethod 10721 0x0000025e89837090 code [0x0000025e89837220, 0x0000025e89837398]
Event: 53.961 Thread 0x0000025effa62000 10723       3       java.util.concurrent.CompletableFuture$UniExceptionally::tryFire (82 bytes)
Event: 53.961 Thread 0x0000025effa62000 nmethod 10723 0x0000025e89b5e210 code [0x0000025e89b5e3e0, 0x0000025e89b5e7d8]
Event: 53.962 Thread 0x0000025effa62000 10724       3       sun.security.ec.XDHKeyPairGenerator::initialize (17 bytes)
Event: 53.962 Thread 0x0000025effa62000 nmethod 10724 0x0000025e89c2ad90 code [0x0000025e89c2af60, 0x0000025e89c2b238]
Event: 53.963 Thread 0x0000025effa55000 nmethod 10722 0x0000025e9077c410 code [0x0000025e9077c5a0, 0x0000025e9077c778]

GC Heap History (20 events):
Event: 45.903 GC heap before
{Heap before GC invocations=41 (full 0):
 garbage-first heap   total 222208K, used 122513K [0x0000000084400000, 0x0000000100000000)
  region size 1024K, 35 young (35840K), 9 survivors (9216K)
 Metaspace       used 35263K, capacity 36757K, committed 36992K, reserved 1081344K
  class space    used 4304K, capacity 4886K, committed 4992K, reserved 1048576K
}
Event: 45.910 GC heap after
{Heap after GC invocations=42 (full 0):
 garbage-first heap   total 222208K, used 65994K [0x0000000084400000, 0x0000000100000000)
  region size 1024K, 12 young (12288K), 12 survivors (12288K)
 Metaspace       used 35263K, capacity 36757K, committed 36992K, reserved 1081344K
  class space    used 4304K, capacity 4886K, committed 4992K, reserved 1048576K
}
Event: 46.454 GC heap before
{Heap before GC invocations=43 (full 0):
 garbage-first heap   total 222208K, used 144842K [0x0000000084400000, 0x0000000100000000)
  region size 1024K, 57 young (58368K), 12 survivors (12288K)
 Metaspace       used 35411K, capacity 36828K, committed 36992K, reserved 1081344K
  class space    used 4309K, capacity 4887K, committed 4992K, reserved 1048576K
}
Event: 46.461 GC heap after
{Heap after GC invocations=44 (full 0):
 garbage-first heap   total 222208K, used 42420K [0x0000000084400000, 0x0000000100000000)
  region size 1024K, 6 young (6144K), 6 survivors (6144K)
 Metaspace       used 35411K, capacity 36828K, committed 36992K, reserved 1081344K
  class space    used 4309K, capacity 4887K, committed 4992K, reserved 1048576K
}
Event: 48.170 GC heap before
{Heap before GC invocations=45 (full 0):
 garbage-first heap   total 222208K, used 153012K [0x0000000084400000, 0x0000000100000000)
  region size 1024K, 63 young (64512K), 6 survivors (6144K)
 Metaspace       used 35583K, capacity 37047K, committed 37248K, reserved 1081344K
  class space    used 4311K, capacity 4890K, committed 4992K, reserved 1048576K
}
Event: 48.175 GC heap after
{Heap after GC invocations=46 (full 0):
 garbage-first heap   total 222208K, used 41704K [0x0000000084400000, 0x0000000100000000)
  region size 1024K, 6 young (6144K), 6 survivors (6144K)
 Metaspace       used 35583K, capacity 37047K, committed 37248K, reserved 1081344K
  class space    used 4311K, capacity 4890K, committed 4992K, reserved 1048576K
}
Event: 48.811 GC heap before
{Heap before GC invocations=47 (full 0):
 garbage-first heap   total 222208K, used 127720K [0x0000000084400000, 0x0000000100000000)
  region size 1024K, 29 young (29696K), 6 survivors (6144K)
 Metaspace       used 35617K, capacity 37111K, committed 37248K, reserved 1081344K
  class space    used 4311K, capacity 4890K, committed 4992K, reserved 1048576K
}
Event: 48.816 GC heap after
{Heap after GC invocations=48 (full 0):
 garbage-first heap   total 222208K, used 37300K [0x0000000084400000, 0x0000000100000000)
  region size 1024K, 6 young (6144K), 6 survivors (6144K)
 Metaspace       used 35617K, capacity 37111K, committed 37248K, reserved 1081344K
  class space    used 4311K, capacity 4890K, committed 4992K, reserved 1048576K
}
Event: 48.973 GC heap before
{Heap before GC invocations=49 (full 0):
 garbage-first heap   total 140288K, used 62900K [0x0000000084400000, 0x0000000100000000)
  region size 1024K, 13 young (13312K), 6 survivors (6144K)
 Metaspace       used 35630K, capacity 37111K, committed 37248K, reserved 1081344K
  class space    used 4311K, capacity 4890K, committed 4992K, reserved 1048576K
}
Event: 48.978 GC heap after
{Heap after GC invocations=50 (full 0):
 garbage-first heap   total 140288K, used 39348K [0x0000000084400000, 0x0000000100000000)
  region size 1024K, 7 young (7168K), 7 survivors (7168K)
 Metaspace       used 35630K, capacity 37111K, committed 37248K, reserved 1081344K
  class space    used 4311K, capacity 4890K, committed 4992K, reserved 1048576K
}
Event: 49.236 GC heap before
{Heap before GC invocations=51 (full 0):
 garbage-first heap   total 140288K, used 71092K [0x0000000084400000, 0x0000000100000000)
  region size 1024K, 20 young (20480K), 7 survivors (7168K)
 Metaspace       used 35662K, capacity 37176K, committed 37504K, reserved 1081344K
  class space    used 4311K, capacity 4890K, committed 4992K, reserved 1048576K
}
Event: 49.242 GC heap after
{Heap after GC invocations=52 (full 0):
 garbage-first heap   total 140288K, used 37983K [0x0000000084400000, 0x0000000100000000)
  region size 1024K, 4 young (4096K), 4 survivors (4096K)
 Metaspace       used 35662K, capacity 37176K, committed 37504K, reserved 1081344K
  class space    used 4311K, capacity 4890K, committed 4992K, reserved 1048576K
}
Event: 49.429 GC heap before
{Heap before GC invocations=53 (full 0):
 garbage-first heap   total 140288K, used 62559K [0x0000000084400000, 0x0000000100000000)
  region size 1024K, 11 young (11264K), 4 survivors (4096K)
 Metaspace       used 35676K, capacity 37176K, committed 37504K, reserved 1081344K
  class space    used 4311K, capacity 4890K, committed 4992K, reserved 1048576K
}
Event: 49.433 GC heap after
{Heap after GC invocations=54 (full 0):
 garbage-first heap   total 140288K, used 38822K [0x0000000084400000, 0x0000000100000000)
  region size 1024K, 5 young (5120K), 5 survivors (5120K)
 Metaspace       used 35676K, capacity 37176K, committed 37504K, reserved 1081344K
  class space    used 4311K, capacity 4890K, committed 4992K, reserved 1048576K
}
Event: 53.228 GC heap before
{Heap before GC invocations=55 (full 0):
 garbage-first heap   total 140288K, used 97190K [0x0000000084400000, 0x0000000100000000)
  region size 1024K, 39 young (39936K), 5 survivors (5120K)
 Metaspace       used 35961K, capacity 37445K, committed 37760K, reserved 1081344K
  class space    used 4321K, capacity 4893K, committed 4992K, reserved 1048576K
}
Event: 53.235 GC heap after
{Heap after GC invocations=56 (full 0):
 garbage-first heap   total 140288K, used 41894K [0x0000000084400000, 0x0000000100000000)
  region size 1024K, 7 young (7168K), 7 survivors (7168K)
 Metaspace       used 35961K, capacity 37445K, committed 37760K, reserved 1081344K
  class space    used 4321K, capacity 4893K, committed 4992K, reserved 1048576K
}
Event: 53.806 GC heap before
{Heap before GC invocations=57 (full 0):
 garbage-first heap   total 140288K, used 62374K [0x0000000084400000, 0x0000000100000000)
  region size 1024K, 11 young (11264K), 7 survivors (7168K)
 Metaspace       used 35975K, capacity 37446K, committed 37760K, reserved 1081344K
  class space    used 4321K, capacity 4893K, committed 4992K, reserved 1048576K
}
Event: 53.810 GC heap after
{Heap after GC invocations=58 (full 0):
 garbage-first heap   total 140288K, used 41544K [0x0000000084400000, 0x0000000100000000)
  region size 1024K, 5 young (5120K), 5 survivors (5120K)
 Metaspace       used 35975K, capacity 37446K, committed 37760K, reserved 1081344K
  class space    used 4321K, capacity 4893K, committed 4992K, reserved 1048576K
}
Event: 53.922 GC heap before
{Heap before GC invocations=59 (full 0):
 garbage-first heap   total 140288K, used 58952K [0x0000000084400000, 0x0000000100000000)
  region size 1024K, 6 young (6144K), 5 survivors (5120K)
 Metaspace       used 35975K, capacity 37446K, committed 37760K, reserved 1081344K
  class space    used 4321K, capacity 4893K, committed 4992K, reserved 1048576K
}
Event: 53.924 GC heap after
{Heap after GC invocations=60 (full 0):
 garbage-first heap   total 140288K, used 41785K [0x0000000084400000, 0x0000000100000000)
  region size 1024K, 6 young (6144K), 6 survivors (6144K)
 Metaspace       used 35975K, capacity 37446K, committed 37760K, reserved 1081344K
  class space    used 4321K, capacity 4893K, committed 4992K, reserved 1048576K
}

Deoptimization events (20 events):
Event: 52.305 Thread 0x0000025e9a566800 DEOPT PACKING pc=0x0000025e891ce9e6 sp=0x000000979b6fdb30
Event: 52.305 Thread 0x0000025e9a566800 DEOPT UNPACKING pc=0x0000025e8871964e sp=0x000000979b6fd388 mode 0
Event: 52.333 Thread 0x0000025e9a566800 DEOPT PACKING pc=0x0000025e89907c1d sp=0x000000979b6fddf0
Event: 52.333 Thread 0x0000025e9a566800 DEOPT UNPACKING pc=0x0000025e8871964e sp=0x000000979b6fd388 mode 0
Event: 52.338 Thread 0x0000025e9a566800 DEOPT PACKING pc=0x0000025e89907c1d sp=0x000000979b6fddf0
Event: 52.338 Thread 0x0000025e9a566800 DEOPT UNPACKING pc=0x0000025e8871964e sp=0x000000979b6fd388 mode 0
Event: 52.344 Thread 0x0000025e9a566800 DEOPT PACKING pc=0x0000025e89907c1d sp=0x000000979b6fddf0
Event: 52.344 Thread 0x0000025e9a566800 DEOPT UNPACKING pc=0x0000025e8871964e sp=0x000000979b6fd388 mode 0
Event: 52.351 Thread 0x0000025e9a566800 DEOPT PACKING pc=0x0000025e89907c1d sp=0x000000979b6fddf0
Event: 52.351 Thread 0x0000025e9a566800 DEOPT UNPACKING pc=0x0000025e8871964e sp=0x000000979b6fd388 mode 0
Event: 52.360 Thread 0x0000025e9a566800 DEOPT PACKING pc=0x0000025e89907c1d sp=0x000000979b6fddf0
Event: 52.360 Thread 0x0000025e9a566800 DEOPT UNPACKING pc=0x0000025e8871964e sp=0x000000979b6fd388 mode 0
Event: 52.844 Thread 0x0000025e9a5be800 Uncommon trap: trap_request=0xffffff45 fr.pc=0x0000025e9028d3bc relative=0x000000000000007c
Event: 52.844 Thread 0x0000025e9a5be800 Uncommon trap: reason=unstable_if action=reinterpret pc=0x0000025e9028d3bc method=java.lang.StringConcatHelper.mix(JLjava/lang/String;)J @ 13 c2
Event: 52.844 Thread 0x0000025e9a5be800 DEOPT PACKING pc=0x0000025e9028d3bc sp=0x000000979b9fcdc0
Event: 52.844 Thread 0x0000025e9a5be800 DEOPT UNPACKING pc=0x0000025e8871912f sp=0x000000979b9fcd40 mode 2
Event: 53.213 Thread 0x0000025e9a566800 DEOPT PACKING pc=0x0000025e89d5b143 sp=0x000000979b6fbe70
Event: 53.213 Thread 0x0000025e9a566800 DEOPT UNPACKING pc=0x0000025e8871964e sp=0x000000979b6fb310 mode 0
Event: 53.282 Thread 0x0000025e9a566800 DEOPT PACKING pc=0x0000025e89bc801b sp=0x000000979b6fc160
Event: 53.282 Thread 0x0000025e9a566800 DEOPT UNPACKING pc=0x0000025e8871964e sp=0x000000979b6fbb58 mode 0

Classes unloaded (20 events):
Event: 26.537 Thread 0x0000025effa2e000 Unloading class 0x0000000800f38440 'jdk/internal/net/http/SocketTube$InternalReadPublisher$InternalReadSubscription$$Lambda$633'
Event: 26.537 Thread 0x0000025effa2e000 Unloading class 0x0000000800f2dc40 'jdk/internal/net/http/SocketTube$InternalReadPublisher$InternalReadSubscription$$Lambda$631'
Event: 26.537 Thread 0x0000025effa2e000 Unloading class 0x0000000800f2e040 'jdk/internal/net/http/SocketTube$InternalReadPublisher$InternalReadSubscription$$Lambda$630'
Event: 26.537 Thread 0x0000025effa2e000 Unloading class 0x0000000800f2ec40 'jdk/internal/net/http/SocketTube$$Lambda$628'
Event: 26.537 Thread 0x0000025effa2e000 Unloading class 0x0000000800f2f440 'jdk/internal/net/http/PlainHttpConnection$$Lambda$625'
Event: 26.537 Thread 0x0000025effa2e000 Unloading class 0x0000000800f2fc40 'jdk/internal/net/http/HttpConnection$PlainHttpPublisher$$Lambda$624'
Event: 26.537 Thread 0x0000025effa2e000 Unloading class 0x0000000800f2d440 'jdk/internal/net/http/HttpConnection$$Lambda$621'
Event: 26.537 Thread 0x0000025effa2e000 Unloading class 0x0000000800f2b840 'java/lang/invoke/LambdaForm$MH'
Event: 26.537 Thread 0x0000025effa2e000 Unloading class 0x0000000800f29040 'java/lang/invoke/LambdaForm$MH'
Event: 26.537 Thread 0x0000025effa2e000 Unloading class 0x0000000800f28840 'java/lang/invoke/LambdaForm$MH'
Event: 26.648 Thread 0x0000025effa2e000 Unloading class 0x0000000800f52c40 'jdk/internal/net/http/SocketTube$InternalWriteSubscriber$$Lambda$704'
Event: 31.429 Thread 0x0000025effa2e000 Unloading class 0x0000000800f7bc40 'com/sun/webkit/network/HTTP2Loader$$Lambda$766'
Event: 31.429 Thread 0x0000025effa2e000 Unloading class 0x0000000800f7b440 'com/sun/webkit/network/HTTP2Loader$$Lambda$764'
Event: 31.429 Thread 0x0000025effa2e000 Unloading class 0x0000000800f7ac40 'com/sun/webkit/network/HTTP2Loader$2$$Lambda$762'
Event: 31.429 Thread 0x0000025effa2e000 Unloading class 0x0000000800f7a840 'com/sun/webkit/network/HTTP2Loader$2$$Lambda$761'
Event: 31.429 Thread 0x0000025effa2e000 Unloading class 0x0000000800f7a440 'com/sun/webkit/network/HTTP2Loader$2$$Lambda$760'
Event: 31.429 Thread 0x0000025effa2e000 Unloading class 0x0000000800f7a040 'com/sun/webkit/network/HTTP2Loader$2$$Lambda$759'
Event: 31.429 Thread 0x0000025effa2e000 Unloading class 0x0000000800f78440 'jdk/internal/net/http/ResponseSubscribers$$Lambda$752'
Event: 31.429 Thread 0x0000025effa2e000 Unloading class 0x0000000800f65c40 'jdk/internal/net/http/ResponseSubscribers$$Lambda$751'
Event: 31.430 Thread 0x0000025effa2e000 Unloading class 0x0000000800f66840 'jdk/internal/net/http/Stream$$Lambda$745'

Classes redefined (0 events):
No events

Internal exceptions (20 events):
Event: 44.468 Thread 0x0000025e9a5be800 Exception <a 'java/io/FileNotFoundException'{0x000000008f9907b8}> (0x000000008f9907b8) 
thrown [./open/src/hotspot/share/prims/jni.cpp, line 599]
Event: 44.468 Thread 0x0000025e9a5be800 Exception <a 'java/io/FileNotFoundException'{0x000000008f9915c0}> (0x000000008f9915c0) 
thrown [./open/src/hotspot/share/prims/jni.cpp, line 599]
Event: 44.468 Thread 0x0000025e9a5be800 Exception <a 'java/io/FileNotFoundException'{0x000000008f9928b8}> (0x000000008f9928b8) 
thrown [./open/src/hotspot/share/prims/jni.cpp, line 599]
Event: 44.468 Thread 0x0000025e9a5be800 Exception <a 'java/io/FileNotFoundException'{0x000000008f9937c8}> (0x000000008f9937c8) 
thrown [./open/src/hotspot/share/prims/jni.cpp, line 599]
Event: 44.469 Thread 0x0000025e9a5be800 Exception <a 'java/io/FileNotFoundException'{0x000000008f994698}> (0x000000008f994698) 
thrown [./open/src/hotspot/share/prims/jni.cpp, line 599]
Event: 44.566 Thread 0x0000025e9a566800 Implicit null exception at 0x0000025e904a50ec to 0x0000025e904a51bc
Event: 44.642 Thread 0x0000025ea244c000 Implicit null exception at 0x0000025e905baee4 to 0x0000025e905bcf50
Event: 45.046 Thread 0x0000025ea1f61800 Exception <a 'java/net/UnknownHostException'{0x00000000990181e8}> (0x00000000990181e8) 
thrown [./open/src/hotspot/share/prims/jni.cpp, line 599]
Event: 45.162 Thread 0x0000025ea244a800 Exception <a 'java/lang/NoSuchMethodError'{0x00000000903439b8}: 'java.lang.Object java.lang.invoke.DirectMethodHandle$Holder.invokeStatic(java.lang.Object, java.lang.Object, long, long)'> (0x00000000903439b8) 
thrown [./open/src/hotspot/share/interpreter/linkResolver.cpp, line 766]
Event: 45.163 Thread 0x0000025ea244a800 Exception <a 'java/lang/NoSuchMethodError'{0x0000000090347070}: 'java.lang.Object java.lang.invoke.DirectMethodHandle$Holder.invokeSpecial(java.lang.Object, java.lang.Object, java.lang.Object, long, long)'> (0x0000000090347070) 
thrown [./open/src/hotspot/share/interpreter/linkResolver.cpp, line 766]
Event: 45.164 Thread 0x0000025ea244a800 Exception <a 'java/lang/NoSuchMethodError'{0x000000009034a328}: 'java.lang.Object java.lang.invoke.Invokers$Holder.linkToTargetMethod(java.lang.Object, long, long, java.lang.Object)'> (0x000000009034a328) 
thrown [./open/src/hotspot/share/interpreter/linkResolver.cpp, line 766]
Event: 46.232 Thread 0x0000025e9a5be800 Exception <a 'java/lang/ClassNotFoundException'{0x0000000090ba0d60}: sun/net/www/protocol/about/Handler> (0x0000000090ba0d60) 
thrown [./open/src/hotspot/share/classfile/systemDictionary.cpp, line 226]
Event: 46.236 Thread 0x0000025e9a5be800 Exception <a 'java/lang/ClassNotFoundException'{0x0000000090ba5488}: sun/net/www/protocol/about/Handler> (0x0000000090ba5488) 
thrown [./open/src/hotspot/share/classfile/systemDictionary.cpp, line 226]
Event: 47.794 Thread 0x0000025e9a5be800 Exception <a 'java/lang/ClassNotFoundException'{0x000000008f257710}: sun/net/www/protocol/about/Handler> (0x000000008f257710) 
thrown [./open/src/hotspot/share/classfile/systemDictionary.cpp, line 226]
Event: 48.967 Thread 0x0000025e9a5be800 Exception <a 'java/lang/ClassNotFoundException'{0x000000008c1b0ca8}: sun/net/www/protocol/about/Handler> (0x000000008c1b0ca8) 
thrown [./open/src/hotspot/share/classfile/systemDictionary.cpp, line 226]
Event: 49.801 Thread 0x0000025e9a5be800 Exception <a 'java/lang/ClassNotFoundException'{0x000000008c080690}: sun/net/www/protocol/about/Handler> (0x000000008c080690) 
thrown [./open/src/hotspot/share/classfile/systemDictionary.cpp, line 226]
Event: 49.974 Thread 0x0000025e9a566800 Implicit null exception at 0x0000025e903bcf6a to 0x0000025e903bd0e0
Event: 49.984 Thread 0x0000025e9a566800 Implicit null exception at 0x0000025e90420b80 to 0x0000025e90423f70
Event: 49.984 Thread 0x0000025e9a566800 Implicit null exception at 0x0000025e904914b5 to 0x0000025e904915cc
Event: 50.283 Thread 0x0000025e9a566800 Implicit null exception at 0x0000025e90315500 to 0x0000025e90315594

Events (20 events):
Event: 53.798 Executing VM operation: HandshakeOneThread
Event: 53.798 Executing VM operation: HandshakeOneThread done
Event: 53.799 Executing VM operation: HandshakeOneThread
Event: 53.799 Executing VM operation: HandshakeOneThread done
Event: 53.801 Executing VM operation: HandshakeOneThread
Event: 53.801 Executing VM operation: HandshakeOneThread done
Event: 53.806 Executing VM operation: G1TryInitiateConcMark
Event: 53.810 Executing VM operation: G1TryInitiateConcMark done
Event: 53.821 Thread 0x0000025eeb781000 Thread added: 0x0000025eeb781000
Event: 53.821 Thread 0x0000025eeb781000 Thread exited: 0x0000025eeb781000
Event: 53.855 Executing VM operation: G1Concurrent
Event: 53.860 Executing VM operation: G1Concurrent done
Event: 53.895 Executing VM operation: G1Concurrent
Event: 53.895 Executing VM operation: G1Concurrent done
Event: 53.922 Executing VM operation: G1TryInitiateConcMark
Event: 53.925 Executing VM operation: G1TryInitiateConcMark done
Event: 53.955 Executing VM operation: HandshakeOneThread
Event: 53.955 Executing VM operation: HandshakeOneThread done
Event: 53.962 Executing VM operation: HandshakeOneThread
Event: 53.962 Executing VM operation: HandshakeOneThread done


Dynamic libraries:
0x00007ff638960000 - 0x00007ff63896f000 	C:\Program Files\Java\jdk-14.0.1\bin\java.exe
0x00007ffe4bdd0000 - 0x00007ffe4bfc5000 	C:\WINDOWS\SYSTEM32\ntdll.dll
0x00007ffe4aea0000 - 0x00007ffe4af5d000 	C:\WINDOWS\System32\KERNEL32.DLL
0x00007ffe499c0000 - 0x00007ffe49c89000 	C:\WINDOWS\System32\KERNELBASE.dll
0x00007ffe49c90000 - 0x00007ffe49d90000 	C:\WINDOWS\System32\ucrtbase.dll
0x00007ffe44b50000 - 0x00007ffe44b68000 	C:\Program Files\Java\jdk-14.0.1\bin\jli.dll
0x00007ffe4b500000 - 0x00007ffe4b5ac000 	C:\WINDOWS\System32\ADVAPI32.dll
0x00007ffe49fa0000 - 0x00007ffe4a03e000 	C:\WINDOWS\System32\msvcrt.dll
0x00007ffe4ae00000 - 0x00007ffe4ae9b000 	C:\WINDOWS\System32\sechost.dll
0x00007ffe4bc00000 - 0x00007ffe4bd2a000 	C:\WINDOWS\System32\RPCRT4.dll
0x00007ffe4afc0000 - 0x00007ffe4b160000 	C:\WINDOWS\System32\USER32.dll
0x00007ffe49990000 - 0x00007ffe499b2000 	C:\WINDOWS\System32\win32u.dll
0x00007ffe4a170000 - 0x00007ffe4a19a000 	C:\WINDOWS\System32\GDI32.dll
0x00007ffe49510000 - 0x00007ffe4961b000 	C:\WINDOWS\System32\gdi32full.dll
0x00007ffe49620000 - 0x00007ffe496bd000 	C:\WINDOWS\System32\msvcp_win.dll
0x00007ffe44b30000 - 0x00007ffe44b45000 	C:\Program Files\Java\jdk-14.0.1\bin\VCRUNTIME140.dll
0x00007ffe374e0000 - 0x00007ffe3777a000 	C:\WINDOWS\WinSxS\amd64_microsoft.windows.common-controls_6595b64144ccf1df_6.0.19041.1083_none_60bbe31371f34e71\COMCTL32.dll
0x00007ffe3a860000 - 0x00007ffe3a86a000 	C:\WINDOWS\SYSTEM32\VERSION.dll
0x00007ffe4b160000 - 0x00007ffe4b190000 	C:\WINDOWS\System32\IMM32.DLL
0x00007ffe44a90000 - 0x00007ffe44b2b000 	C:\Program Files\Java\jdk-14.0.1\bin\msvcp140.dll
0x00007ffe14270000 - 0x00007ffe14d8e000 	C:\Program Files\Java\jdk-14.0.1\bin\server\jvm.dll
0x00007ffe4a1a0000 - 0x00007ffe4a1a8000 	C:\WINDOWS\System32\PSAPI.DLL
0x00007ffe34650000 - 0x00007ffe34659000 	C:\WINDOWS\SYSTEM32\WSOCK32.dll
0x00007ffe4acc0000 - 0x00007ffe4ad2b000 	C:\WINDOWS\System32\WS2_32.dll
0x00007ffe301a0000 - 0x00007ffe301c7000 	C:\WINDOWS\SYSTEM32\WINMM.dll
0x00007ffe47dd0000 - 0x00007ffe47de2000 	C:\WINDOWS\SYSTEM32\kernel.appcore.dll
0x00007ffe44a80000 - 0x00007ffe44a8a000 	C:\Program Files\Java\jdk-14.0.1\bin\jimage.dll
0x00007ffe47aa0000 - 0x00007ffe47c84000 	C:\WINDOWS\SYSTEM32\DBGHELP.DLL
0x00007ffe2bb70000 - 0x00007ffe2bb9c000 	C:\WINDOWS\SYSTEM32\dbgcore.DLL
0x00007ffe496c0000 - 0x00007ffe49743000 	C:\WINDOWS\System32\bcryptPrimitives.dll
0x00007ffe44a30000 - 0x00007ffe44a3e000 	C:\Program Files\Java\jdk-14.0.1\bin\instrument.dll
0x00007ffe3ab60000 - 0x00007ffe3ab85000 	C:\Program Files\Java\jdk-14.0.1\bin\java.dll
0x00007ffe405e0000 - 0x00007ffe405f6000 	C:\Program Files\Java\jdk-14.0.1\bin\zip.dll
0x00007ffe4a1c0000 - 0x00007ffe4a8ff000 	C:\WINDOWS\System32\SHELL32.dll
0x00007ffe47230000 - 0x00007ffe479c1000 	C:\WINDOWS\SYSTEM32\windows.storage.dll
0x00007ffe4a960000 - 0x00007ffe4acb5000 	C:\WINDOWS\System32\combase.dll
0x00007ffe48f10000 - 0x00007ffe48f3c000 	C:\WINDOWS\SYSTEM32\Wldp.dll
0x00007ffe4b660000 - 0x00007ffe4b70e000 	C:\WINDOWS\System32\SHCORE.dll
0x00007ffe49e60000 - 0x00007ffe49eb5000 	C:\WINDOWS\System32\shlwapi.dll
0x00007ffe49450000 - 0x00007ffe4946f000 	C:\WINDOWS\SYSTEM32\profapi.dll
0x00007ffe3aaf0000 - 0x00007ffe3ab09000 	C:\Program Files\Java\jdk-14.0.1\bin\net.dll
0x00007ffe433f0000 - 0x00007ffe434fa000 	C:\WINDOWS\SYSTEM32\WINHTTP.dll
0x00007ffe48c70000 - 0x00007ffe48cda000 	C:\WINDOWS\system32\mswsock.dll
0x00007ffe3aa20000 - 0x00007ffe3aa32000 	C:\Program Files\Java\jdk-14.0.1\bin\nio.dll
0x00007ffe42390000 - 0x00007ffe423a0000 	C:\Program Files\Java\jdk-14.0.1\bin\verify.dll
0x00007ffe31490000 - 0x00007ffe314aa000 	C:\Program Files\JetBrains\IntelliJ IDEA 2019.3.3\bin\breakgen64.dll
0x0000025e9b6a0000 - 0x0000025e9b6a3000 	C:\Users\cduym\Downloads\openjfx-16_windows-x64_bin-sdk\javafx-sdk-16\bin\api-ms-win-core-console-l1-1-0.dll
0x0000025e9b6b0000 - 0x0000025e9b6b3000 	C:\Users\cduym\Downloads\openjfx-16_windows-x64_bin-sdk\javafx-sdk-16\bin\api-ms-win-core-console-l1-2-0.dll
0x0000025e9b6c0000 - 0x0000025e9b6c3000 	C:\Users\cduym\Downloads\openjfx-16_windows-x64_bin-sdk\javafx-sdk-16\bin\api-ms-win-core-datetime-l1-1-0.dll
0x0000025e9b900000 - 0x0000025e9b903000 	C:\Users\cduym\Downloads\openjfx-16_windows-x64_bin-sdk\javafx-sdk-16\bin\api-ms-win-core-debug-l1-1-0.dll
0x0000025e9b910000 - 0x0000025e9b913000 	C:\Users\cduym\Downloads\openjfx-16_windows-x64_bin-sdk\javafx-sdk-16\bin\api-ms-win-core-errorhandling-l1-1-0.dll
0x0000025e9b920000 - 0x0000025e9b924000 	C:\Users\cduym\Downloads\openjfx-16_windows-x64_bin-sdk\javafx-sdk-16\bin\api-ms-win-core-file-l1-1-0.dll
0x0000025e9b930000 - 0x0000025e9b933000 	C:\Users\cduym\Downloads\openjfx-16_windows-x64_bin-sdk\javafx-sdk-16\bin\api-ms-win-core-file-l1-2-0.dll
0x0000025e9b940000 - 0x0000025e9b943000 	C:\Users\cduym\Downloads\openjfx-16_windows-x64_bin-sdk\javafx-sdk-16\bin\api-ms-win-core-file-l2-1-0.dll
0x0000025e9b7f0000 - 0x0000025e9b7f3000 	C:\Users\cduym\Downloads\openjfx-16_windows-x64_bin-sdk\javafx-sdk-16\bin\api-ms-win-core-handle-l1-1-0.dll
0x0000025e9b800000 - 0x0000025e9b803000 	C:\Users\cduym\Downloads\openjfx-16_windows-x64_bin-sdk\javafx-sdk-16\bin\api-ms-win-core-heap-l1-1-0.dll
0x0000025e9b810000 - 0x0000025e9b813000 	C:\Users\cduym\Downloads\openjfx-16_windows-x64_bin-sdk\javafx-sdk-16\bin\api-ms-win-core-interlocked-l1-1-0.dll
0x0000025e9b820000 - 0x0000025e9b823000 	C:\Users\cduym\Downloads\openjfx-16_windows-x64_bin-sdk\javafx-sdk-16\bin\api-ms-win-core-libraryloader-l1-1-0.dll
0x0000025e9b830000 - 0x0000025e9b833000 	C:\Users\cduym\Downloads\openjfx-16_windows-x64_bin-sdk\javafx-sdk-16\bin\api-ms-win-core-localization-l1-2-0.dll
0x0000025e9b840000 - 0x0000025e9b843000 	C:\Users\cduym\Downloads\openjfx-16_windows-x64_bin-sdk\javafx-sdk-16\bin\api-ms-win-core-memory-l1-1-0.dll
0x0000025e9b850000 - 0x0000025e9b853000 	C:\Users\cduym\Downloads\openjfx-16_windows-x64_bin-sdk\javafx-sdk-16\bin\api-ms-win-core-namedpipe-l1-1-0.dll
0x0000025e9b860000 - 0x0000025e9b863000 	C:\Users\cduym\Downloads\openjfx-16_windows-x64_bin-sdk\javafx-sdk-16\bin\api-ms-win-core-processenvironment-l1-1-0.dll
0x0000025e9b870000 - 0x0000025e9b873000 	C:\Users\cduym\Downloads\openjfx-16_windows-x64_bin-sdk\javafx-sdk-16\bin\api-ms-win-core-processthreads-l1-1-0.dll
0x0000025e9b880000 - 0x0000025e9b883000 	C:\Users\cduym\Downloads\openjfx-16_windows-x64_bin-sdk\javafx-sdk-16\bin\api-ms-win-core-processthreads-l1-1-1.dll
0x0000025e9b6d0000 - 0x0000025e9b6d3000 	C:\Users\cduym\Downloads\openjfx-16_windows-x64_bin-sdk\javafx-sdk-16\bin\api-ms-win-core-profile-l1-1-0.dll
0x0000025e9b6e0000 - 0x0000025e9b6e3000 	C:\Users\cduym\Downloads\openjfx-16_windows-x64_bin-sdk\javafx-sdk-16\bin\api-ms-win-core-rtlsupport-l1-1-0.dll
0x0000025e9b710000 - 0x0000025e9b713000 	C:\Users\cduym\Downloads\openjfx-16_windows-x64_bin-sdk\javafx-sdk-16\bin\api-ms-win-core-string-l1-1-0.dll
0x0000025e9b720000 - 0x0000025e9b723000 	C:\Users\cduym\Downloads\openjfx-16_windows-x64_bin-sdk\javafx-sdk-16\bin\api-ms-win-core-synch-l1-1-0.dll
0x0000025e9b730000 - 0x0000025e9b733000 	C:\Users\cduym\Downloads\openjfx-16_windows-x64_bin-sdk\javafx-sdk-16\bin\api-ms-win-core-synch-l1-2-0.dll
0x0000025e9b740000 - 0x0000025e9b743000 	C:\Users\cduym\Downloads\openjfx-16_windows-x64_bin-sdk\javafx-sdk-16\bin\api-ms-win-core-sysinfo-l1-1-0.dll
0x0000025e9b750000 - 0x0000025e9b753000 	C:\Users\cduym\Downloads\openjfx-16_windows-x64_bin-sdk\javafx-sdk-16\bin\api-ms-win-core-timezone-l1-1-0.dll
0x0000025e9b760000 - 0x0000025e9b763000 	C:\Users\cduym\Downloads\openjfx-16_windows-x64_bin-sdk\javafx-sdk-16\bin\api-ms-win-core-util-l1-1-0.dll
0x0000025e9b770000 - 0x0000025e9b773000 	C:\Users\cduym\Downloads\openjfx-16_windows-x64_bin-sdk\javafx-sdk-16\bin\api-ms-win-crt-conio-l1-1-0.dll
0x0000025e9b780000 - 0x0000025e9b784000 	C:\Users\cduym\Downloads\openjfx-16_windows-x64_bin-sdk\javafx-sdk-16\bin\api-ms-win-crt-convert-l1-1-0.dll
0x0000025e9b790000 - 0x0000025e9b793000 	C:\Users\cduym\Downloads\openjfx-16_windows-x64_bin-sdk\javafx-sdk-16\bin\api-ms-win-crt-environment-l1-1-0.dll
0x0000025e9b6f0000 - 0x0000025e9b6f3000 	C:\Users\cduym\Downloads\openjfx-16_windows-x64_bin-sdk\javafx-sdk-16\bin\api-ms-win-crt-filesystem-l1-1-0.dll
0x0000025e9b700000 - 0x0000025e9b703000 	C:\Users\cduym\Downloads\openjfx-16_windows-x64_bin-sdk\javafx-sdk-16\bin\api-ms-win-crt-heap-l1-1-0.dll
0x0000025e9b7c0000 - 0x0000025e9b7c3000 	C:\Users\cduym\Downloads\openjfx-16_windows-x64_bin-sdk\javafx-sdk-16\bin\api-ms-win-crt-locale-l1-1-0.dll
0x0000025e9b7d0000 - 0x0000025e9b7d5000 	C:\Users\cduym\Downloads\openjfx-16_windows-x64_bin-sdk\javafx-sdk-16\bin\api-ms-win-crt-math-l1-1-0.dll
0x0000025e9b7e0000 - 0x0000025e9b7e5000 	C:\Users\cduym\Downloads\openjfx-16_windows-x64_bin-sdk\javafx-sdk-16\bin\api-ms-win-crt-multibyte-l1-1-0.dll
0x0000025e9b7a0000 - 0x0000025e9b7b0000 	C:\Users\cduym\Downloads\openjfx-16_windows-x64_bin-sdk\javafx-sdk-16\bin\api-ms-win-crt-private-l1-1-0.dll
0x0000025e9b7b0000 - 0x0000025e9b7b3000 	C:\Users\cduym\Downloads\openjfx-16_windows-x64_bin-sdk\javafx-sdk-16\bin\api-ms-win-crt-process-l1-1-0.dll
0x0000025e9b890000 - 0x0000025e9b894000 	C:\Users\cduym\Downloads\openjfx-16_windows-x64_bin-sdk\javafx-sdk-16\bin\api-ms-win-crt-runtime-l1-1-0.dll
0x0000025e9b8a0000 - 0x0000025e9b8a4000 	C:\Users\cduym\Downloads\openjfx-16_windows-x64_bin-sdk\javafx-sdk-16\bin\api-ms-win-crt-stdio-l1-1-0.dll
0x0000025e9b8b0000 - 0x0000025e9b8b4000 	C:\Users\cduym\Downloads\openjfx-16_windows-x64_bin-sdk\javafx-sdk-16\bin\api-ms-win-crt-string-l1-1-0.dll
0x0000025e9b8c0000 - 0x0000025e9b8c3000 	C:\Users\cduym\Downloads\openjfx-16_windows-x64_bin-sdk\javafx-sdk-16\bin\api-ms-win-crt-time-l1-1-0.dll
0x0000025e9b8d0000 - 0x0000025e9b8d3000 	C:\Users\cduym\Downloads\openjfx-16_windows-x64_bin-sdk\javafx-sdk-16\bin\api-ms-win-crt-utility-l1-1-0.dll
0x00007ffe26a00000 - 0x00007ffe26afc000 	C:\Users\cduym\Downloads\openjfx-16_windows-x64_bin-sdk\javafx-sdk-16\bin\ucrtbase.dll
0x00007ffe31470000 - 0x00007ffe31489000 	C:\Users\cduym\Downloads\openjfx-16_windows-x64_bin-sdk\javafx-sdk-16\bin\vcruntime140.dll
0x00007ffe36500000 - 0x00007ffe3650c000 	C:\Users\cduym\Downloads\openjfx-16_windows-x64_bin-sdk\javafx-sdk-16\bin\vcruntime140_1.dll
0x00007ffe29a50000 - 0x00007ffe29ae1000 	C:\Users\cduym\Downloads\openjfx-16_windows-x64_bin-sdk\javafx-sdk-16\bin\msvcp140.dll
0x00007ffe31440000 - 0x00007ffe31467000 	C:\Users\cduym\Downloads\openjfx-16_windows-x64_bin-sdk\javafx-sdk-16\bin\prism_d3d.dll
0x00007ffe13870000 - 0x00007ffe13a3e000 	C:\WINDOWS\system32\d3d9.dll
0x00007ffe46c50000 - 0x00007ffe46c7f000 	C:\WINDOWS\SYSTEM32\dwmapi.dll
0x00007ffe46b20000 - 0x00007ffe46bbe000 	C:\WINDOWS\system32\uxtheme.dll
0x00007ffe13700000 - 0x00007ffe13863000 	C:\WINDOWS\System32\DriverStore\FileRepository\iigd_dch.inf_amd64_a086f01cc7be643a\igdumdim64.dll
0x00007ffdfa7c0000 - 0x00007ffdfe1c4000 	C:\WINDOWS\System32\DriverStore\FileRepository\iigd_dch.inf_amd64_a086f01cc7be643a\igd9dxva64.dll
0x00007ffe4a040000 - 0x00007ffe4a16a000 	C:\WINDOWS\System32\ole32.dll
0x00007ffe4ad30000 - 0x00007ffe4adfd000 	C:\WINDOWS\System32\OLEAUT32.dll
0x00007ffe4b790000 - 0x00007ffe4bbf9000 	C:\WINDOWS\System32\SETUPAPI.dll
0x00007ffe49df0000 - 0x00007ffe49e3e000 	C:\WINDOWS\System32\cfgmgr32.dll
0x00007ffe498b0000 - 0x00007ffe498d7000 	C:\WINDOWS\System32\bcrypt.dll
0x00007ffe3e6a0000 - 0x00007ffe3e8df000 	C:\WINDOWS\System32\DriverStore\FileRepository\iigd_dch.inf_amd64_a086f01cc7be643a\igdgmm64.dll
0x00007ffe2fb90000 - 0x00007ffe2fbd2000 	C:\Users\cduym\Downloads\openjfx-16_windows-x64_bin-sdk\javafx-sdk-16\bin\glass.dll
0x00007ffe49ec0000 - 0x00007ffe49f9a000 	C:\WINDOWS\System32\COMDLG32.dll
0x00007ffe4b190000 - 0x00007ffe4b2a5000 	C:\WINDOWS\System32\MSCTF.dll
0x00007ffe36c00000 - 0x00007ffe36c27000 	C:\WINDOWS\System32\DriverStore\FileRepository\iigd_dch.inf_amd64_a086f01cc7be643a\igdinfo64.dll
0x00007ffe3b9a0000 - 0x00007ffe3e602000 	C:\WINDOWS\System32\DriverStore\FileRepository\iigd_dch.inf_amd64_a086f01cc7be643a\igc64.dll
0x00007ffe40b10000 - 0x00007ffe40b4b000 	C:\WINDOWS\SYSTEM32\dxcore.dll
0x00007ffe31420000 - 0x00007ffe31434000 	C:\Users\cduym\Downloads\openjfx-16_windows-x64_bin-sdk\javafx-sdk-16\bin\javafx_font.dll
0x00007ffe380f0000 - 0x00007ffe3836f000 	C:\WINDOWS\SYSTEM32\dwrite.dll
0x00007ffe362d0000 - 0x00007ffe362de000 	C:\Program Files\Java\jdk-14.0.1\bin\sunmscapi.dll
0x00007ffe49750000 - 0x00007ffe498af000 	C:\WINDOWS\System32\CRYPT32.dll
0x00007ffe48f80000 - 0x00007ffe48fa7000 	C:\WINDOWS\SYSTEM32\ncrypt.dll
0x00007ffe48f40000 - 0x00007ffe48f7b000 	C:\WINDOWS\SYSTEM32\NTASN1.dll
0x00007ffe29a20000 - 0x00007ffe29a45000 	C:\Program Files\Java\jdk-14.0.1\bin\sunec.dll
0x00007ffe48e50000 - 0x00007ffe48e68000 	C:\WINDOWS\SYSTEM32\CRYPTSP.dll
0x00007ffe485b0000 - 0x00007ffe485e4000 	C:\WINDOWS\system32\rsaenh.dll
0x00007ffe493d0000 - 0x00007ffe493fe000 	C:\WINDOWS\SYSTEM32\USERENV.dll
0x00007ffe48e70000 - 0x00007ffe48e7c000 	C:\WINDOWS\SYSTEM32\CRYPTBASE.dll
0x00007ffe48960000 - 0x00007ffe4899b000 	C:\WINDOWS\SYSTEM32\IPHLPAPI.DLL
0x00007ffe4a1b0000 - 0x00007ffe4a1b8000 	C:\WINDOWS\System32\NSI.dll
0x00007ffe3ab90000 - 0x00007ffe3aba7000 	C:\WINDOWS\SYSTEM32\dhcpcsvc6.DLL
0x00007ffe3ab10000 - 0x00007ffe3ab2d000 	C:\WINDOWS\SYSTEM32\dhcpcsvc.DLL
0x00007ffe489a0000 - 0x00007ffe48a6c000 	C:\WINDOWS\SYSTEM32\DNSAPI.dll
0x00007ffe3b2d0000 - 0x00007ffe3b2da000 	C:\Windows\System32\rasadhlp.dll
0x00007ffe3a500000 - 0x00007ffe3a57f000 	C:\WINDOWS\System32\fwpuclnt.dll
0x00007ffdf6c90000 - 0x00007ffdfa7b8000 	C:\Users\cduym\Downloads\openjfx-16_windows-x64_bin-sdk\javafx-sdk-16\bin\jfxwebkit.dll

dbghelp: loaded successfully - version: 4.0.5 - missing functions: none
symbol engine: initialized successfully - sym options: 0x614 - pdb path: .;C:\Program Files\Java\jdk-14.0.1\bin;C:\WINDOWS\SYSTEM32;C:\WINDOWS\WinSxS\amd64_microsoft.windows.common-controls_6595b64144ccf1df_6.0.19041.1083_none_60bbe31371f34e71;C:\Program Files\Java\jdk-14.0.1\bin\server;C:\Program Files\JetBrains\IntelliJ IDEA 2019.3.3\bin;C:\Users\cduym\Downloads\openjfx-16_windows-x64_bin-sdk\javafx-sdk-16\bin;C:\WINDOWS\System32\DriverStore\FileRepository\iigd_dch.inf_amd64_a086f01cc7be643a;C:\Program Files\Common Files\Microsoft Shared\Ink

VM Arguments:
jvm_args: --module-path=C:\Users\cduym\Downloads\openjfx-16_windows-x64_bin-sdk\javafx-sdk-16\lib --add-modules=javafx.controls,javafx.fxml,javafx.web --add-modules=javafx.base,javafx.graphics --add-reads=javafx.base=ALL-UNNAMED --add-reads=javafx.graphics=ALL-UNNAMED -javaagent:C:\Program Files\JetBrains\IntelliJ IDEA 2019.3.3\lib\idea_rt.jar=51762:C:\Program Files\JetBrains\IntelliJ IDEA 2019.3.3\bin -Dfile.encoding=UTF-8 
java_command: Main
java_class_path (initial): C:\Users\cduym\IdeaProjects\notfromusnews\out\production\notfromusnews;C:\Users\cduym\Downloads\openjfx-16_windows-x64_bin-sdk\javafx-sdk-16\lib\src.zip;C:\Users\cduym\Downloads\openjfx-16_windows-x64_bin-sdk\javafx-sdk-16\lib\javafx-swt.jar;C:\Users\cduym\Downloads\openjfx-16_windows-x64_bin-sdk\javafx-sdk-16\lib\javafx.web.jar;C:\Users\cduym\Downloads\openjfx-16_windows-x64_bin-sdk\javafx-sdk-16\lib\javafx.base.jar;C:\Users\cduym\Downloads\openjfx-16_windows-x64_bin-sdk\javafx-sdk-16\lib\javafx.fxml.jar;C:\Users\cduym\Downloads\openjfx-16_windows-x64_bin-sdk\javafx-sdk-16\lib\javafx.media.jar;C:\Users\cduym\Downloads\openjfx-16_windows-x64_bin-sdk\javafx-sdk-16\lib\javafx.swing.jar;C:\Users\cduym\Downloads\openjfx-16_windows-x64_bin-sdk\javafx-sdk-16\lib\javafx.controls.jar;C:\Users\cduym\Downloads\openjfx-16_windows-x64_bin-sdk\javafx-sdk-16\lib\javafx.graphics.jar;C:\Users\cduym\Downloads\jsoup-1.14.1.jar
Launcher Type: SUN_STANDARD

[Global flags]
     intx CICompilerCount                          = 3                                         {product} {ergonomic}
     uint ConcGCThreads                            = 1                                         {product} {ergonomic}
     uint G1ConcRefinementThreads                  = 4                                         {product} {ergonomic}
   size_t G1HeapRegionSize                         = 1048576                                   {product} {ergonomic}
    uintx GCDrainStackTargetSize                   = 64                                        {product} {ergonomic}
   size_t InitialHeapSize                          = 130023424                                 {product} {ergonomic}
   size_t MarkStackSize                            = 4194304                                   {product} {ergonomic}
   size_t MaxHeapSize                              = 2076180480                                {product} {ergonomic}
   size_t MaxNewSize                               = 1245708288                                {product} {ergonomic}
   size_t MinHeapDeltaBytes                        = 1048576                                   {product} {ergonomic}
   size_t MinHeapSize                              = 8388608                                   {product} {ergonomic}
    uintx NonNMethodCodeHeapSize                   = 5832780                                {pd product} {ergonomic}
    uintx NonProfiledCodeHeapSize                  = 122912730                              {pd product} {ergonomic}
    uintx ProfiledCodeHeapSize                     = 122912730                              {pd product} {ergonomic}
    uintx ReservedCodeCacheSize                    = 251658240                              {pd product} {ergonomic}
     bool SegmentedCodeCache                       = true                                      {product} {ergonomic}
   size_t SoftMaxHeapSize                          = 2076180480                             {manageable} {ergonomic}
     bool UseCompressedClassPointers               = true                                 {lp64_product} {ergonomic}
     bool UseCompressedOops                        = true                                 {lp64_product} {ergonomic}
     bool UseG1GC                                  = true                                      {product} {ergonomic}
     bool UseLargePagesIndividualAllocation        = false                                  {pd product} {ergonomic}

Logging:
Log output configuration:
 #0: stdout all=warning uptime,level,tags
 #1: stderr all=off uptime,level,tags

Environment Variables:
JAVA_HOME=C:\Program Files\Java\jdk-14.0.1
PATH=C:\Program Files\Common Files\Oracle\Java\javapath;C:\Program Files (x86)\NVIDIA Corporation\PhysX\Common;C:\Python38\Scripts\;C:\Python38\;C:\WINDOWS\system32;C:\WINDOWS;C:\WINDOWS\System32\Wbem;C:\WINDOWS\System32\WindowsPowerShell\v1.0\;C:\WINDOWS\System32\OpenSSH\;C:\Program Files\dotnet\;C:\Program Files\MATLAB\R2020a\bin;C:\ProgramData\chocolatey\bin;C:\Program Files\Cppcheck;C:\Program Files (x86)\CodeBlocks\MinGW\bin;C:\Program Files (x86)\Windows Kits\8.1\Windows Performance Toolkit\;C:\Program Files\Git\cmd;C:\Program Files\PuTTY\;C:\Users\cduym\Downloads\nvim-win64\Neovim\bin;C:\PHP8;C:\php7;C:\ProgramData\ComposerSetup\bin;C:\Program Files\Tesseract-OCR\tesseract.exe;C:\FPC\3.2.2\bin\i386-Win32;C:\Users\cduym\Downloads\geckodriver-v0.29.1-win64;C:\Program Files\nodejs\;C:\Program Files\Docker\Docker\resources\bin;C:\ProgramData\DockerDesktop\version-bin;C:\Users\cduym\AppData\Local\Microsoft\WindowsApps;C:\Users\cduym\AppData\Local\GitHubDesktop\bin;C:\Program Files\JetBrains\IntelliJ IDEA 2019.3.3\bin;;C:\Program Files\JetBrains\PyCharm 2019.3.3\bin;;C:\src\flutter\bin;C:\Program Files\Android\Android Studio\bin;C:\Users\cduym\AppData\Local\Android\sdk\platform-tools\adb.exe;C:\Users\cduym\Documents\CMD commands;C:\Users\cduym\AppData\Local\Microsoft\WindowsApps;C:\Users\cduym\AppData\Local\Programs\Microsoft VS Code\bin;C:\Users\cduym\AppData\Roaming\Composer\vendor\bin;C:\tools\dart-sdk\bin;C:\Users\cduym\AppData\Roaming\Pub\Cache\bin;C:\Program Files\Tesseract-OCR\tesseract.exe;C:\Users\cduym\Downloads\geckodriver-v0.29.1-win64\geckodriver.exe;C:\Users\cduym\Downloads\flutter_windows_2.2.3-stable\flutter\bin;C:\Users\cduym\Downloads\commandlinetools-win-7302050_latest\cmdline-tools\bin;C:\Users\cduym\.dotnet\tools;C:\Users\cduym\AppData\Roaming\npm;C:\Users\cduym\Downloads\urbandict-0.6.1\urbandict-0.6.1;C:\Python38\python.exe;C:\Program Files\Java\jdk-14.0.1\bin;C:\Program Files\Java\jdk-14.0.1;C:\Users\cduym\Downloads\apache-maven-3.8.1\bin;C:\Pr
USERNAME=cduym
OS=Windows_NT
PROCESSOR_IDENTIFIER=Intel64 Family 6 Model 142 Stepping 9, GenuineIntel



---------------  S Y S T E M  ---------------

OS: Windows 10 , 64 bit Build 19041 (10.0.19041.1023)
OS uptime: 0 days 1:29 hours

CPU:total 4 (initial active 4) (2 cores per cpu, 2 threads per core) family 6 model 142 stepping 9, cmov, cx8, fxsr, mmx, sse, sse2, sse3, ssse3, sse4.1, sse4.2, popcnt, avx, avx2, aes, clmul, erms, 3dnowpref, lzcnt, ht, tsc, tscinvbit, bmi1, bmi2, adx, fma

Memory: 4k page, system-wide physical 7913M (1800M free)
TotalPageFile size 13289M (AvailPageFile size 6212M)
current process WorkingSet (physical memory assigned to process): 631M, peak: 676M
current process commit charge ("private bytes"): 644M, peak: 689M

vm_info: Java HotSpot(TM) 64-Bit Server VM (14.0.1+7) for windows-amd64 JRE (14.0.1+7), built on Mar  5 2020 10:30:14 by "mach5one" with MS VC++ 15.9 (VS2017)

END.
