#
# A fatal error has been detected by the Java Runtime Environment:
#
#  EXCEPTION_ACCESS_VIOLATION (0xc0000005) at pc=0x00007ffc9f2b2500, pid=7052, tid=7460
#
# JRE version: Java(TM) SE Runtime Environment (14.0.1+7) (build 14.0.1+7)
# Java VM: Java HotSpot(TM) 64-Bit Server VM (14.0.1+7, mixed mode, sharing, tiered, compressed oops, g1 gc, windows-amd64)
# Problematic frame:
# C  [jfxwebkit.dll+0x672500]
#
# No core dump will be written. Minidumps are not enabled by default on client versions of Windows
#
# If you would like to submit a bug report, please visit:
#   https://bugreport.java.com/bugreport/crash.jsp
# The crash happened outside the Java Virtual Machine in native code.
# See problematic frame for where to report the bug.
#

---------------  S U M M A R Y ------------

Command Line: --module-path=C:\Users\cduym\Downloads\openjfx-16_windows-x64_bin-sdk\javafx-sdk-16\lib --add-modules=javafx.controls,javafx.fxml,javafx.web --add-modules=javafx.base,javafx.graphics --add-reads=javafx.base=ALL-UNNAMED --add-reads=javafx.graphics=ALL-UNNAMED -javaagent:C:\Program Files\JetBrains\IntelliJ IDEA 2019.3.3\lib\idea_rt.jar=58106:C:\Program Files\JetBrains\IntelliJ IDEA 2019.3.3\bin -Dfile.encoding=UTF-8 Main

Host: Intel(R) Core(TM) i5-7200U CPU @ 2.50GHz, 4 cores, 7G,  Windows 10 , 64 bit Build 19041 (10.0.19041.1023)
Time: Tue Aug  3 18:42:37 2021 SE Asia Standard Time elapsed time: 44 seconds (0d 0h 0m 44s)

---------------  T H R E A D  ---------------

Current thread (0x000002b27fdd6000):  JavaThread "JavaFX Application Thread" [_thread_in_native, id=7460, stack(0x000000dd63000000,0x000000dd63100000)]

Stack: [0x000000dd63000000,0x000000dd63100000],  sp=0x000000dd630f7a30,  free space=990k
Native frames: (J=compiled Java code, j=interpreted, Vv=VM code, C=native code)
C  [jfxwebkit.dll+0x672500]

Java frames: (J=compiled Java code, j=interpreted, Vv=VM code)
j  com.sun.webkit.network.URLLoaderBase.twkDidFail(ILjava/lang/String;Ljava/lang/String;J)V+0 javafx.web
j  com.sun.webkit.network.HTTP2Loader.notifyDidFail(ILjava/lang/String;Ljava/lang/String;)V+66 javafx.web
j  com.sun.webkit.network.HTTP2Loader.lambda$didFail$18(Ljava/lang/Throwable;)V+74 javafx.web
j  com.sun.webkit.network.HTTP2Loader$$Lambda$683.run()V+8 javafx.web
J 8587 c2 com.sun.webkit.network.HTTP2Loader$$Lambda$657.run()V javafx.web (12 bytes) @ 0x000002b207e8f300 [0x000002b207e8f2a0+0x0000000000000060]
J 9166 c1 com.sun.javafx.webkit.prism.PrismInvoker.invokeOnEventThread(Ljava/lang/Runnable;)V javafx.web (21 bytes) @ 0x000002b20182774c [0x000002b201827400+0x000000000000034c]
J 5957 c1 com.sun.webkit.network.HTTP2Loader.callBackIfNotCanceled(Ljava/lang/Runnable;)V javafx.web (14 bytes) @ 0x000002b201262fa4 [0x000002b2012629a0+0x0000000000000604]
j  com.sun.webkit.network.HTTP2Loader.didFail(Ljava/lang/Throwable;)Ljava/lang/Void;+8 javafx.web
j  com.sun.webkit.network.HTTP2Loader.lambda$new$8(Ljava/lang/Throwable;)Ljava/lang/Void;+5 javafx.web
j  com.sun.webkit.network.HTTP2Loader$$Lambda$553.apply(Ljava/lang/Object;)Ljava/lang/Object;+8 javafx.web
J 8580 c1 java.util.concurrent.CompletableFuture.uniExceptionally(Ljava/lang/Object;Ljava/util/function/Function;Ljava/util/concurrent/CompletableFuture$UniExceptionally;)Z java.base@14.0.1 (76 bytes) @ 0x000002b20167b594 [0x000002b20167aa80+0x0000000000000b14]
J 7448 c1 java.util.concurrent.CompletableFuture.uniExceptionallyStage(Ljava/util/concurrent/Executor;Ljava/util/function/Function;)Ljava/util/concurrent/CompletableFuture; java.base@14.0.1 (94 bytes) @ 0x000002b200eecf44 [0x000002b200eec640+0x0000000000000904]
J 7447 c1 java.util.concurrent.CompletableFuture.exceptionally(Ljava/util/function/Function;)Ljava/util/concurrent/CompletableFuture; java.base@14.0.1 (7 bytes) @ 0x000002b2011313e4 [0x000002b201131340+0x00000000000000a4]
j  com.sun.webkit.network.HTTP2Loader.lambda$new$9(Ljava/net/http/HttpRequest;Ljava/net/http/HttpResponse$BodyHandler;)Ljava/util/concurrent/CompletableFuture;+22 javafx.web
J 8705 c1 com.sun.webkit.network.HTTP2Loader.<init>(Lcom/sun/webkit/WebPage;Lcom/sun/webkit/network/ByteBufferPool;ZLjava/lang/String;Ljava/lang/String;Ljava/lang/String;[Lcom/sun/webkit/network/FormDataElement;J)V javafx.web (168 bytes) @ 0x000002b2016e4c0c [0x000002b2016e36a0+0x000000000000156c]
J 8704 c1 com.sun.webkit.network.HTTP2Loader.create(Lcom/sun/webkit/WebPage;Lcom/sun/webkit/network/ByteBufferPool;ZLjava/lang/String;Ljava/lang/String;Ljava/lang/String;[Lcom/sun/webkit/network/FormDataElement;J)Lcom/sun/webkit/network/HTTP2Loader; javafx.web (40 bytes) @ 0x000002b2016e2d94 [0x000002b2016e2ae0+0x00000000000002b4]
J 8703 c1 com.sun.webkit.network.NetworkContext.fwkLoad(Lcom/sun/webkit/WebPage;ZLjava/lang/String;Ljava/lang/String;Ljava/lang/String;[Lcom/sun/webkit/network/FormDataElement;J)Lcom/sun/webkit/network/URLLoaderBase; javafx.web (243 bytes) @ 0x000002b2016ded3c [0x000002b2016dd4c0+0x000000000000187c]
v  ~StubRoutines::call_stub
J 8951  com.sun.webkit.Timer.twkFireTimerEvent()V javafx.web (0 bytes) @ 0x000002b207ed4a6e [0x000002b207ed4a20+0x000000000000004e]
J 8950 c1 com.sun.webkit.Timer.fireTimerEvent(J)V javafx.web (65 bytes) @ 0x000002b201773c8c [0x000002b2017737c0+0x00000000000004cc]
J 4959 c1 com.sun.webkit.Timer.notifyTick()V javafx.web (29 bytes) @ 0x000002b201063ef4 [0x000002b201063d40+0x00000000000001b4]
J 4957 c1 javafx.scene.web.WebEngine$PulseTimer$$Lambda$467.run()V javafx.web (4 bytes) @ 0x000002b20106364c [0x000002b2010635c0+0x000000000000008c]
J 8789 c2 com.sun.glass.ui.InvokeLaterDispatcher$Future.run()V javafx.graphics (91 bytes) @ 0x000002b207ec3714 [0x000002b207ec33c0+0x0000000000000354]
v  ~StubRoutines::call_stub
j  com.sun.glass.ui.win.WinApplication._runLoop(Ljava/lang/Runnable;)V+0 javafx.graphics
j  com.sun.glass.ui.win.WinApplication.lambda$runLoop$3(ILjava/lang/Runnable;)V+8 javafx.graphics
j  com.sun.glass.ui.win.WinApplication$$Lambda$89.run()V+12 javafx.graphics
j  java.lang.Thread.run()V+11 java.base@14.0.1
v  ~StubRoutines::call_stub

siginfo: EXCEPTION_ACCESS_VIOLATION (0xc0000005), reading address 0x00000000000003c8


Register to memory mapping:

RIP=0x00007ffc9f2b2500 jfxwebkit.dll
RAX=0x000000dd630f7a10 is pointing into the stack for thread: 0x000002b27fdd6000
RBX=0x000002b25d1b5520 points into unknown readable memory: 08 48 63 a0 fc 7f 00 00
RCX=0x0 is NULL
RDX=0x0000000000000001 is an unknown value
RSP=0x000000dd630f7a30 is pointing into the stack for thread: 0x000002b27fdd6000
RBP=0x000000dd630f7b99 is pointing into the stack for thread: 0x000002b27fdd6000
RSI=0x000000dd630f7cc0 is pointing into the stack for thread: 0x000002b27fdd6000
RDI=0x000000dd630f7b40 is pointing into the stack for thread: 0x000002b27fdd6000
R8 =0x000002b2645e2580 points into unknown readable memory: ff ff ff ff 00 00 00 00
R9 =0x000000dd630f79e0 is pointing into the stack for thread: 0x000002b27fdd6000
R10=0x000002b2645e2560 points into unknown readable memory: 02 04 00 00 00 00 00 00
R11=0x0000000014af212d is an unknown value
R12=0x00007ffc9ece74d0 jfxwebkit.dll
R13={method} {0x000002b2150a2308} 'twkDidFail' '(ILjava/lang/String;Ljava/lang/String;J)V' in 'com/sun/webkit/network/URLLoaderBase'
R14=0x000002b2577bb500 points into unknown readable memory: b8 bf 5c a0 fc 7f 00 00
R15=0x0000000000000004 is an unknown value


Registers:
RAX=0x000000dd630f7a10, RBX=0x000002b25d1b5520, RCX=0x0000000000000000, RDX=0x0000000000000001
RSP=0x000000dd630f7a30, RBP=0x000000dd630f7b99, RSI=0x000000dd630f7cc0, RDI=0x000000dd630f7b40
R8 =0x000002b2645e2580, R9 =0x000000dd630f79e0, R10=0x000002b2645e2560, R11=0x0000000014af212d
R12=0x00007ffc9ece74d0, R13=0x000002b2150a2300, R14=0x000002b2577bb500, R15=0x0000000000000004
RIP=0x00007ffc9f2b2500, EFLAGS=0x0000000000010206

Top of Stack: (sp=0x000000dd630f7a30)
0x000000dd630f7a30:   0000000000000433 000002b20f60a800
0x000000dd630f7a40:   000000dd630f7cc0 000000dd630f7cc0
0x000000dd630f7a50:   000002b20f60a800 00007ffc9edbe37c
0x000000dd630f7a60:   000002b20f60a800 000002b20f60a800
0x000000dd630f7a70:   000000dd630f7b99 000002b20f60a800
0x000000dd630f7a80:   000002b20f60a800 00007ffc9ec4d01e
0x000000dd630f7a90:   000002b25d1b5520 00000999e9084eb0
0x000000dd630f7aa0:   000000dd630f7b40 00007ffc9edb03d6
0x000000dd630f7ab0:   000002b20f60a800 000000dd630f7cc0
0x000000dd630f7ac0:   000000dd630f7cc0 000002b20f60a800
0x000000dd630f7ad0:   000000dd630f7b40 00007ffc9ece74ff
0x000000dd630f7ae0:   000002b2577bb500 000002b27fdd6310
0x000000dd630f7af0:   00000999e9084e40 000000dd630f7cc0
0x000000dd630f7b00:   0000000000000000 00007ffc9eceb80d
0x000000dd630f7b10:   000000dd630f7b30 000000dd630f7db8
0x000000dd630f7b20:   0000000000000001 000000dd630f7b30 

Instructions: (pc=0x00007ffc9f2b2500)
0x00007ffc9f2b2400:   33 c0 ff c8 89 41 f4 4c 8b 47 10 4d 85 c0 74 26
0x00007ffc9f2b2410:   41 8b 40 f4 8d 14 40 03 d2 41 3b 50 fc 73 17 41
0x00007ffc9f2b2420:   8b 50 fc 83 fa 08 76 0e d1 ea 48 8d 4f 10 45 33
0x00007ffc9f2b2430:   c0 e8 2a 20 9a ff 48 8b 83 00 04 00 00 48 8b 48
0x00007ffc9f2b2440:   10 48 85 c9 74 06 83 79 f4 00 75 0f 48 8b 83 08
0x00007ffc9f2b2450:   04 00 00 48 c7 40 18 00 00 00 00 48 8b bb 00 04
0x00007ffc9f2b2460:   00 00 48 c7 83 00 04 00 00 00 00 00 00 48 85 ff
0x00007ffc9f2b2470:   74 27 8b 47 08 83 e8 01 75 1c 48 8b 4f 10 48 85
0x00007ffc9f2b2480:   c9 74 09 48 83 c1 f0 e8 84 af 13 01 48 8b cf e8
0x00007ffc9f2b2490:   7c af 13 01 eb 03 89 47 08 48 8b 8b 08 04 00 00
0x00007ffc9f2b24a0:   48 8b 7c 24 48 48 c7 83 08 04 00 00 00 00 00 00
0x00007ffc9f2b24b0:   48 85 c9 74 17 8b 41 08 83 e8 01 75 0c 48 8b 01
0x00007ffc9f2b24c0:   ba 01 00 00 00 ff 10 eb 03 89 41 08 83 a3 20 04
0x00007ffc9f2b24d0:   00 00 f8 0f 57 c0 f2 0f 11 83 18 04 00 00 48 83
0x00007ffc9f2b24e0:   c4 30 5b c3 cc cc cc cc cc cc cc cc cc cc cc cc
0x00007ffc9f2b24f0:   40 53 48 83 ec 20 48 8b d9 48 8b 89 00 03 00 00
0x00007ffc9f2b2500:   8b 81 c8 03 00 00 89 83 30 03 00 00 48 c7 83 00
0x00007ffc9f2b2510:   03 00 00 00 00 00 00 48 85 c9 74 22 8b 41 10 83
0x00007ffc9f2b2520:   e8 01 75 17 48 8b 01 ba 01 00 00 00 ff 10 48 8b
0x00007ffc9f2b2530:   cb 48 83 c4 20 5b e9 85 0c 00 00 89 41 10 48 8b
0x00007ffc9f2b2540:   cb 48 83 c4 20 5b e9 75 0c 00 00 cc cc cc cc cc
0x00007ffc9f2b2550:   40 53 48 83 ec 20 f6 81 ea 03 00 00 20 48 8b d9
0x00007ffc9f2b2560:   75 56 48 8b 81 58 03 00 00 48 c7 80 60 03 00 00
0x00007ffc9f2b2570:   00 00 00 00 48 8b 89 58 03 00 00 e8 40 0c 00 00
0x00007ffc9f2b2580:   48 8b 8b 40 03 00 00 48 85 c9 74 14 48 83 c1 f0
0x00007ffc9f2b2590:   e8 7b ae 13 01 48 c7 83 40 03 00 00 00 00 00 00
0x00007ffc9f2b25a0:   48 8b cb 48 c7 83 58 03 00 00 00 00 00 00 48 83
0x00007ffc9f2b25b0:   c4 20 5b e9 08 0c 00 00 48 83 c4 20 5b c3 cc cc
0x00007ffc9f2b25c0:   48 8b 89 08 04 00 00 48 85 c9 74 0a 48 8b 01 48
0x00007ffc9f2b25d0:   ff a0 80 00 00 00 c3 cc cc cc cc cc cc cc cc cc
0x00007ffc9f2b25e0:   40 55 53 57 41 54 41 55 48 8d 6c 24 c9 48 81 ec
0x00007ffc9f2b25f0:   d0 00 00 00 48 8b 05 6d 61 2c 03 48 33 c4 48 89 


Stack slot to memory mapping:
stack at sp + 0 slots: 0x0000000000000433 is an unknown value
stack at sp + 1 slots: 0x000002b20f60a800 points into unknown readable memory: 40 6c 5d a0 fc 7f 00 00
stack at sp + 2 slots: 0x000000dd630f7cc0 is pointing into the stack for thread: 0x000002b27fdd6000
stack at sp + 3 slots: 0x000000dd630f7cc0 is pointing into the stack for thread: 0x000002b27fdd6000
stack at sp + 4 slots: 0x000002b20f60a800 points into unknown readable memory: 40 6c 5d a0 fc 7f 00 00
stack at sp + 5 slots: 0x00007ffc9edbe37c jfxwebkit.dll
stack at sp + 6 slots: 0x000002b20f60a800 points into unknown readable memory: 40 6c 5d a0 fc 7f 00 00
stack at sp + 7 slots: 0x000002b20f60a800 points into unknown readable memory: 40 6c 5d a0 fc 7f 00 00


---------------  P R O C E S S  ---------------

Threads class SMR info:
_java_thread_list=0x000002b258dbd4e0, length=82, elements={
0x000002b26f410000, 0x000002b27e9fd800, 0x000002b27ea09800, 0x000002b27ea1c000,
0x000002b27ea1d000, 0x000002b27ea1e800, 0x000002b27ea22000, 0x000002b27ea28000,
0x000002b27ea33800, 0x000002b27e9e4000, 0x000002b20f02d000, 0x000002b27ff44000,
0x000002b27f466800, 0x000002b27fdd0800, 0x000002b27fdd6000, 0x000002b20f0ba800,
0x000002b27fed5800, 0x000002b20fd52800, 0x000002b20fb12800, 0x000002b20fb11000,
0x000002b20fb11800, 0x000002b20fb13800, 0x000002b20fb14000, 0x000002b20fb15000,
0x000002b20fb16000, 0x000002b20fb10000, 0x000002b257365800, 0x000002b257366800,
0x000002b257368000, 0x000002b257367000, 0x000002b25736a800, 0x000002b257369800,
0x000002b257369000, 0x000002b257365000, 0x000002b25736c000, 0x000002b257370000,
0x000002b25736d000, 0x000002b257371000, 0x000002b25736b800, 0x000002b257372000,
0x000002b25736d800, 0x000002b257372800, 0x000002b257373800, 0x000002b25736e800,
0x000002b25736f800, 0x000002b257a33000, 0x000002b257a34000, 0x000002b257a2f800,
0x000002b257a30800, 0x000002b257a2f000, 0x000002b257a31800, 0x000002b257a2e000,
0x000002b257a38000, 0x000002b257a35800, 0x000002b257a34800, 0x000002b257a32000,
0x000002b257a3a800, 0x000002b257a3b000, 0x000002b257a36800, 0x000002b257a3c000,
0x000002b257a3d000, 0x000002b257a39800, 0x000002b257a37000, 0x000002b257a38800,
0x000002b25766f800, 0x000002b257673000, 0x000002b257672000, 0x000002b25766d000,
0x000002b257671800, 0x000002b257674000, 0x000002b25766e000, 0x000002b257674800,
0x000002b25766f000, 0x000002b257675800, 0x000002b257676000, 0x000002b257670800,
0x000002b25767b000, 0x000002b257678000, 0x000002b257677000, 0x000002b257678800,
0x000002b25767c000, 0x000002b257679800
}

Java Threads: ( => current thread )
  0x000002b26f410000 JavaThread "main" [_thread_blocked, id=13692, stack(0x000000dd61a00000,0x000000dd61b00000)]
  0x000002b27e9fd800 JavaThread "Reference Handler" daemon [_thread_blocked, id=12716, stack(0x000000dd62100000,0x000000dd62200000)]
  0x000002b27ea09800 JavaThread "Finalizer" daemon [_thread_blocked, id=10292, stack(0x000000dd62200000,0x000000dd62300000)]
  0x000002b27ea1c000 JavaThread "Signal Dispatcher" daemon [_thread_blocked, id=12068, stack(0x000000dd62300000,0x000000dd62400000)]
  0x000002b27ea1d000 JavaThread "Attach Listener" daemon [_thread_blocked, id=5432, stack(0x000000dd62400000,0x000000dd62500000)]
  0x000002b27ea1e800 JavaThread "Service Thread" daemon [_thread_blocked, id=8688, stack(0x000000dd62500000,0x000000dd62600000)]
  0x000002b27ea22000 JavaThread "C2 CompilerThread0" daemon [_thread_blocked, id=11920, stack(0x000000dd62600000,0x000000dd62700000)]
  0x000002b27ea28000 JavaThread "C1 CompilerThread0" daemon [_thread_blocked, id=14016, stack(0x000000dd62700000,0x000000dd62800000)]
  0x000002b27ea33800 JavaThread "Sweeper thread" daemon [_thread_blocked, id=5476, stack(0x000000dd62800000,0x000000dd62900000)]
  0x000002b27e9e4000 JavaThread "Common-Cleaner" daemon [_thread_blocked, id=12236, stack(0x000000dd62900000,0x000000dd62a00000)]
  0x000002b20f02d000 JavaThread "Monitor Ctrl-Break" daemon [_thread_in_native, id=11120, stack(0x000000dd62b00000,0x000000dd62c00000)]
  0x000002b27ff44000 JavaThread "Notification Thread" daemon [_thread_blocked, id=7080, stack(0x000000dd62c00000,0x000000dd62d00000)]
  0x000002b27f466800 JavaThread "QuantumRenderer-0" daemon [_thread_blocked, id=8548, stack(0x000000dd62a00000,0x000000dd62b00000)]
  0x000002b27fdd0800 JavaThread "InvokeLaterDispatcher" daemon [_thread_blocked, id=2836, stack(0x000000dd62f00000,0x000000dd63000000)]
=>0x000002b27fdd6000 JavaThread "JavaFX Application Thread" [_thread_in_native, id=7460, stack(0x000000dd63000000,0x000000dd63100000)]
  0x000002b20f0ba800 JavaThread "JavaFX-Launcher" [_thread_blocked, id=1048, stack(0x000000dd63800000,0x000000dd63900000)]
  0x000002b27fed5800 JavaThread "Thread-2" daemon [_thread_in_native, id=13336, stack(0x000000dd63700000,0x000000dd63800000)]
  0x000002b20fd52800 JavaThread "Keep-Alive-Timer" daemon [_thread_blocked, id=12132, stack(0x000000dd63a00000,0x000000dd63b00000)]
  0x000002b20fb12800 JavaThread "Prism Font Disposer" daemon [_thread_blocked, id=11044, stack(0x000000dd63b00000,0x000000dd63c00000)]
  0x000002b20fb11000 JavaThread "Disposer" daemon [_thread_blocked, id=3712, stack(0x000000dd63c00000,0x000000dd63d00000)]
  0x000002b20fb11800 JavaThread "Cleaner-0" daemon [_thread_blocked, id=2336, stack(0x000000dd64600000,0x000000dd64700000)]
  0x000002b20fb13800 JavaThread "HttpClient-1-SelectorManager" daemon [_thread_in_native, id=4236, stack(0x000000dd63900000,0x000000dd63a00000)]
  0x000002b20fb14000 JavaThread "HttpClient-1-Worker-0" daemon [_thread_blocked, id=5528, stack(0x000000dd64700000,0x000000dd64800000)]
  0x000002b20fb15000 JavaThread "HttpClient-1-Worker-1" daemon [_thread_blocked, id=10304, stack(0x000000dd64900000,0x000000dd64a00000)]
  0x000002b20fb16000 JavaThread "ForkJoinPool.commonPool-worker-3" daemon [_thread_blocked, id=13784, stack(0x000000dd64800000,0x000000dd64900000)]
  0x000002b20fb10000 JavaThread "ForkJoinPool.commonPool-worker-5" daemon [_thread_blocked, id=9836, stack(0x000000dd64a00000,0x000000dd64b00000)]
  0x000002b257365800 JavaThread "Thread-3" daemon [_thread_in_native, id=10552, stack(0x000000dd64b00000,0x000000dd64c00000)]
  0x000002b257366800 JavaThread "HttpClient-1-Worker-2" daemon [_thread_blocked, id=6820, stack(0x000000dd64d00000,0x000000dd64e00000)]
  0x000002b257368000 JavaThread "HttpClient-1-Worker-3" daemon [_thread_blocked, id=13348, stack(0x000000dd64e00000,0x000000dd64f00000)]
  0x000002b257367000 JavaThread "HttpClient-1-Worker-4" daemon [_thread_blocked, id=884, stack(0x000000dd64f00000,0x000000dd65000000)]
  0x000002b25736a800 JavaThread "HttpClient-1-Worker-5" daemon [_thread_blocked, id=3456, stack(0x000000dd65000000,0x000000dd65100000)]
  0x000002b257369800 JavaThread "HttpClient-1-Worker-6" daemon [_thread_blocked, id=4940, stack(0x000000dd65200000,0x000000dd65300000)]
  0x000002b257369000 JavaThread "HttpClient-1-Worker-7" daemon [_thread_blocked, id=10720, stack(0x000000dd65300000,0x000000dd65400000)]
  0x000002b257365000 JavaThread "HttpClient-1-Worker-8" daemon [_thread_blocked, id=13736, stack(0x000000dd65400000,0x000000dd65500000)]
  0x000002b25736c000 JavaThread "HttpClient-1-Worker-9" daemon [_thread_blocked, id=8644, stack(0x000000dd65500000,0x000000dd65600000)]
  0x000002b257370000 JavaThread "HttpClient-1-Worker-10" daemon [_thread_blocked, id=9084, stack(0x000000dd65600000,0x000000dd65700000)]
  0x000002b25736d000 JavaThread "HttpClient-1-Worker-11" daemon [_thread_blocked, id=13620, stack(0x000000dd65700000,0x000000dd65800000)]
  0x000002b257371000 JavaThread "HttpClient-1-Worker-12" daemon [_thread_blocked, id=9656, stack(0x000000dd65800000,0x000000dd65900000)]
  0x000002b25736b800 JavaThread "HttpClient-1-Worker-13" daemon [_thread_blocked, id=11860, stack(0x000000dd65900000,0x000000dd65a00000)]
  0x000002b257372000 JavaThread "HttpClient-1-Worker-14" daemon [_thread_blocked, id=13528, stack(0x000000dd65a00000,0x000000dd65b00000)]
  0x000002b25736d800 JavaThread "HttpClient-1-Worker-15" daemon [_thread_blocked, id=9712, stack(0x000000dd65b00000,0x000000dd65c00000)]
  0x000002b257372800 JavaThread "HttpClient-1-Worker-16" daemon [_thread_blocked, id=5256, stack(0x000000dd65c00000,0x000000dd65d00000)]
  0x000002b257373800 JavaThread "HttpClient-1-Worker-17" daemon [_thread_blocked, id=584, stack(0x000000dd65d00000,0x000000dd65e00000)]
  0x000002b25736e800 JavaThread "HttpClient-1-Worker-18" daemon [_thread_blocked, id=6628, stack(0x000000dd65e00000,0x000000dd65f00000)]
  0x000002b25736f800 JavaThread "HttpClient-1-Worker-19" daemon [_thread_blocked, id=5108, stack(0x000000dd65f00000,0x000000dd66000000)]
  0x000002b257a33000 JavaThread "HttpClient-1-Worker-20" daemon [_thread_blocked, id=9488, stack(0x000000dd66000000,0x000000dd66100000)]
  0x000002b257a34000 JavaThread "HttpClient-1-Worker-21" daemon [_thread_blocked, id=11608, stack(0x000000dd66100000,0x000000dd66200000)]
  0x000002b257a2f800 JavaThread "HttpClient-1-Worker-22" daemon [_thread_blocked, id=1776, stack(0x000000dd66200000,0x000000dd66300000)]
  0x000002b257a30800 JavaThread "HttpClient-1-Worker-23" daemon [_thread_blocked, id=8896, stack(0x000000dd66300000,0x000000dd66400000)]
  0x000002b257a2f000 JavaThread "HttpClient-1-Worker-24" daemon [_thread_blocked, id=8492, stack(0x000000dd66400000,0x000000dd66500000)]
  0x000002b257a31800 JavaThread "HttpClient-1-Worker-25" daemon [_thread_blocked, id=13596, stack(0x000000dd66500000,0x000000dd66600000)]
  0x000002b257a2e000 JavaThread "HttpClient-1-Worker-26" daemon [_thread_blocked, id=10232, stack(0x000000dd66600000,0x000000dd66700000)]
  0x000002b257a38000 JavaThread "HttpClient-1-Worker-27" daemon [_thread_blocked, id=13460, stack(0x000000dd66700000,0x000000dd66800000)]
  0x000002b257a35800 JavaThread "HttpClient-1-Worker-28" daemon [_thread_blocked, id=6272, stack(0x000000dd66800000,0x000000dd66900000)]
  0x000002b257a34800 JavaThread "HttpClient-1-Worker-29" daemon [_thread_blocked, id=10572, stack(0x000000dd66900000,0x000000dd66a00000)]
  0x000002b257a32000 JavaThread "HttpClient-1-Worker-30" daemon [_thread_blocked, id=1816, stack(0x000000dd66a00000,0x000000dd66b00000)]
  0x000002b257a3a800 JavaThread "HttpClient-1-Worker-31" daemon [_thread_blocked, id=13056, stack(0x000000dd66b00000,0x000000dd66c00000)]
  0x000002b257a3b000 JavaThread "HttpClient-1-Worker-32" daemon [_thread_blocked, id=12636, stack(0x000000dd66c00000,0x000000dd66d00000)]
  0x000002b257a36800 JavaThread "HttpClient-1-Worker-33" daemon [_thread_blocked, id=6672, stack(0x000000dd66d00000,0x000000dd66e00000)]
  0x000002b257a3c000 JavaThread "HttpClient-1-Worker-34" daemon [_thread_blocked, id=2396, stack(0x000000dd66e00000,0x000000dd66f00000)]
  0x000002b257a3d000 JavaThread "HttpClient-1-Worker-35" daemon [_thread_blocked, id=13680, stack(0x000000dd66f00000,0x000000dd67000000)]
  0x000002b257a39800 JavaThread "HttpClient-1-Worker-36" daemon [_thread_blocked, id=10252, stack(0x000000dd67000000,0x000000dd67100000)]
  0x000002b257a37000 JavaThread "HttpClient-1-Worker-37" daemon [_thread_blocked, id=13396, stack(0x000000dd67100000,0x000000dd67200000)]
  0x000002b257a38800 JavaThread "HttpClient-1-Worker-38" daemon [_thread_blocked, id=11844, stack(0x000000dd67200000,0x000000dd67300000)]
  0x000002b25766f800 JavaThread "HttpClient-1-Worker-39" daemon [_thread_blocked, id=8948, stack(0x000000dd67300000,0x000000dd67400000)]
  0x000002b257673000 JavaThread "HttpClient-1-Worker-40" daemon [_thread_blocked, id=10592, stack(0x000000dd67400000,0x000000dd67500000)]
  0x000002b257672000 JavaThread "HttpClient-1-Worker-41" daemon [_thread_blocked, id=9440, stack(0x000000dd67500000,0x000000dd67600000)]
  0x000002b25766d000 JavaThread "HttpClient-1-Worker-42" daemon [_thread_blocked, id=248, stack(0x000000dd67600000,0x000000dd67700000)]
  0x000002b257671800 JavaThread "HttpClient-1-Worker-43" daemon [_thread_blocked, id=10704, stack(0x000000dd67700000,0x000000dd67800000)]
  0x000002b257674000 JavaThread "HttpClient-1-Worker-44" daemon [_thread_blocked, id=10016, stack(0x000000dd67900000,0x000000dd67a00000)]
  0x000002b25766e000 JavaThread "HttpClient-1-Worker-45" daemon [_thread_blocked, id=10728, stack(0x000000dd67a00000,0x000000dd67b00000)]
  0x000002b257674800 JavaThread "HttpClient-1-Worker-46" daemon [_thread_blocked, id=940, stack(0x000000dd67b00000,0x000000dd67c00000)]
  0x000002b25766f000 JavaThread "HttpClient-1-Worker-47" daemon [_thread_blocked, id=14308, stack(0x000000dd67c00000,0x000000dd67d00000)]
  0x000002b257675800 JavaThread "HttpClient-1-Worker-48" daemon [_thread_blocked, id=2040, stack(0x000000dd67d00000,0x000000dd67e00000)]
  0x000002b257676000 JavaThread "HttpClient-1-Worker-49" daemon [_thread_blocked, id=10912, stack(0x000000dd67e00000,0x000000dd67f00000)]
  0x000002b257670800 JavaThread "HttpClient-1-Worker-50" daemon [_thread_blocked, id=13284, stack(0x000000dd67f00000,0x000000dd68000000)]
  0x000002b25767b000 JavaThread "HttpClient-1-Worker-51" daemon [_thread_blocked, id=3320, stack(0x000000dd68000000,0x000000dd68100000)]
  0x000002b257678000 JavaThread "HttpClient-1-Worker-52" daemon [_thread_blocked, id=6648, stack(0x000000dd68100000,0x000000dd68200000)]
  0x000002b257677000 JavaThread "HttpClient-1-Worker-53" daemon [_thread_blocked, id=12472, stack(0x000000dd68200000,0x000000dd68300000)]
  0x000002b257678800 JavaThread "HttpClient-1-Worker-54" daemon [_thread_blocked, id=9608, stack(0x000000dd68300000,0x000000dd68400000)]
  0x000002b25767c000 JavaThread "ForkJoinPool.commonPool-worker-7" daemon [_thread_blocked, id=5880, stack(0x000000dd68400000,0x000000dd68500000)]
  0x000002b257679800 JavaThread "ForkJoinPool.commonPool-worker-1" daemon [_thread_blocked, id=1112, stack(0x000000dd68600000,0x000000dd68700000)]

Other Threads:
  0x000002b27e9fb000 VMThread "VM Thread" [stack: 0x000000dd62000000,0x000000dd62100000] [id=10696]
  0x000002b27ff44800 WatcherThread [stack: 0x000000dd62d00000,0x000000dd62e00000] [id=10200]
  0x000002b26f453000 GCTaskThread "GC Thread#0" [stack: 0x000000dd61b00000,0x000000dd61c00000] [id=4892]
  0x000002b27fc68800 GCTaskThread "GC Thread#1" [stack: 0x000000dd63100000,0x000000dd63200000] [id=2160]
  0x000002b27fc95800 GCTaskThread "GC Thread#2" [stack: 0x000000dd63200000,0x000000dd63300000] [id=12332]
  0x000002b27fc96000 GCTaskThread "GC Thread#3" [stack: 0x000000dd63300000,0x000000dd63400000] [id=12864]
  0x000002b26f464800 ConcurrentGCThread "G1 Main Marker" [stack: 0x000000dd61c00000,0x000000dd61d00000] [id=12360]
  0x000002b26f467800 ConcurrentGCThread "G1 Conc#0" [stack: 0x000000dd61d00000,0x000000dd61e00000] [id=1384]
  0x000002b26f4df800 ConcurrentGCThread "G1 Refine#0" [stack: 0x000000dd61e00000,0x000000dd61f00000] [id=14072]
  0x000002b257076800 ConcurrentGCThread "G1 Refine#1" [stack: 0x000000dd64100000,0x000000dd64200000] [id=2152]
  0x000002b26f4e0800 ConcurrentGCThread "G1 Young RemSet Sampling" [stack: 0x000000dd61f00000,0x000000dd62000000] [id=14244]

Threads with active compile tasks:

VM state:not at safepoint (normal execution)

VM Mutex/Monitor currently owned by a thread: None

Heap address: 0x0000000084400000, size: 1980 MB, Compressed Oops mode: 32-bit
Narrow klass base: 0x0000000800000000, Narrow klass shift: 3
Compressed class space size: 1073741824 Address: 0x0000000800b30000

Heap:
 garbage-first heap   total 214016K, used 162726K [0x0000000084400000, 0x0000000100000000)
  region size 1024K, 9 young (9216K), 2 survivors (2048K)
 Metaspace       used 33723K, capacity 34993K, committed 35200K, reserved 1079296K
  class space    used 3848K, capacity 4355K, committed 4480K, reserved 1048576K
Heap Regions: E=young(eden), S=young(survivor), O=old, HS=humongous(starts), HC=humongous(continues), CS=collection set, F=free, OA=open archive, CA=closed archive, TAMS=top-at-mark-start (previous, next)
|   0|0x0000000084400000, 0x0000000084500000, 0x0000000084500000|100%| O|  |TAMS 0x0000000084500000, 0x0000000084400000| Untracked 
|   1|0x0000000084500000, 0x0000000084600000, 0x0000000084600000|100%| O|  |TAMS 0x0000000084600000, 0x0000000084500000| Untracked 
|   2|0x0000000084600000, 0x00000000846e5e00, 0x0000000084700000| 89%| O|  |TAMS 0x00000000846e5e00, 0x0000000084600000| Untracked 
|   3|0x0000000084700000, 0x0000000084800000, 0x0000000084800000|100%| O|  |TAMS 0x0000000084800000, 0x0000000084700000| Untracked 
|   4|0x0000000084800000, 0x0000000084900000, 0x0000000084900000|100%| O|  |TAMS 0x0000000084900000, 0x0000000084800000| Untracked 
|   5|0x0000000084900000, 0x0000000084a00000, 0x0000000084a00000|100%| O|  |TAMS 0x0000000084a00000, 0x0000000084900000| Untracked 
|   6|0x0000000084a00000, 0x0000000084b00000, 0x0000000084b00000|100%| O|  |TAMS 0x0000000084b00000, 0x0000000084a00000| Untracked 
|   7|0x0000000084b00000, 0x0000000084c00000, 0x0000000084c00000|100%| O|  |TAMS 0x0000000084c00000, 0x0000000084b00000| Untracked 
|   8|0x0000000084c00000, 0x0000000084d00000, 0x0000000084d00000|100%| O|  |TAMS 0x0000000084d00000, 0x0000000084c00000| Untracked 
|   9|0x0000000084d00000, 0x0000000084e00000, 0x0000000084e00000|100%| O|  |TAMS 0x0000000084e00000, 0x0000000084d00000| Untracked 
|  10|0x0000000084e00000, 0x0000000084f00000, 0x0000000084f00000|100%| O|  |TAMS 0x0000000084f00000, 0x0000000084e00000| Untracked 
|  11|0x0000000084f00000, 0x0000000085000000, 0x0000000085000000|100%| O|  |TAMS 0x0000000085000000, 0x0000000084f00000| Untracked 
|  12|0x0000000085000000, 0x0000000085020400, 0x0000000085100000| 12%| O|  |TAMS 0x0000000085020400, 0x0000000085000000| Untracked 
|  13|0x0000000085100000, 0x0000000085129200, 0x0000000085200000| 16%| O|  |TAMS 0x0000000085129200, 0x0000000085100000| Untracked 
|  14|0x0000000085200000, 0x0000000085300000, 0x0000000085300000|100%| O|  |TAMS 0x0000000085300000, 0x0000000085200000| Untracked 
|  15|0x0000000085300000, 0x0000000085313c00, 0x0000000085400000|  7%| O|  |TAMS 0x0000000085313c00, 0x0000000085300000| Untracked 
|  16|0x0000000085400000, 0x0000000085500000, 0x0000000085500000|100%| O|  |TAMS 0x0000000085500000, 0x0000000085400000| Untracked 
|  17|0x0000000085500000, 0x0000000085500000, 0x0000000085600000|  0%| F|  |TAMS 0x0000000085500000, 0x0000000085500000| Untracked 
|  18|0x0000000085600000, 0x0000000085600000, 0x0000000085700000|  0%| F|  |TAMS 0x0000000085600000, 0x0000000085600000| Untracked 
|  19|0x0000000085700000, 0x0000000085800000, 0x0000000085800000|100%| O|  |TAMS 0x0000000085800000, 0x0000000085700000| Untracked 
|  20|0x0000000085800000, 0x0000000085900000, 0x0000000085900000|100%|HS|  |TAMS 0x0000000085900000, 0x0000000085800000| Complete 
|  21|0x0000000085900000, 0x0000000085a00000, 0x0000000085a00000|100%|HC|  |TAMS 0x0000000085a00000, 0x0000000085900000| Complete 
|  22|0x0000000085a00000, 0x0000000085a00000, 0x0000000085b00000|  0%| F|  |TAMS 0x0000000085a00000, 0x0000000085a00000| Untracked 
|  23|0x0000000085b00000, 0x0000000085b62800, 0x0000000085c00000| 38%| O|  |TAMS 0x0000000085b61000, 0x0000000085b00000| Untracked 
|  24|0x0000000085c00000, 0x0000000085d00000, 0x0000000085d00000|100%| O|  |TAMS 0x0000000085d00000, 0x0000000085c00000| Untracked 
|  25|0x0000000085d00000, 0x0000000085e00000, 0x0000000085e00000|100%| O|  |TAMS 0x0000000085e00000, 0x0000000085d00000| Untracked 
|  26|0x0000000085e00000, 0x0000000085f00000, 0x0000000085f00000|100%| O|  |TAMS 0x0000000085f00000, 0x0000000085e00000| Untracked 
|  27|0x0000000085f00000, 0x0000000086000000, 0x0000000086000000|100%| O|  |TAMS 0x0000000086000000, 0x0000000085f00000| Untracked 
|  28|0x0000000086000000, 0x0000000086000000, 0x0000000086100000|  0%| F|  |TAMS 0x0000000086000000, 0x0000000086000000| Untracked 
|  29|0x0000000086100000, 0x0000000086200000, 0x0000000086200000|100%| O|  |TAMS 0x0000000086200000, 0x0000000086100000| Untracked 
|  30|0x0000000086200000, 0x0000000086300000, 0x0000000086300000|100%| O|  |TAMS 0x0000000086300000, 0x0000000086200000| Untracked 
|  31|0x0000000086300000, 0x0000000086400000, 0x0000000086400000|100%|HS|  |TAMS 0x0000000086400000, 0x0000000086300000| Complete 
|  32|0x0000000086400000, 0x0000000086500000, 0x0000000086500000|100%|HC|  |TAMS 0x0000000086500000, 0x0000000086400000| Complete 
|  33|0x0000000086500000, 0x0000000086500000, 0x0000000086600000|  0%| F|  |TAMS 0x0000000086500000, 0x0000000086500000| Untracked 
|  34|0x0000000086600000, 0x0000000086600000, 0x0000000086700000|  0%| F|  |TAMS 0x0000000086600000, 0x0000000086600000| Untracked 
|  35|0x0000000086700000, 0x0000000086800000, 0x0000000086800000|100%| O|  |TAMS 0x0000000086800000, 0x0000000086700000| Untracked 
|  36|0x0000000086800000, 0x0000000086900000, 0x0000000086900000|100%| O|  |TAMS 0x0000000086900000, 0x0000000086800000| Untracked 
|  37|0x0000000086900000, 0x0000000086a00000, 0x0000000086a00000|100%| O|  |TAMS 0x0000000086a00000, 0x0000000086900000| Untracked 
|  38|0x0000000086a00000, 0x0000000086af0000, 0x0000000086b00000| 93%| O|  |TAMS 0x0000000086af0000, 0x0000000086a00000| Untracked 
|  39|0x0000000086b00000, 0x0000000086b00000, 0x0000000086c00000|  0%| F|  |TAMS 0x0000000086b00000, 0x0000000086b00000| Untracked 
|  40|0x0000000086c00000, 0x0000000086d00000, 0x0000000086d00000|100%| O|  |TAMS 0x0000000086d00000, 0x0000000086c00000| Untracked 
|  41|0x0000000086d00000, 0x0000000086e00000, 0x0000000086e00000|100%|HS|  |TAMS 0x0000000086d00000, 0x0000000086d00000| Complete 
|  42|0x0000000086e00000, 0x0000000086f00000, 0x0000000086f00000|100%|HC|  |TAMS 0x0000000086e00000, 0x0000000086e00000| Complete 
|  43|0x0000000086f00000, 0x0000000087000000, 0x0000000087000000|100%|HC|  |TAMS 0x0000000086f00000, 0x0000000086f00000| Complete 
|  44|0x0000000087000000, 0x0000000087100000, 0x0000000087100000|100%|HC|  |TAMS 0x0000000087000000, 0x0000000087000000| Complete 
|  45|0x0000000087100000, 0x0000000087200000, 0x0000000087200000|100%|HC|  |TAMS 0x0000000087100000, 0x0000000087100000| Complete 
|  46|0x0000000087200000, 0x0000000087300000, 0x0000000087300000|100%|HC|  |TAMS 0x0000000087200000, 0x0000000087200000| Complete 
|  47|0x0000000087300000, 0x0000000087400000, 0x0000000087400000|100%|HC|  |TAMS 0x0000000087300000, 0x0000000087300000| Complete 
|  48|0x0000000087400000, 0x0000000087500000, 0x0000000087500000|100%|HC|  |TAMS 0x0000000087400000, 0x0000000087400000| Complete 
|  49|0x0000000087500000, 0x0000000087600000, 0x0000000087600000|100%|HC|  |TAMS 0x0000000087500000, 0x0000000087500000| Complete 
|  50|0x0000000087600000, 0x0000000087700000, 0x0000000087700000|100%|HC|  |TAMS 0x0000000087600000, 0x0000000087600000| Complete 
|  51|0x0000000087700000, 0x0000000087800000, 0x0000000087800000|100%|HC|  |TAMS 0x0000000087700000, 0x0000000087700000| Complete 
|  52|0x0000000087800000, 0x0000000087900000, 0x0000000087900000|100%|HC|  |TAMS 0x0000000087800000, 0x0000000087800000| Complete 
|  53|0x0000000087900000, 0x0000000087a00000, 0x0000000087a00000|100%|HC|  |TAMS 0x0000000087900000, 0x0000000087900000| Complete 
|  54|0x0000000087a00000, 0x0000000087b00000, 0x0000000087b00000|100%|HC|  |TAMS 0x0000000087a00000, 0x0000000087a00000| Complete 
|  55|0x0000000087b00000, 0x0000000087c00000, 0x0000000087c00000|100%|HC|  |TAMS 0x0000000087b00000, 0x0000000087b00000| Complete 
|  56|0x0000000087c00000, 0x0000000087d00000, 0x0000000087d00000|100%|HC|  |TAMS 0x0000000087c00000, 0x0000000087c00000| Complete 
|  57|0x0000000087d00000, 0x0000000087e00000, 0x0000000087e00000|100%|HC|  |TAMS 0x0000000087d00000, 0x0000000087d00000| Complete 
|  58|0x0000000087e00000, 0x0000000087e00000, 0x0000000087f00000|  0%| F|  |TAMS 0x0000000087e00000, 0x0000000087e00000| Untracked 
|  59|0x0000000087f00000, 0x0000000087f00000, 0x0000000088000000|  0%| F|  |TAMS 0x0000000087f00000, 0x0000000087f00000| Untracked 
|  60|0x0000000088000000, 0x0000000088000000, 0x0000000088100000|  0%| F|  |TAMS 0x0000000088000000, 0x0000000088000000| Untracked 
|  61|0x0000000088100000, 0x0000000088100000, 0x0000000088200000|  0%| F|  |TAMS 0x0000000088100000, 0x0000000088100000| Untracked 
|  62|0x0000000088200000, 0x0000000088200000, 0x0000000088300000|  0%| F|  |TAMS 0x0000000088200000, 0x0000000088200000| Untracked 
|  63|0x0000000088300000, 0x0000000088400000, 0x0000000088400000|100%| O|  |TAMS 0x0000000088400000, 0x0000000088300000| Untracked 
|  64|0x0000000088400000, 0x0000000088500000, 0x0000000088500000|100%| O|  |TAMS 0x0000000088500000, 0x0000000088400000| Untracked 
|  65|0x0000000088500000, 0x0000000088600000, 0x0000000088600000|100%|HS|  |TAMS 0x0000000088500000, 0x0000000088500000| Complete 
|  66|0x0000000088600000, 0x0000000088700000, 0x0000000088700000|100%|HC|  |TAMS 0x0000000088600000, 0x0000000088600000| Complete 
|  67|0x0000000088700000, 0x0000000088800000, 0x0000000088800000|100%|HC|  |TAMS 0x0000000088700000, 0x0000000088700000| Complete 
|  68|0x0000000088800000, 0x0000000088900000, 0x0000000088900000|100%|HC|  |TAMS 0x0000000088800000, 0x0000000088800000| Complete 
|  69|0x0000000088900000, 0x0000000088a00000, 0x0000000088a00000|100%|HC|  |TAMS 0x0000000088900000, 0x0000000088900000| Complete 
|  70|0x0000000088a00000, 0x0000000088b00000, 0x0000000088b00000|100%|HC|  |TAMS 0x0000000088a00000, 0x0000000088a00000| Complete 
|  71|0x0000000088b00000, 0x0000000088c00000, 0x0000000088c00000|100%|HC|  |TAMS 0x0000000088b00000, 0x0000000088b00000| Complete 
|  72|0x0000000088c00000, 0x0000000088d00000, 0x0000000088d00000|100%|HC|  |TAMS 0x0000000088c00000, 0x0000000088c00000| Complete 
|  73|0x0000000088d00000, 0x0000000088e00000, 0x0000000088e00000|100%|HC|  |TAMS 0x0000000088d00000, 0x0000000088d00000| Complete 
|  74|0x0000000088e00000, 0x0000000088f00000, 0x0000000088f00000|100%|HC|  |TAMS 0x0000000088e00000, 0x0000000088e00000| Complete 
|  75|0x0000000088f00000, 0x0000000089000000, 0x0000000089000000|100%|HC|  |TAMS 0x0000000088f00000, 0x0000000088f00000| Complete 
|  76|0x0000000089000000, 0x0000000089100000, 0x0000000089100000|100%|HC|  |TAMS 0x0000000089000000, 0x0000000089000000| Complete 
|  77|0x0000000089100000, 0x0000000089200000, 0x0000000089200000|100%|HC|  |TAMS 0x0000000089100000, 0x0000000089100000| Complete 
|  78|0x0000000089200000, 0x0000000089300000, 0x0000000089300000|100%|HC|  |TAMS 0x0000000089200000, 0x0000000089200000| Complete 
|  79|0x0000000089300000, 0x0000000089400000, 0x0000000089400000|100%|HC|  |TAMS 0x0000000089300000, 0x0000000089300000| Complete 
|  80|0x0000000089400000, 0x0000000089500000, 0x0000000089500000|100%|HC|  |TAMS 0x0000000089400000, 0x0000000089400000| Complete 
|  81|0x0000000089500000, 0x0000000089600000, 0x0000000089600000|100%|HC|  |TAMS 0x0000000089500000, 0x0000000089500000| Complete 
|  82|0x0000000089600000, 0x0000000089700000, 0x0000000089700000|100%|HS|  |TAMS 0x0000000089600000, 0x0000000089600000| Complete 
|  83|0x0000000089700000, 0x0000000089800000, 0x0000000089800000|100%|HC|  |TAMS 0x0000000089700000, 0x0000000089700000| Complete 
|  84|0x0000000089800000, 0x0000000089900000, 0x0000000089900000|100%|HC|  |TAMS 0x0000000089800000, 0x0000000089800000| Complete 
|  85|0x0000000089900000, 0x0000000089a00000, 0x0000000089a00000|100%|HC|  |TAMS 0x0000000089900000, 0x0000000089900000| Complete 
|  86|0x0000000089a00000, 0x0000000089b00000, 0x0000000089b00000|100%|HC|  |TAMS 0x0000000089a00000, 0x0000000089a00000| Complete 
|  87|0x0000000089b00000, 0x0000000089c00000, 0x0000000089c00000|100%|HC|  |TAMS 0x0000000089b00000, 0x0000000089b00000| Complete 
|  88|0x0000000089c00000, 0x0000000089d00000, 0x0000000089d00000|100%|HC|  |TAMS 0x0000000089c00000, 0x0000000089c00000| Complete 
|  89|0x0000000089d00000, 0x0000000089e00000, 0x0000000089e00000|100%|HC|  |TAMS 0x0000000089d00000, 0x0000000089d00000| Complete 
|  90|0x0000000089e00000, 0x0000000089f00000, 0x0000000089f00000|100%|HC|  |TAMS 0x0000000089e00000, 0x0000000089e00000| Complete 
|  91|0x0000000089f00000, 0x000000008a000000, 0x000000008a000000|100%|HC|  |TAMS 0x0000000089f00000, 0x0000000089f00000| Complete 
|  92|0x000000008a000000, 0x000000008a100000, 0x000000008a100000|100%|HC|  |TAMS 0x000000008a000000, 0x000000008a000000| Complete 
|  93|0x000000008a100000, 0x000000008a200000, 0x000000008a200000|100%|HC|  |TAMS 0x000000008a100000, 0x000000008a100000| Complete 
|  94|0x000000008a200000, 0x000000008a300000, 0x000000008a300000|100%|HC|  |TAMS 0x000000008a200000, 0x000000008a200000| Complete 
|  95|0x000000008a300000, 0x000000008a400000, 0x000000008a400000|100%|HC|  |TAMS 0x000000008a300000, 0x000000008a300000| Complete 
|  96|0x000000008a400000, 0x000000008a500000, 0x000000008a500000|100%|HC|  |TAMS 0x000000008a400000, 0x000000008a400000| Complete 
|  97|0x000000008a500000, 0x000000008a600000, 0x000000008a600000|100%|HC|  |TAMS 0x000000008a500000, 0x000000008a500000| Complete 
|  98|0x000000008a600000, 0x000000008a700000, 0x000000008a700000|100%|HC|  |TAMS 0x000000008a600000, 0x000000008a600000| Complete 
|  99|0x000000008a700000, 0x000000008a800000, 0x000000008a800000|100%|HS|  |TAMS 0x000000008a700000, 0x000000008a700000| Complete 
| 100|0x000000008a800000, 0x000000008a900000, 0x000000008a900000|100%|HC|  |TAMS 0x000000008a800000, 0x000000008a800000| Complete 
| 101|0x000000008a900000, 0x000000008aa00000, 0x000000008aa00000|100%|HC|  |TAMS 0x000000008a900000, 0x000000008a900000| Complete 
| 102|0x000000008aa00000, 0x000000008ab00000, 0x000000008ab00000|100%|HC|  |TAMS 0x000000008aa00000, 0x000000008aa00000| Complete 
| 103|0x000000008ab00000, 0x000000008ac00000, 0x000000008ac00000|100%|HC|  |TAMS 0x000000008ab00000, 0x000000008ab00000| Complete 
| 104|0x000000008ac00000, 0x000000008ad00000, 0x000000008ad00000|100%|HC|  |TAMS 0x000000008ac00000, 0x000000008ac00000| Complete 
| 105|0x000000008ad00000, 0x000000008ae00000, 0x000000008ae00000|100%|HC|  |TAMS 0x000000008ad00000, 0x000000008ad00000| Complete 
| 106|0x000000008ae00000, 0x000000008af00000, 0x000000008af00000|100%|HC|  |TAMS 0x000000008ae00000, 0x000000008ae00000| Complete 
| 107|0x000000008af00000, 0x000000008b000000, 0x000000008b000000|100%|HC|  |TAMS 0x000000008af00000, 0x000000008af00000| Complete 
| 108|0x000000008b000000, 0x000000008b100000, 0x000000008b100000|100%|HC|  |TAMS 0x000000008b000000, 0x000000008b000000| Complete 
| 109|0x000000008b100000, 0x000000008b200000, 0x000000008b200000|100%|HC|  |TAMS 0x000000008b100000, 0x000000008b100000| Complete 
| 110|0x000000008b200000, 0x000000008b300000, 0x000000008b300000|100%|HC|  |TAMS 0x000000008b200000, 0x000000008b200000| Complete 
| 111|0x000000008b300000, 0x000000008b400000, 0x000000008b400000|100%|HC|  |TAMS 0x000000008b300000, 0x000000008b300000| Complete 
| 112|0x000000008b400000, 0x000000008b500000, 0x000000008b500000|100%|HC|  |TAMS 0x000000008b400000, 0x000000008b400000| Complete 
| 113|0x000000008b500000, 0x000000008b600000, 0x000000008b600000|100%|HC|  |TAMS 0x000000008b500000, 0x000000008b500000| Complete 
| 114|0x000000008b600000, 0x000000008b700000, 0x000000008b700000|100%|HC|  |TAMS 0x000000008b600000, 0x000000008b600000| Complete 
| 115|0x000000008b700000, 0x000000008b800000, 0x000000008b800000|100%|HC|  |TAMS 0x000000008b700000, 0x000000008b700000| Complete 
| 116|0x000000008b800000, 0x000000008b900000, 0x000000008b900000|100%|HS|  |TAMS 0x000000008b800000, 0x000000008b800000| Complete 
| 117|0x000000008b900000, 0x000000008ba00000, 0x000000008ba00000|100%|HC|  |TAMS 0x000000008b900000, 0x000000008b900000| Complete 
| 118|0x000000008ba00000, 0x000000008bb00000, 0x000000008bb00000|100%|HC|  |TAMS 0x000000008ba00000, 0x000000008ba00000| Complete 
| 119|0x000000008bb00000, 0x000000008bc00000, 0x000000008bc00000|100%|HC|  |TAMS 0x000000008bb00000, 0x000000008bb00000| Complete 
| 120|0x000000008bc00000, 0x000000008bd00000, 0x000000008bd00000|100%|HC|  |TAMS 0x000000008bc00000, 0x000000008bc00000| Complete 
| 121|0x000000008bd00000, 0x000000008be00000, 0x000000008be00000|100%|HC|  |TAMS 0x000000008bd00000, 0x000000008bd00000| Complete 
| 122|0x000000008be00000, 0x000000008bf00000, 0x000000008bf00000|100%|HC|  |TAMS 0x000000008be00000, 0x000000008be00000| Complete 
| 123|0x000000008bf00000, 0x000000008c000000, 0x000000008c000000|100%|HC|  |TAMS 0x000000008bf00000, 0x000000008bf00000| Complete 
| 124|0x000000008c000000, 0x000000008c100000, 0x000000008c100000|100%|HC|  |TAMS 0x000000008c000000, 0x000000008c000000| Complete 
| 125|0x000000008c100000, 0x000000008c200000, 0x000000008c200000|100%|HC|  |TAMS 0x000000008c100000, 0x000000008c100000| Complete 
| 126|0x000000008c200000, 0x000000008c300000, 0x000000008c300000|100%|HC|  |TAMS 0x000000008c200000, 0x000000008c200000| Complete 
| 127|0x000000008c300000, 0x000000008c400000, 0x000000008c400000|100%|HC|  |TAMS 0x000000008c300000, 0x000000008c300000| Complete 
| 128|0x000000008c400000, 0x000000008c500000, 0x000000008c500000|100%|HC|  |TAMS 0x000000008c400000, 0x000000008c400000| Complete 
| 129|0x000000008c500000, 0x000000008c600000, 0x000000008c600000|100%|HC|  |TAMS 0x000000008c500000, 0x000000008c500000| Complete 
| 130|0x000000008c600000, 0x000000008c700000, 0x000000008c700000|100%|HC|  |TAMS 0x000000008c600000, 0x000000008c600000| Complete 
| 131|0x000000008c700000, 0x000000008c800000, 0x000000008c800000|100%|HC|  |TAMS 0x000000008c700000, 0x000000008c700000| Complete 
| 132|0x000000008c800000, 0x000000008c900000, 0x000000008c900000|100%|HC|  |TAMS 0x000000008c800000, 0x000000008c800000| Complete 
| 133|0x000000008c900000, 0x000000008ca00000, 0x000000008ca00000|100%|HS|  |TAMS 0x000000008c900000, 0x000000008c900000| Complete 
| 134|0x000000008ca00000, 0x000000008cb00000, 0x000000008cb00000|100%|HC|  |TAMS 0x000000008ca00000, 0x000000008ca00000| Complete 
| 135|0x000000008cb00000, 0x000000008cc00000, 0x000000008cc00000|100%|HC|  |TAMS 0x000000008cb00000, 0x000000008cb00000| Complete 
| 136|0x000000008cc00000, 0x000000008cd00000, 0x000000008cd00000|100%|HC|  |TAMS 0x000000008cc00000, 0x000000008cc00000| Complete 
| 137|0x000000008cd00000, 0x000000008ce00000, 0x000000008ce00000|100%|HC|  |TAMS 0x000000008cd00000, 0x000000008cd00000| Complete 
| 138|0x000000008ce00000, 0x000000008cf00000, 0x000000008cf00000|100%|HC|  |TAMS 0x000000008ce00000, 0x000000008ce00000| Complete 
| 139|0x000000008cf00000, 0x000000008d000000, 0x000000008d000000|100%|HC|  |TAMS 0x000000008cf00000, 0x000000008cf00000| Complete 
| 140|0x000000008d000000, 0x000000008d100000, 0x000000008d100000|100%|HC|  |TAMS 0x000000008d000000, 0x000000008d000000| Complete 
| 141|0x000000008d100000, 0x000000008d200000, 0x000000008d200000|100%|HC|  |TAMS 0x000000008d100000, 0x000000008d100000| Complete 
| 142|0x000000008d200000, 0x000000008d300000, 0x000000008d300000|100%|HC|  |TAMS 0x000000008d200000, 0x000000008d200000| Complete 
| 143|0x000000008d300000, 0x000000008d400000, 0x000000008d400000|100%|HC|  |TAMS 0x000000008d300000, 0x000000008d300000| Complete 
| 144|0x000000008d400000, 0x000000008d500000, 0x000000008d500000|100%|HC|  |TAMS 0x000000008d400000, 0x000000008d400000| Complete 
| 145|0x000000008d500000, 0x000000008d600000, 0x000000008d600000|100%|HC|  |TAMS 0x000000008d500000, 0x000000008d500000| Complete 
| 146|0x000000008d600000, 0x000000008d700000, 0x000000008d700000|100%|HC|  |TAMS 0x000000008d600000, 0x000000008d600000| Complete 
| 147|0x000000008d700000, 0x000000008d800000, 0x000000008d800000|100%|HC|  |TAMS 0x000000008d700000, 0x000000008d700000| Complete 
| 148|0x000000008d800000, 0x000000008d900000, 0x000000008d900000|100%|HC|  |TAMS 0x000000008d800000, 0x000000008d800000| Complete 
| 149|0x000000008d900000, 0x000000008da00000, 0x000000008da00000|100%|HC|  |TAMS 0x000000008d900000, 0x000000008d900000| Complete 
| 150|0x000000008da00000, 0x000000008db00000, 0x000000008db00000|100%|HS|  |TAMS 0x000000008da00000, 0x000000008da00000| Complete 
| 151|0x000000008db00000, 0x000000008dc00000, 0x000000008dc00000|100%|HC|  |TAMS 0x000000008db00000, 0x000000008db00000| Complete 
| 152|0x000000008dc00000, 0x000000008dd00000, 0x000000008dd00000|100%|HC|  |TAMS 0x000000008dc00000, 0x000000008dc00000| Complete 
| 153|0x000000008dd00000, 0x000000008de00000, 0x000000008de00000|100%|HC|  |TAMS 0x000000008dd00000, 0x000000008dd00000| Complete 
| 154|0x000000008de00000, 0x000000008df00000, 0x000000008df00000|100%|HC|  |TAMS 0x000000008de00000, 0x000000008de00000| Complete 
| 155|0x000000008df00000, 0x000000008e000000, 0x000000008e000000|100%|HC|  |TAMS 0x000000008df00000, 0x000000008df00000| Complete 
| 156|0x000000008e000000, 0x000000008e100000, 0x000000008e100000|100%|HC|  |TAMS 0x000000008e000000, 0x000000008e000000| Complete 
| 157|0x000000008e100000, 0x000000008e200000, 0x000000008e200000|100%|HC|  |TAMS 0x000000008e100000, 0x000000008e100000| Complete 
| 158|0x000000008e200000, 0x000000008e300000, 0x000000008e300000|100%|HC|  |TAMS 0x000000008e200000, 0x000000008e200000| Complete 
| 159|0x000000008e300000, 0x000000008e400000, 0x000000008e400000|100%|HC|  |TAMS 0x000000008e300000, 0x000000008e300000| Complete 
| 160|0x000000008e400000, 0x000000008e500000, 0x000000008e500000|100%|HC|  |TAMS 0x000000008e400000, 0x000000008e400000| Complete 
| 161|0x000000008e500000, 0x000000008e600000, 0x000000008e600000|100%|HC|  |TAMS 0x000000008e500000, 0x000000008e500000| Complete 
| 162|0x000000008e600000, 0x000000008e700000, 0x000000008e700000|100%|HC|  |TAMS 0x000000008e600000, 0x000000008e600000| Complete 
| 163|0x000000008e700000, 0x000000008e800000, 0x000000008e800000|100%|HC|  |TAMS 0x000000008e700000, 0x000000008e700000| Complete 
| 164|0x000000008e800000, 0x000000008e900000, 0x000000008e900000|100%|HC|  |TAMS 0x000000008e800000, 0x000000008e800000| Complete 
| 165|0x000000008e900000, 0x000000008ea00000, 0x000000008ea00000|100%|HC|  |TAMS 0x000000008e900000, 0x000000008e900000| Complete 
| 166|0x000000008ea00000, 0x000000008eb00000, 0x000000008eb00000|100%|HC|  |TAMS 0x000000008ea00000, 0x000000008ea00000| Complete 
| 167|0x000000008eb00000, 0x000000008eb00000, 0x000000008ec00000|  0%| F|  |TAMS 0x000000008eb00000, 0x000000008eb00000| Untracked 
| 168|0x000000008ec00000, 0x000000008ec00000, 0x000000008ed00000|  0%| F|  |TAMS 0x000000008ec00000, 0x000000008ec00000| Untracked 
| 169|0x000000008ed00000, 0x000000008ed00000, 0x000000008ee00000|  0%| F|  |TAMS 0x000000008ed00000, 0x000000008ed00000| Untracked 
| 170|0x000000008ee00000, 0x000000008ee00000, 0x000000008ef00000|  0%| F|  |TAMS 0x000000008ee00000, 0x000000008ee00000| Untracked 
| 171|0x000000008ef00000, 0x000000008ef00000, 0x000000008f000000|  0%| F|  |TAMS 0x000000008ef00000, 0x000000008ef00000| Untracked 
| 172|0x000000008f000000, 0x000000008f000000, 0x000000008f100000|  0%| F|  |TAMS 0x000000008f000000, 0x000000008f000000| Untracked 
| 173|0x000000008f100000, 0x000000008f100000, 0x000000008f200000|  0%| F|  |TAMS 0x000000008f100000, 0x000000008f100000| Untracked 
| 174|0x000000008f200000, 0x000000008f200000, 0x000000008f300000|  0%| F|  |TAMS 0x000000008f200000, 0x000000008f200000| Untracked 
| 175|0x000000008f300000, 0x000000008f300000, 0x000000008f400000|  0%| F|  |TAMS 0x000000008f300000, 0x000000008f300000| Untracked 
| 176|0x000000008f400000, 0x000000008f400000, 0x000000008f500000|  0%| F|  |TAMS 0x000000008f400000, 0x000000008f400000| Untracked 
| 177|0x000000008f500000, 0x000000008f500000, 0x000000008f600000|  0%| F|  |TAMS 0x000000008f500000, 0x000000008f500000| Untracked 
| 178|0x000000008f600000, 0x000000008f600000, 0x000000008f700000|  0%| F|  |TAMS 0x000000008f600000, 0x000000008f600000| Untracked 
| 179|0x000000008f700000, 0x000000008f700000, 0x000000008f800000|  0%| F|  |TAMS 0x000000008f700000, 0x000000008f700000| Untracked 
| 180|0x000000008f800000, 0x000000008f800000, 0x000000008f900000|  0%| F|  |TAMS 0x000000008f800000, 0x000000008f800000| Untracked 
| 181|0x000000008f900000, 0x000000008f900000, 0x000000008fa00000|  0%| F|  |TAMS 0x000000008f900000, 0x000000008f900000| Untracked 
| 182|0x000000008fa00000, 0x000000008fa00000, 0x000000008fb00000|  0%| F|  |TAMS 0x000000008fa00000, 0x000000008fa00000| Untracked 
| 183|0x000000008fb00000, 0x000000008fb00000, 0x000000008fc00000|  0%| F|  |TAMS 0x000000008fb00000, 0x000000008fb00000| Untracked 
| 184|0x000000008fc00000, 0x000000008fc00000, 0x000000008fd00000|  0%| F|  |TAMS 0x000000008fc00000, 0x000000008fc00000| Untracked 
| 185|0x000000008fd00000, 0x000000008fd00000, 0x000000008fe00000|  0%| F|  |TAMS 0x000000008fd00000, 0x000000008fd00000| Untracked 
| 186|0x000000008fe00000, 0x000000008fe00000, 0x000000008ff00000|  0%| F|  |TAMS 0x000000008fe00000, 0x000000008fe00000| Untracked 
| 187|0x000000008ff00000, 0x000000008ff00000, 0x0000000090000000|  0%| F|  |TAMS 0x000000008ff00000, 0x000000008ff00000| Untracked 
| 188|0x0000000090000000, 0x0000000090000000, 0x0000000090100000|  0%| F|  |TAMS 0x0000000090000000, 0x0000000090000000| Untracked 
| 189|0x0000000090100000, 0x0000000090100000, 0x0000000090200000|  0%| F|  |TAMS 0x0000000090100000, 0x0000000090100000| Untracked 
| 190|0x0000000090200000, 0x0000000090200000, 0x0000000090300000|  0%| F|  |TAMS 0x0000000090200000, 0x0000000090200000| Untracked 
| 191|0x0000000090300000, 0x0000000090300000, 0x0000000090400000|  0%| F|  |TAMS 0x0000000090300000, 0x0000000090300000| Untracked 
| 192|0x0000000090400000, 0x0000000090400000, 0x0000000090500000|  0%| F|  |TAMS 0x0000000090400000, 0x0000000090400000| Untracked 
| 193|0x0000000090500000, 0x0000000090500000, 0x0000000090600000|  0%| F|  |TAMS 0x0000000090500000, 0x0000000090500000| Untracked 
| 194|0x0000000090600000, 0x0000000090600000, 0x0000000090700000|  0%| F|  |TAMS 0x0000000090600000, 0x0000000090600000| Untracked 
| 195|0x0000000090700000, 0x0000000090700000, 0x0000000090800000|  0%| F|  |TAMS 0x0000000090700000, 0x0000000090700000| Untracked 
| 196|0x0000000090800000, 0x0000000090800000, 0x0000000090900000|  0%| F|  |TAMS 0x0000000090800000, 0x0000000090800000| Untracked 
| 197|0x0000000090900000, 0x0000000090900000, 0x0000000090a00000|  0%| F|  |TAMS 0x0000000090900000, 0x0000000090900000| Untracked 
| 198|0x0000000090a00000, 0x0000000090a00000, 0x0000000090b00000|  0%| F|  |TAMS 0x0000000090a00000, 0x0000000090a00000| Untracked 
| 199|0x0000000090b00000, 0x0000000090b00000, 0x0000000090c00000|  0%| F|  |TAMS 0x0000000090b00000, 0x0000000090b00000| Untracked 
| 200|0x0000000090c00000, 0x0000000090c06030, 0x0000000090d00000|  2%| E|  |TAMS 0x0000000090c00000, 0x0000000090c00000| Complete 
| 201|0x0000000090d00000, 0x0000000090d54178, 0x0000000090e00000| 32%| S|CS|TAMS 0x0000000090d00000, 0x0000000090d00000| Complete 
| 202|0x0000000090e00000, 0x0000000090f00000, 0x0000000090f00000|100%| S|CS|TAMS 0x0000000090e00000, 0x0000000090e00000| Complete 
| 203|0x0000000090f00000, 0x0000000091000000, 0x0000000091000000|100%| E|CS|TAMS 0x0000000090f00000, 0x0000000090f00000| Complete 
| 204|0x0000000091000000, 0x0000000091100000, 0x0000000091100000|100%| E|CS|TAMS 0x0000000091000000, 0x0000000091000000| Complete 
| 205|0x0000000091100000, 0x0000000091200000, 0x0000000091200000|100%| E|CS|TAMS 0x0000000091100000, 0x0000000091100000| Complete 
| 368|0x000000009b400000, 0x000000009b500000, 0x000000009b500000|100%| E|CS|TAMS 0x000000009b400000, 0x000000009b400000| Complete 
| 373|0x000000009b900000, 0x000000009ba00000, 0x000000009ba00000|100%| E|CS|TAMS 0x000000009b900000, 0x000000009b900000| Complete 
| 374|0x000000009ba00000, 0x000000009bb00000, 0x000000009bb00000|100%| E|CS|TAMS 0x000000009ba00000, 0x000000009ba00000| Complete 

Card table byte_map: [0x000002b277fa0000,0x000002b278380000] _byte_map_base: 0x000002b277b7e000

Marking Bits (Prev, Next): (CMBitMap*) 0x000002b26f454828, (CMBitMap*) 0x000002b26f4547e8
 Prev Bits: [0x000002b27a650000, 0x000002b27c540000)
 Next Bits: [0x000002b278760000, 0x000002b27a650000)

Polling page: 0x000002b26d410000

Metaspace:

Usage:
  Non-class:     29.92 MB capacity,    29.17 MB ( 98%) used,   612.70 KB (  2%) free+waste,   150.88 KB ( <1%) overhead. 
      Class:      4.25 MB capacity,     3.76 MB ( 88%) used,   434.88 KB ( 10%) free+waste,    71.13 KB (  2%) overhead. 
       Both:     34.17 MB capacity,    32.93 MB ( 96%) used,     1.02 MB (  3%) free+waste,   222.00 KB ( <1%) overhead. 

Virtual space:
  Non-class space:       30.00 MB reserved,      30.00 MB (100%) committed 
      Class space:        1.00 GB reserved,       4.38 MB ( <1%) committed 
             Both:        1.03 GB reserved,      34.38 MB (  3%) committed 

Chunk freelists:
   Non-Class:  18.00 KB
       Class:  0 bytes
        Both:  18.00 KB

MaxMetaspaceSize: 17179869184.00 GB
CompressedClassSpaceSize: 1.00 GB

CodeHeap 'non-profiled nmethods': size=120000Kb used=5456Kb max_used=5456Kb free=114543Kb
 bounds [0x000002b207ad0000, 0x000002b208030000, 0x000002b20f000000]
CodeHeap 'profiled nmethods': size=120000Kb used=19660Kb max_used=20657Kb free=100340Kb
 bounds [0x000002b2005a0000, 0x000002b2019d0000, 0x000002b207ad0000]
CodeHeap 'non-nmethods': size=5760Kb used=1577Kb max_used=1663Kb free=4182Kb
 bounds [0x000002b200000000, 0x000002b200270000, 0x000002b2005a0000]
 total_blobs=14528 nmethods=8560 adapters=839
 compilation: enabled
              stopped_count=0, restarted_count=0
 full_count=0

Compilation events (20 events):
Event: 43.763 Thread 0x000002b27ea22000 10304       4       com.sun.crypto.provider.CipherCore::init (562 bytes)
Event: 43.949 Thread 0x000002b27ea22000 nmethod 10304 0x000002b208019890 code [0x000002b208019e80, 0x000002b20801db88]
Event: 43.949 Thread 0x000002b27ea22000 10305       4       com.sun.crypto.provider.CipherCore::getKeyBytes (65 bytes)
Event: 43.951 Thread 0x000002b27ea22000 nmethod 10305 0x000002b20801f390 code [0x000002b20801f540, 0x000002b20801f6f8]
Event: 43.952 Thread 0x000002b27ea22000 10306       4       com.sun.crypto.provider.AESCrypt::init (115 bytes)
Event: 43.964 Thread 0x000002b27ea28000 10307       3       com.sun.webkit.network.PublicSuffixes$Rules::match (87 bytes)
Event: 43.965 Thread 0x000002b27ea28000 nmethod 10307 0x000002b200edf590 code [0x000002b200edf7e0, 0x000002b200ee0268]
Event: 43.991 Thread 0x000002b27ea22000 nmethod 10306 0x000002b20801f810 code [0x000002b20801fb20, 0x000002b208020b88]
Event: 43.991 Thread 0x000002b27ea22000 10308       4       java.util.stream.ReferencePipeline$StatelessOp::<init> (29 bytes)
Event: 43.996 Thread 0x000002b27ea22000 nmethod 10308 0x000002b208021390 code [0x000002b208021540, 0x000002b208021938]
Event: 44.012 Thread 0x000002b27ea28000 10309       3       java.util.concurrent.locks.LockSupport::park (23 bytes)
Event: 44.012 Thread 0x000002b27ea28000 nmethod 10309 0x000002b2012faa90 code [0x000002b2012fac60, 0x000002b2012fb088]
Event: 44.031 Thread 0x000002b27ea22000 10310       4       java.lang.invoke.LambdaForm$DMH/0x0000000800f5e840::invokeStatic (23 bytes)
Event: 44.033 Thread 0x000002b27ea22000 nmethod 10310 0x000002b208021a90 code [0x000002b208021c40, 0x000002b208021d38]
Event: 44.038 Thread 0x000002b27ea22000 10311       4       java.nio.HeapByteBuffer::slice (49 bytes)
Event: 44.041 Thread 0x000002b27ea28000 10312       3       javax.net.ssl.SSLParameters::setApplicationProtocols (79 bytes)
Event: 44.042 Thread 0x000002b27ea28000 nmethod 10312 0x000002b2010a5c90 code [0x000002b2010a5ea0, 0x000002b2010a65e8]
Event: 44.042 Thread 0x000002b27ea28000 10313       3       sun.net.util.IPAddressUtil::isIPv4LiteralAddress (13 bytes)
Event: 44.042 Thread 0x000002b27ea28000 nmethod 10313 0x000002b200ff0890 code [0x000002b200ff0a40, 0x000002b200ff0ba8]
Event: 44.044 Thread 0x000002b27ea22000 nmethod 10311 0x000002b208021e90 code [0x000002b208022040, 0x000002b208022458]

GC Heap History (20 events):
Event: 41.193 GC heap before
{Heap before GC invocations=93 (full 0):
 garbage-first heap   total 160768K, used 73597K [0x0000000084400000, 0x0000000100000000)
  region size 1024K, 9 young (9216K), 2 survivors (2048K)
 Metaspace       used 33617K, capacity 34844K, committed 35072K, reserved 1079296K
  class space    used 3846K, capacity 4350K, committed 4352K, reserved 1048576K
}
Event: 41.196 GC heap after
{Heap after GC invocations=94 (full 0):
 garbage-first heap   total 160768K, used 34758K [0x0000000084400000, 0x0000000100000000)
  region size 1024K, 2 young (2048K), 2 survivors (2048K)
 Metaspace       used 33617K, capacity 34844K, committed 35072K, reserved 1079296K
  class space    used 3846K, capacity 4350K, committed 4352K, reserved 1048576K
}
Event: 41.327 GC heap before
{Heap before GC invocations=95 (full 0):
 garbage-first heap   total 195584K, used 159686K [0x0000000084400000, 0x0000000100000000)
  region size 1024K, 6 young (6144K), 2 survivors (2048K)
 Metaspace       used 33620K, capacity 34908K, committed 35072K, reserved 1079296K
  class space    used 3846K, capacity 4350K, committed 4352K, reserved 1048576K
}
Event: 41.330 GC heap after
{Heap after GC invocations=96 (full 0):
 garbage-first heap   total 195584K, used 34941K [0x0000000084400000, 0x0000000100000000)
  region size 1024K, 2 young (2048K), 2 survivors (2048K)
 Metaspace       used 33620K, capacity 34908K, committed 35072K, reserved 1079296K
  class space    used 3846K, capacity 4350K, committed 4352K, reserved 1048576K
}
Event: 41.491 GC heap before
{Heap before GC invocations=97 (full 0):
 garbage-first heap   total 191488K, used 92285K [0x0000000084400000, 0x0000000100000000)
  region size 1024K, 8 young (8192K), 2 survivors (2048K)
 Metaspace       used 33622K, capacity 34908K, committed 35072K, reserved 1079296K
  class space    used 3846K, capacity 4350K, committed 4352K, reserved 1048576K
}
Event: 41.493 GC heap after
{Heap after GC invocations=98 (full 0):
 garbage-first heap   total 191488K, used 32812K [0x0000000084400000, 0x0000000100000000)
  region size 1024K, 2 young (2048K), 2 survivors (2048K)
 Metaspace       used 33622K, capacity 34908K, committed 35072K, reserved 1079296K
  class space    used 3846K, capacity 4350K, committed 4352K, reserved 1048576K
}
Event: 41.660 GC heap before
{Heap before GC invocations=99 (full 0):
 garbage-first heap   total 208896K, used 122924K [0x0000000084400000, 0x0000000100000000)
  region size 1024K, 6 young (6144K), 2 survivors (2048K)
 Metaspace       used 33638K, capacity 34910K, committed 35072K, reserved 1079296K
  class space    used 3846K, capacity 4350K, committed 4352K, reserved 1048576K
}
Event: 41.662 GC heap after
{Heap after GC invocations=100 (full 0):
 garbage-first heap   total 208896K, used 33558K [0x0000000084400000, 0x0000000100000000)
  region size 1024K, 3 young (3072K), 3 survivors (3072K)
 Metaspace       used 33638K, capacity 34910K, committed 35072K, reserved 1079296K
  class space    used 3846K, capacity 4350K, committed 4352K, reserved 1048576K
}
Event: 42.095 GC heap before
{Heap before GC invocations=101 (full 0):
 garbage-first heap   total 150528K, used 69398K [0x0000000084400000, 0x0000000100000000)
  region size 1024K, 20 young (20480K), 3 survivors (3072K)
 Metaspace       used 33683K, capacity 34917K, committed 35072K, reserved 1079296K
  class space    used 3846K, capacity 4350K, committed 4352K, reserved 1048576K
}
Event: 42.098 GC heap after
{Heap after GC invocations=102 (full 0):
 garbage-first heap   total 150528K, used 32636K [0x0000000084400000, 0x0000000100000000)
  region size 1024K, 2 young (2048K), 2 survivors (2048K)
 Metaspace       used 33683K, capacity 34917K, committed 35072K, reserved 1079296K
  class space    used 3846K, capacity 4350K, committed 4352K, reserved 1048576K
}
Event: 42.920 GC heap before
{Heap before GC invocations=103 (full 0):
 garbage-first heap   total 150528K, used 59260K [0x0000000084400000, 0x0000000100000000)
  region size 1024K, 12 young (12288K), 2 survivors (2048K)
 Metaspace       used 33706K, capacity 34929K, committed 35200K, reserved 1079296K
  class space    used 3848K, capacity 4355K, committed 4480K, reserved 1048576K
}
Event: 42.923 GC heap after
{Heap after GC invocations=104 (full 0):
 garbage-first heap   total 150528K, used 32740K [0x0000000084400000, 0x0000000100000000)
  region size 1024K, 2 young (2048K), 2 survivors (2048K)
 Metaspace       used 33706K, capacity 34929K, committed 35200K, reserved 1079296K
  class space    used 3848K, capacity 4355K, committed 4480K, reserved 1048576K
}
Event: 43.148 GC heap before
{Heap before GC invocations=105 (full 0):
 garbage-first heap   total 150528K, used 51172K [0x0000000084400000, 0x0000000100000000)
  region size 1024K, 4 young (4096K), 2 survivors (2048K)
 Metaspace       used 33706K, capacity 34929K, committed 35200K, reserved 1079296K
  class space    used 3848K, capacity 4355K, committed 4480K, reserved 1048576K
}
Event: 43.151 GC heap after
{Heap after GC invocations=106 (full 0):
 garbage-first heap   total 150528K, used 32900K [0x0000000084400000, 0x0000000100000000)
  region size 1024K, 2 young (2048K), 2 survivors (2048K)
 Metaspace       used 33706K, capacity 34929K, committed 35200K, reserved 1079296K
  class space    used 3848K, capacity 4355K, committed 4480K, reserved 1048576K
}
Event: 43.620 GC heap before
{Heap before GC invocations=107 (full 0):
 garbage-first heap   total 150528K, used 52356K [0x0000000084400000, 0x0000000100000000)
  region size 1024K, 5 young (5120K), 2 survivors (2048K)
 Metaspace       used 33714K, capacity 34993K, committed 35200K, reserved 1079296K
  class space    used 3848K, capacity 4355K, committed 4480K, reserved 1048576K
}
Event: 43.622 GC heap after
{Heap after GC invocations=108 (full 0):
 garbage-first heap   total 150528K, used 32725K [0x0000000084400000, 0x0000000100000000)
  region size 1024K, 2 young (2048K), 2 survivors (2048K)
 Metaspace       used 33714K, capacity 34993K, committed 35200K, reserved 1079296K
  class space    used 3848K, capacity 4355K, committed 4480K, reserved 1048576K
}
Event: 43.748 GC heap before
{Heap before GC invocations=109 (full 0):
 garbage-first heap   total 214016K, used 122837K [0x0000000084400000, 0x0000000100000000)
  region size 1024K, 6 young (6144K), 2 survivors (2048K)
 Metaspace       used 33721K, capacity 34993K, committed 35200K, reserved 1079296K
  class space    used 3848K, capacity 4355K, committed 4480K, reserved 1048576K
}
Event: 43.751 GC heap after
{Heap after GC invocations=110 (full 0):
 garbage-first heap   total 214016K, used 32869K [0x0000000084400000, 0x0000000100000000)
  region size 1024K, 2 young (2048K), 2 survivors (2048K)
 Metaspace       used 33721K, capacity 34993K, committed 35200K, reserved 1079296K
  class space    used 3848K, capacity 4355K, committed 4480K, reserved 1048576K
}
Event: 43.931 GC heap before
{Heap before GC invocations=111 (full 0):
 garbage-first heap   total 214016K, used 92261K [0x0000000084400000, 0x0000000100000000)
  region size 1024K, 6 young (6144K), 2 survivors (2048K)
 Metaspace       used 33721K, capacity 34993K, committed 35200K, reserved 1079296K
  class space    used 3848K, capacity 4355K, committed 4480K, reserved 1048576K
}
Event: 43.933 GC heap after
{Heap after GC invocations=112 (full 0):
 garbage-first heap   total 214016K, used 34726K [0x0000000084400000, 0x0000000100000000)
  region size 1024K, 2 young (2048K), 2 survivors (2048K)
 Metaspace       used 33721K, capacity 34993K, committed 35200K, reserved 1079296K
  class space    used 3848K, capacity 4355K, committed 4480K, reserved 1048576K
}

Deoptimization events (20 events):
Event: 41.626 Thread 0x000002b257372000 DEOPT PACKING pc=0x000002b207e81bf8 sp=0x000000dd65afe980
Event: 41.626 Thread 0x000002b257372000 DEOPT UNPACKING pc=0x000002b20004912f sp=0x000000dd65afe930 mode 2
Event: 41.743 Thread 0x000002b20fb13800 DEOPT PACKING pc=0x000002b2019c1e1f sp=0x000000dd639ff260
Event: 41.743 Thread 0x000002b20fb13800 DEOPT UNPACKING pc=0x000002b20004964e sp=0x000000dd639fe6f8 mode 0
Event: 43.829 Thread 0x000002b27fdd6000 Uncommon trap: trap_request=0xffffffbe fr.pc=0x000002b208010024 relative=0x0000000000001044
Event: 43.829 Thread 0x000002b27fdd6000 Uncommon trap: reason=profile_predicate action=maybe_recompile pc=0x000002b208010024 method=javafx.scene.CssStyleHelper$CacheContainer.<init>(Ljavafx/scene/Node;Lcom/sun/javafx/css/StyleMap;I)V @ 164 c2
Event: 43.829 Thread 0x000002b27fdd6000 DEOPT PACKING pc=0x000002b208010024 sp=0x000000dd630fcf90
Event: 43.829 Thread 0x000002b27fdd6000 DEOPT UNPACKING pc=0x000002b20004912f sp=0x000000dd630fcf28 mode 2
Event: 43.829 Thread 0x000002b27fdd6000 Uncommon trap: trap_request=0xffffffbe fr.pc=0x000002b208010024 relative=0x0000000000001044
Event: 43.829 Thread 0x000002b27fdd6000 Uncommon trap: reason=profile_predicate action=maybe_recompile pc=0x000002b208010024 method=javafx.scene.CssStyleHelper$CacheContainer.<init>(Ljavafx/scene/Node;Lcom/sun/javafx/css/StyleMap;I)V @ 164 c2
Event: 43.829 Thread 0x000002b27fdd6000 DEOPT PACKING pc=0x000002b208010024 sp=0x000000dd630fcf90
Event: 43.829 Thread 0x000002b27fdd6000 DEOPT UNPACKING pc=0x000002b20004912f sp=0x000000dd630fcf28 mode 2
Event: 43.829 Thread 0x000002b27fdd6000 Uncommon trap: trap_request=0xffffffbe fr.pc=0x000002b208010024 relative=0x0000000000001044
Event: 43.829 Thread 0x000002b27fdd6000 Uncommon trap: reason=profile_predicate action=maybe_recompile pc=0x000002b208010024 method=javafx.scene.CssStyleHelper$CacheContainer.<init>(Ljavafx/scene/Node;Lcom/sun/javafx/css/StyleMap;I)V @ 164 c2
Event: 43.829 Thread 0x000002b27fdd6000 DEOPT PACKING pc=0x000002b208010024 sp=0x000000dd630fd270
Event: 43.829 Thread 0x000002b27fdd6000 DEOPT UNPACKING pc=0x000002b20004912f sp=0x000000dd630fd208 mode 2
Event: 43.829 Thread 0x000002b27fdd6000 Uncommon trap: trap_request=0xffffffbe fr.pc=0x000002b208010024 relative=0x0000000000001044
Event: 43.829 Thread 0x000002b27fdd6000 Uncommon trap: reason=profile_predicate action=maybe_recompile pc=0x000002b208010024 method=javafx.scene.CssStyleHelper$CacheContainer.<init>(Ljavafx/scene/Node;Lcom/sun/javafx/css/StyleMap;I)V @ 164 c2
Event: 43.829 Thread 0x000002b27fdd6000 DEOPT PACKING pc=0x000002b208010024 sp=0x000000dd630fda10
Event: 43.829 Thread 0x000002b27fdd6000 DEOPT UNPACKING pc=0x000002b20004912f sp=0x000000dd630fd9a8 mode 2

Classes unloaded (1 events):
Event: 11.991 Thread 0x000002b27e9fb000 Unloading class 0x0000000800f07440 'jdk/internal/net/http/common/Demand$$Lambda$610'

Classes redefined (0 events):
No events

Internal exceptions (20 events):
Event: 27.626 Thread 0x000002b27fdd6000 Exception <a 'java/lang/ClassNotFoundException'{0x000000009b34c2c8}: sun/net/www/protocol/about/Handler> (0x000000009b34c2c8) 
thrown [./open/src/hotspot/share/classfile/systemDictionary.cpp, line 226]
Event: 27.638 Thread 0x000002b27fdd6000 Exception <a 'java/lang/ClassNotFoundException'{0x000000009b364d30}: sun/net/www/protocol/about/Handler> (0x000000009b364d30) 
thrown [./open/src/hotspot/share/classfile/systemDictionary.cpp, line 226]
Event: 28.155 Thread 0x000002b27fdd6000 Exception <a 'java/lang/ClassNotFoundException'{0x000000009ba78000}: sun/net/www/protocol/about/Handler> (0x000000009ba78000) 
thrown [./open/src/hotspot/share/classfile/systemDictionary.cpp, line 226]
Event: 28.564 Thread 0x000002b27fdd6000 Exception <a 'java/lang/ClassNotFoundException'{0x000000009b436d98}: sun/net/www/protocol/about/Handler> (0x000000009b436d98) 
thrown [./open/src/hotspot/share/classfile/systemDictionary.cpp, line 226]
Event: 38.096 Thread 0x000002b25767b000 Exception <a 'java/net/UnknownHostException'{0x000000009baba380}> (0x000000009baba380) 
thrown [./open/src/hotspot/share/prims/jni.cpp, line 599]
Event: 38.645 Thread 0x000002b27fdd6000 Exception <a 'java/lang/ClassNotFoundException'{0x000000008c7764e8}: sun/net/www/protocol/about/Handler> (0x000000008c7764e8) 
thrown [./open/src/hotspot/share/classfile/systemDictionary.cpp, line 226]
Event: 38.650 Thread 0x000002b27fdd6000 Exception <a 'java/lang/ClassNotFoundException'{0x000000008c77ab68}: sun/net/www/protocol/about/Handler> (0x000000008c77ab68) 
thrown [./open/src/hotspot/share/classfile/systemDictionary.cpp, line 226]
Event: 39.968 Thread 0x000002b27fdd6000 Exception <a 'java/io/IOException'{0x00000000993efdc8}: Improper call to JPEG library in state 200> (0x00000000993efdc8) 
thrown [./open/src/hotspot/share/prims/jni.cpp, line 620]
Event: 40.402 Thread 0x000002b27fdd6000 Exception <a 'java/io/IOException'{0x000000008c823308}: Improper call to JPEG library in state 200> (0x000000008c823308) 
thrown [./open/src/hotspot/share/prims/jni.cpp, line 620]
Event: 40.574 Thread 0x000002b27fdd6000 Exception <a 'java/lang/ClassNotFoundException'{0x000000008c6df820}: sun/net/www/protocol/about/Handler> (0x000000008c6df820) 
thrown [./open/src/hotspot/share/classfile/systemDictionary.cpp, line 226]
Event: 40.579 Thread 0x000002b27fdd6000 Exception <a 'java/lang/ClassNotFoundException'{0x000000008c6e3e98}: sun/net/www/protocol/about/Handler> (0x000000008c6e3e98) 
thrown [./open/src/hotspot/share/classfile/systemDictionary.cpp, line 226]
Event: 42.037 Thread 0x000002b27fdd6000 Exception <a 'java/lang/ClassNotFoundException'{0x000000008c684a78}: sun/net/www/protocol/about/Handler> (0x000000008c684a78) 
thrown [./open/src/hotspot/share/classfile/systemDictionary.cpp, line 226]
Event: 42.041 Thread 0x000002b27fdd6000 Exception <a 'java/lang/ClassNotFoundException'{0x000000008c6890f8}: sun/net/www/protocol/about/Handler> (0x000000008c6890f8) 
thrown [./open/src/hotspot/share/classfile/systemDictionary.cpp, line 226]
Event: 42.818 Thread 0x000002b27fdd6000 Exception <a 'java/lang/ClassNotFoundException'{0x0000000090839a70}: sun/net/www/protocol/about/Handler> (0x0000000090839a70) 
thrown [./open/src/hotspot/share/classfile/systemDictionary.cpp, line 226]
Event: 42.899 Thread 0x000002b27fdd6000 Exception <a 'java/lang/NoSuchMethodError'{0x0000000090855960}: 'java.lang.Object java.lang.invoke.DirectMethodHandle$Holder.invokeStatic(java.lang.Object, java.lang.Object, long, java.lang.Object)'> (0x0000000090855960) 
thrown [./open/src/hotspot/share/interpreter/linkResolver.cpp, line 766]
Event: 42.900 Thread 0x000002b27fdd6000 Exception <a 'java/lang/NoSuchMethodError'{0x0000000090858b98}: 'java.lang.Object java.lang.invoke.DirectMethodHandle$Holder.invokeSpecial(java.lang.Object, java.lang.Object, java.lang.Object, long, java.lang.Object)'> (0x0000000090858b98) 
thrown [./open/src/hotspot/share/interpreter/linkResolver.cpp, line 766]
Event: 42.900 Thread 0x000002b27fdd6000 Exception <a 'java/lang/NoSuchMethodError'{0x000000009085bc60}: 'java.lang.Object java.lang.invoke.Invokers$Holder.linkToTargetMethod(java.lang.Object, long, java.lang.Object, java.lang.Object)'> (0x000000009085bc60) 
thrown [./open/src/hotspot/share/interpreter/linkResolver.cpp, line 766]
Event: 42.916 Thread 0x000002b27fdd6000 Exception <a 'java/lang/ClassNotFoundException'{0x0000000090873b28}: sun/net/www/protocol/about/Handler> (0x0000000090873b28) 
thrown [./open/src/hotspot/share/classfile/systemDictionary.cpp, line 226]
Event: 43.049 Thread 0x000002b27fdd6000 Exception <a 'java/lang/ClassNotFoundException'{0x000000009ba02b98}: sun/net/www/protocol/about/Handler> (0x000000009ba02b98) 
thrown [./open/src/hotspot/share/classfile/systemDictionary.cpp, line 226]
Event: 43.186 Thread 0x000002b27fdd6000 Exception <a 'java/lang/ClassNotFoundException'{0x000000009ba6d298}: sun/net/www/protocol/about/Handler> (0x000000009ba6d298) 
thrown [./open/src/hotspot/share/classfile/systemDictionary.cpp, line 226]

Events (20 events):
Event: 43.619 Executing VM operation: G1TryInitiateConcMark
Event: 43.622 Executing VM operation: G1TryInitiateConcMark done
Event: 43.696 Executing VM operation: G1Concurrent
Event: 43.702 Executing VM operation: G1Concurrent done
Event: 43.737 Executing VM operation: G1Concurrent
Event: 43.737 Executing VM operation: G1Concurrent done
Event: 43.748 Executing VM operation: G1TryInitiateConcMark
Event: 43.751 Executing VM operation: G1TryInitiateConcMark done
Event: 43.817 Thread 0x000002b267201000 Thread added: 0x000002b267201000
Event: 43.820 Thread 0x000002b267201000 Thread exited: 0x000002b267201000
Event: 43.822 Executing VM operation: G1Concurrent
Event: 43.828 Executing VM operation: G1Concurrent done
Event: 43.864 Executing VM operation: G1Concurrent
Event: 43.865 Executing VM operation: G1Concurrent done
Event: 43.931 Executing VM operation: G1TryInitiateConcMark
Event: 43.934 Executing VM operation: G1TryInitiateConcMark done
Event: 44.004 Executing VM operation: G1Concurrent
Event: 44.009 Executing VM operation: G1Concurrent done
Event: 44.043 Executing VM operation: HandshakeOneThread
Event: 44.043 Executing VM operation: HandshakeOneThread done


Dynamic libraries:
0x00007ff637700000 - 0x00007ff63770f000 	C:\Program Files\Java\jdk-14.0.1\bin\java.exe
0x00007ffcfaad0000 - 0x00007ffcfacc5000 	C:\WINDOWS\SYSTEM32\ntdll.dll
0x00007ffcf9af0000 - 0x00007ffcf9bad000 	C:\WINDOWS\System32\KERNEL32.DLL
0x00007ffcf8870000 - 0x00007ffcf8b39000 	C:\WINDOWS\System32\KERNELBASE.dll
0x00007ffcf8500000 - 0x00007ffcf8600000 	C:\WINDOWS\System32\ucrtbase.dll
0x00007ffcf3860000 - 0x00007ffcf3878000 	C:\Program Files\Java\jdk-14.0.1\bin\jli.dll
0x00007ffcfa410000 - 0x00007ffcfa4bc000 	C:\WINDOWS\System32\ADVAPI32.dll
0x00007ffcf9a40000 - 0x00007ffcf9ade000 	C:\WINDOWS\System32\msvcrt.dll
0x00007ffcfa520000 - 0x00007ffcfa5bb000 	C:\WINDOWS\System32\sechost.dll
0x00007ffcfa6e0000 - 0x00007ffcfa80a000 	C:\WINDOWS\System32\RPCRT4.dll
0x00007ffcf97c0000 - 0x00007ffcf9960000 	C:\WINDOWS\System32\USER32.dll
0x00007ffcf3880000 - 0x00007ffcf3895000 	C:\Program Files\Java\jdk-14.0.1\bin\VCRUNTIME140.dll
0x00007ffcf84d0000 - 0x00007ffcf84f2000 	C:\WINDOWS\System32\win32u.dll
0x00007ffcf9bb0000 - 0x00007ffcf9bda000 	C:\WINDOWS\System32\GDI32.dll
0x00007ffcf8760000 - 0x00007ffcf886b000 	C:\WINDOWS\System32\gdi32full.dll
0x00007ffcf83d0000 - 0x00007ffcf846d000 	C:\WINDOWS\System32\msvcp_win.dll
0x00007ffce5b40000 - 0x00007ffce5dda000 	C:\WINDOWS\WinSxS\amd64_microsoft.windows.common-controls_6595b64144ccf1df_6.0.19041.1083_none_60bbe31371f34e71\COMCTL32.dll
0x00007ffce8fa0000 - 0x00007ffce8faa000 	C:\WINDOWS\SYSTEM32\VERSION.dll
0x00007ffcf9790000 - 0x00007ffcf97c0000 	C:\WINDOWS\System32\IMM32.DLL
0x00007ffceeda0000 - 0x00007ffceee3b000 	C:\Program Files\Java\jdk-14.0.1\bin\msvcp140.dll
0x00007ffcd23f0000 - 0x00007ffcd2f0e000 	C:\Program Files\Java\jdk-14.0.1\bin\server\jvm.dll
0x00007ffcfa950000 - 0x00007ffcfa958000 	C:\WINDOWS\System32\PSAPI.DLL
0x00007ffce2f30000 - 0x00007ffce2f39000 	C:\WINDOWS\SYSTEM32\WSOCK32.dll
0x00007ffcfa5c0000 - 0x00007ffcfa62b000 	C:\WINDOWS\System32\WS2_32.dll
0x00007ffce2390000 - 0x00007ffce23b7000 	C:\WINDOWS\SYSTEM32\WINMM.dll
0x00007ffcf6ad0000 - 0x00007ffcf6ae2000 	C:\WINDOWS\SYSTEM32\kernel.appcore.dll
0x00007ffcf3810000 - 0x00007ffcf381a000 	C:\Program Files\Java\jdk-14.0.1\bin\jimage.dll
0x00007ffcf5fd0000 - 0x00007ffcf61b4000 	C:\WINDOWS\SYSTEM32\DBGHELP.DLL
0x00007ffcdc490000 - 0x00007ffcdc4bc000 	C:\WINDOWS\SYSTEM32\dbgcore.DLL
0x00007ffcf8340000 - 0x00007ffcf83c3000 	C:\WINDOWS\System32\bcryptPrimitives.dll
0x00007ffcf3800000 - 0x00007ffcf380e000 	C:\Program Files\Java\jdk-14.0.1\bin\instrument.dll
0x00007ffcf0a30000 - 0x00007ffcf0a55000 	C:\Program Files\Java\jdk-14.0.1\bin\java.dll
0x00007ffcf3770000 - 0x00007ffcf3786000 	C:\Program Files\Java\jdk-14.0.1\bin\zip.dll
0x00007ffcf8c50000 - 0x00007ffcf938f000 	C:\WINDOWS\System32\SHELL32.dll
0x00007ffcf6320000 - 0x00007ffcf6ab1000 	C:\WINDOWS\SYSTEM32\windows.storage.dll
0x00007ffcf9430000 - 0x00007ffcf9785000 	C:\WINDOWS\System32\combase.dll
0x00007ffcf7c80000 - 0x00007ffcf7cac000 	C:\WINDOWS\SYSTEM32\Wldp.dll
0x00007ffcfa630000 - 0x00007ffcfa6de000 	C:\WINDOWS\System32\SHCORE.dll
0x00007ffcf9be0000 - 0x00007ffcf9c35000 	C:\WINDOWS\System32\shlwapi.dll
0x00007ffcf8150000 - 0x00007ffcf816f000 	C:\WINDOWS\SYSTEM32\profapi.dll
0x00007ffcf0ad0000 - 0x00007ffcf0ae9000 	C:\Program Files\Java\jdk-14.0.1\bin\net.dll
0x00007ffcf1ad0000 - 0x00007ffcf1bda000 	C:\WINDOWS\SYSTEM32\WINHTTP.dll
0x00007ffcf7970000 - 0x00007ffcf79da000 	C:\WINDOWS\system32\mswsock.dll
0x00007ffceefd0000 - 0x00007ffceefe2000 	C:\Program Files\Java\jdk-14.0.1\bin\nio.dll
0x00007ffcf37f0000 - 0x00007ffcf3800000 	C:\Program Files\Java\jdk-14.0.1\bin\verify.dll
0x00007ffceed60000 - 0x00007ffceed7a000 	C:\Program Files\JetBrains\IntelliJ IDEA 2019.3.3\bin\breakgen64.dll
0x000002b26f390000 - 0x000002b26f393000 	C:\Users\cduym\Downloads\openjfx-16_windows-x64_bin-sdk\javafx-sdk-16\bin\api-ms-win-core-console-l1-1-0.dll
0x000002b26f3a0000 - 0x000002b26f3a3000 	C:\Users\cduym\Downloads\openjfx-16_windows-x64_bin-sdk\javafx-sdk-16\bin\api-ms-win-core-console-l1-2-0.dll
0x000002b26f3b0000 - 0x000002b26f3b3000 	C:\Users\cduym\Downloads\openjfx-16_windows-x64_bin-sdk\javafx-sdk-16\bin\api-ms-win-core-datetime-l1-1-0.dll
0x000002b26f3c0000 - 0x000002b26f3c3000 	C:\Users\cduym\Downloads\openjfx-16_windows-x64_bin-sdk\javafx-sdk-16\bin\api-ms-win-core-debug-l1-1-0.dll
0x000002b26f3d0000 - 0x000002b26f3d3000 	C:\Users\cduym\Downloads\openjfx-16_windows-x64_bin-sdk\javafx-sdk-16\bin\api-ms-win-core-errorhandling-l1-1-0.dll
0x000002b26f3e0000 - 0x000002b26f3e4000 	C:\Users\cduym\Downloads\openjfx-16_windows-x64_bin-sdk\javafx-sdk-16\bin\api-ms-win-core-file-l1-1-0.dll
0x000002b27ff70000 - 0x000002b27ff73000 	C:\Users\cduym\Downloads\openjfx-16_windows-x64_bin-sdk\javafx-sdk-16\bin\api-ms-win-core-file-l1-2-0.dll
0x000002b20ffd0000 - 0x000002b20ffd3000 	C:\Users\cduym\Downloads\openjfx-16_windows-x64_bin-sdk\javafx-sdk-16\bin\api-ms-win-core-file-l2-1-0.dll
0x000002b20ffe0000 - 0x000002b20ffe3000 	C:\Users\cduym\Downloads\openjfx-16_windows-x64_bin-sdk\javafx-sdk-16\bin\api-ms-win-core-handle-l1-1-0.dll
0x000002b20fff0000 - 0x000002b20fff3000 	C:\Users\cduym\Downloads\openjfx-16_windows-x64_bin-sdk\javafx-sdk-16\bin\api-ms-win-core-heap-l1-1-0.dll
0x000002b210000000 - 0x000002b210003000 	C:\Users\cduym\Downloads\openjfx-16_windows-x64_bin-sdk\javafx-sdk-16\bin\api-ms-win-core-interlocked-l1-1-0.dll
0x000002b210010000 - 0x000002b210013000 	C:\Users\cduym\Downloads\openjfx-16_windows-x64_bin-sdk\javafx-sdk-16\bin\api-ms-win-core-libraryloader-l1-1-0.dll
0x000002b210020000 - 0x000002b210023000 	C:\Users\cduym\Downloads\openjfx-16_windows-x64_bin-sdk\javafx-sdk-16\bin\api-ms-win-core-localization-l1-2-0.dll
0x000002b210030000 - 0x000002b210033000 	C:\Users\cduym\Downloads\openjfx-16_windows-x64_bin-sdk\javafx-sdk-16\bin\api-ms-win-core-memory-l1-1-0.dll
0x000002b210040000 - 0x000002b210043000 	C:\Users\cduym\Downloads\openjfx-16_windows-x64_bin-sdk\javafx-sdk-16\bin\api-ms-win-core-namedpipe-l1-1-0.dll
0x000002b210050000 - 0x000002b210053000 	C:\Users\cduym\Downloads\openjfx-16_windows-x64_bin-sdk\javafx-sdk-16\bin\api-ms-win-core-processenvironment-l1-1-0.dll
0x000002b210060000 - 0x000002b210063000 	C:\Users\cduym\Downloads\openjfx-16_windows-x64_bin-sdk\javafx-sdk-16\bin\api-ms-win-core-processthreads-l1-1-0.dll
0x000002b210070000 - 0x000002b210073000 	C:\Users\cduym\Downloads\openjfx-16_windows-x64_bin-sdk\javafx-sdk-16\bin\api-ms-win-core-processthreads-l1-1-1.dll
0x000002b210080000 - 0x000002b210083000 	C:\Users\cduym\Downloads\openjfx-16_windows-x64_bin-sdk\javafx-sdk-16\bin\api-ms-win-core-profile-l1-1-0.dll
0x000002b210090000 - 0x000002b210093000 	C:\Users\cduym\Downloads\openjfx-16_windows-x64_bin-sdk\javafx-sdk-16\bin\api-ms-win-core-rtlsupport-l1-1-0.dll
0x000002b2100a0000 - 0x000002b2100a3000 	C:\Users\cduym\Downloads\openjfx-16_windows-x64_bin-sdk\javafx-sdk-16\bin\api-ms-win-core-string-l1-1-0.dll
0x000002b2100b0000 - 0x000002b2100b3000 	C:\Users\cduym\Downloads\openjfx-16_windows-x64_bin-sdk\javafx-sdk-16\bin\api-ms-win-core-synch-l1-1-0.dll
0x000002b2100c0000 - 0x000002b2100c3000 	C:\Users\cduym\Downloads\openjfx-16_windows-x64_bin-sdk\javafx-sdk-16\bin\api-ms-win-core-synch-l1-2-0.dll
0x000002b2100d0000 - 0x000002b2100d3000 	C:\Users\cduym\Downloads\openjfx-16_windows-x64_bin-sdk\javafx-sdk-16\bin\api-ms-win-core-sysinfo-l1-1-0.dll
0x000002b2100e0000 - 0x000002b2100e3000 	C:\Users\cduym\Downloads\openjfx-16_windows-x64_bin-sdk\javafx-sdk-16\bin\api-ms-win-core-timezone-l1-1-0.dll
0x000002b2100f0000 - 0x000002b2100f3000 	C:\Users\cduym\Downloads\openjfx-16_windows-x64_bin-sdk\javafx-sdk-16\bin\api-ms-win-core-util-l1-1-0.dll
0x000002b210100000 - 0x000002b210103000 	C:\Users\cduym\Downloads\openjfx-16_windows-x64_bin-sdk\javafx-sdk-16\bin\api-ms-win-crt-conio-l1-1-0.dll
0x000002b210110000 - 0x000002b210114000 	C:\Users\cduym\Downloads\openjfx-16_windows-x64_bin-sdk\javafx-sdk-16\bin\api-ms-win-crt-convert-l1-1-0.dll
0x000002b210120000 - 0x000002b210123000 	C:\Users\cduym\Downloads\openjfx-16_windows-x64_bin-sdk\javafx-sdk-16\bin\api-ms-win-crt-environment-l1-1-0.dll
0x000002b210130000 - 0x000002b210133000 	C:\Users\cduym\Downloads\openjfx-16_windows-x64_bin-sdk\javafx-sdk-16\bin\api-ms-win-crt-filesystem-l1-1-0.dll
0x000002b210140000 - 0x000002b210143000 	C:\Users\cduym\Downloads\openjfx-16_windows-x64_bin-sdk\javafx-sdk-16\bin\api-ms-win-crt-heap-l1-1-0.dll
0x000002b210380000 - 0x000002b210383000 	C:\Users\cduym\Downloads\openjfx-16_windows-x64_bin-sdk\javafx-sdk-16\bin\api-ms-win-crt-locale-l1-1-0.dll
0x000002b210390000 - 0x000002b210395000 	C:\Users\cduym\Downloads\openjfx-16_windows-x64_bin-sdk\javafx-sdk-16\bin\api-ms-win-crt-math-l1-1-0.dll
0x000002b2103a0000 - 0x000002b2103a5000 	C:\Users\cduym\Downloads\openjfx-16_windows-x64_bin-sdk\javafx-sdk-16\bin\api-ms-win-crt-multibyte-l1-1-0.dll
0x000002b2103b0000 - 0x000002b2103c0000 	C:\Users\cduym\Downloads\openjfx-16_windows-x64_bin-sdk\javafx-sdk-16\bin\api-ms-win-crt-private-l1-1-0.dll
0x000002b2103c0000 - 0x000002b2103c3000 	C:\Users\cduym\Downloads\openjfx-16_windows-x64_bin-sdk\javafx-sdk-16\bin\api-ms-win-crt-process-l1-1-0.dll
0x000002b2103d0000 - 0x000002b2103d4000 	C:\Users\cduym\Downloads\openjfx-16_windows-x64_bin-sdk\javafx-sdk-16\bin\api-ms-win-crt-runtime-l1-1-0.dll
0x000002b2103e0000 - 0x000002b2103e4000 	C:\Users\cduym\Downloads\openjfx-16_windows-x64_bin-sdk\javafx-sdk-16\bin\api-ms-win-crt-stdio-l1-1-0.dll
0x000002b210270000 - 0x000002b210274000 	C:\Users\cduym\Downloads\openjfx-16_windows-x64_bin-sdk\javafx-sdk-16\bin\api-ms-win-crt-string-l1-1-0.dll
0x000002b210280000 - 0x000002b210283000 	C:\Users\cduym\Downloads\openjfx-16_windows-x64_bin-sdk\javafx-sdk-16\bin\api-ms-win-crt-time-l1-1-0.dll
0x000002b210290000 - 0x000002b210293000 	C:\Users\cduym\Downloads\openjfx-16_windows-x64_bin-sdk\javafx-sdk-16\bin\api-ms-win-crt-utility-l1-1-0.dll
0x00007ffceec60000 - 0x00007ffceed5c000 	C:\Users\cduym\Downloads\openjfx-16_windows-x64_bin-sdk\javafx-sdk-16\bin\ucrtbase.dll
0x00007ffceec40000 - 0x00007ffceec59000 	C:\Users\cduym\Downloads\openjfx-16_windows-x64_bin-sdk\javafx-sdk-16\bin\vcruntime140.dll
0x00007ffcf37c0000 - 0x00007ffcf37cc000 	C:\Users\cduym\Downloads\openjfx-16_windows-x64_bin-sdk\javafx-sdk-16\bin\vcruntime140_1.dll
0x00007ffcddff0000 - 0x00007ffcde081000 	C:\Users\cduym\Downloads\openjfx-16_windows-x64_bin-sdk\javafx-sdk-16\bin\msvcp140.dll
0x00007ffceeba0000 - 0x00007ffceebc7000 	C:\Users\cduym\Downloads\openjfx-16_windows-x64_bin-sdk\javafx-sdk-16\bin\prism_d3d.dll
0x00007ffcddcc0000 - 0x00007ffcdde8e000 	C:\WINDOWS\system32\d3d9.dll
0x00007ffcf5950000 - 0x00007ffcf597f000 	C:\WINDOWS\SYSTEM32\dwmapi.dll
0x00007ffcf57f0000 - 0x00007ffcf588e000 	C:\WINDOWS\system32\uxtheme.dll
0x00007ffcddb50000 - 0x00007ffcddcb3000 	C:\WINDOWS\System32\DriverStore\FileRepository\iigd_dch.inf_amd64_a086f01cc7be643a\igdumdim64.dll
0x00007ffca3010000 - 0x00007ffca6a14000 	C:\WINDOWS\System32\DriverStore\FileRepository\iigd_dch.inf_amd64_a086f01cc7be643a\igd9dxva64.dll
0x00007ffcfa960000 - 0x00007ffcfaa8a000 	C:\WINDOWS\System32\ole32.dll
0x00007ffcf9c40000 - 0x00007ffcf9d0d000 	C:\WINDOWS\System32\OLEAUT32.dll
0x00007ffcf9fa0000 - 0x00007ffcfa409000 	C:\WINDOWS\System32\SETUPAPI.dll
0x00007ffcf82f0000 - 0x00007ffcf833e000 	C:\WINDOWS\System32\cfgmgr32.dll
0x00007ffcf82c0000 - 0x00007ffcf82e7000 	C:\WINDOWS\System32\bcrypt.dll
0x00007ffceccd0000 - 0x00007ffcecf0f000 	C:\WINDOWS\System32\DriverStore\FileRepository\iigd_dch.inf_amd64_a086f01cc7be643a\igdgmm64.dll
0x00007ffceead0000 - 0x00007ffceeb12000 	C:\Users\cduym\Downloads\openjfx-16_windows-x64_bin-sdk\javafx-sdk-16\bin\glass.dll
0x00007ffcf9960000 - 0x00007ffcf9a3a000 	C:\WINDOWS\System32\COMDLG32.dll
0x00007ffcfa830000 - 0x00007ffcfa945000 	C:\WINDOWS\System32\MSCTF.dll
0x00007ffcd4850000 - 0x00007ffcd4877000 	C:\WINDOWS\System32\DriverStore\FileRepository\iigd_dch.inf_amd64_a086f01cc7be643a\igdinfo64.dll
0x00007ffcea060000 - 0x00007ffceccc2000 	C:\WINDOWS\System32\DriverStore\FileRepository\iigd_dch.inf_amd64_a086f01cc7be643a\igc64.dll
0x00007ffcef510000 - 0x00007ffcef54b000 	C:\WINDOWS\SYSTEM32\dxcore.dll
0x00007ffceec20000 - 0x00007ffceec34000 	C:\Users\cduym\Downloads\openjfx-16_windows-x64_bin-sdk\javafx-sdk-16\bin\javafx_font.dll
0x00007ffce67f0000 - 0x00007ffce6a6f000 	C:\WINDOWS\SYSTEM32\dwrite.dll
0x00007ffceeab0000 - 0x00007ffceeabe000 	C:\Program Files\Java\jdk-14.0.1\bin\sunmscapi.dll
0x00007ffcf8600000 - 0x00007ffcf875f000 	C:\WINDOWS\System32\CRYPT32.dll
0x00007ffcf7cf0000 - 0x00007ffcf7d17000 	C:\WINDOWS\SYSTEM32\ncrypt.dll
0x00007ffcf7cb0000 - 0x00007ffcf7ceb000 	C:\WINDOWS\SYSTEM32\NTASN1.dll
0x00007ffceea80000 - 0x00007ffceeaa5000 	C:\Program Files\Java\jdk-14.0.1\bin\sunec.dll
0x00007ffcf7b70000 - 0x00007ffcf7b88000 	C:\WINDOWS\SYSTEM32\CRYPTSP.dll
0x00007ffcf7310000 - 0x00007ffcf7344000 	C:\WINDOWS\system32\rsaenh.dll
0x00007ffcf80d0000 - 0x00007ffcf80fe000 	C:\WINDOWS\SYSTEM32\USERENV.dll
0x00007ffcf7b90000 - 0x00007ffcf7b9c000 	C:\WINDOWS\SYSTEM32\CRYPTBASE.dll
0x00007ffcf7660000 - 0x00007ffcf769b000 	C:\WINDOWS\SYSTEM32\IPHLPAPI.DLL
0x00007ffcf9ae0000 - 0x00007ffcf9ae8000 	C:\WINDOWS\System32\NSI.dll
0x00007ffce9fb0000 - 0x00007ffce9fc7000 	C:\WINDOWS\SYSTEM32\dhcpcsvc6.DLL
0x00007ffce9f30000 - 0x00007ffce9f4d000 	C:\WINDOWS\SYSTEM32\dhcpcsvc.DLL
0x00007ffcf76a0000 - 0x00007ffcf776c000 	C:\WINDOWS\SYSTEM32\DNSAPI.dll
0x00007ffcea050000 - 0x00007ffcea05a000 	C:\Windows\System32\rasadhlp.dll
0x00007ffce9380000 - 0x00007ffce93ff000 	C:\WINDOWS\System32\fwpuclnt.dll
0x00007ffc9ec40000 - 0x00007ffca2768000 	C:\Users\cduym\Downloads\openjfx-16_windows-x64_bin-sdk\javafx-sdk-16\bin\jfxwebkit.dll

dbghelp: loaded successfully - version: 4.0.5 - missing functions: none
symbol engine: initialized successfully - sym options: 0x614 - pdb path: .;C:\Program Files\Java\jdk-14.0.1\bin;C:\WINDOWS\SYSTEM32;C:\WINDOWS\WinSxS\amd64_microsoft.windows.common-controls_6595b64144ccf1df_6.0.19041.1083_none_60bbe31371f34e71;C:\Program Files\Java\jdk-14.0.1\bin\server;C:\Program Files\JetBrains\IntelliJ IDEA 2019.3.3\bin;C:\Users\cduym\Downloads\openjfx-16_windows-x64_bin-sdk\javafx-sdk-16\bin;C:\WINDOWS\System32\DriverStore\FileRepository\iigd_dch.inf_amd64_a086f01cc7be643a;C:\Program Files\Common Files\Microsoft Shared\Ink

VM Arguments:
jvm_args: --module-path=C:\Users\cduym\Downloads\openjfx-16_windows-x64_bin-sdk\javafx-sdk-16\lib --add-modules=javafx.controls,javafx.fxml,javafx.web --add-modules=javafx.base,javafx.graphics --add-reads=javafx.base=ALL-UNNAMED --add-reads=javafx.graphics=ALL-UNNAMED -javaagent:C:\Program Files\JetBrains\IntelliJ IDEA 2019.3.3\lib\idea_rt.jar=58106:C:\Program Files\JetBrains\IntelliJ IDEA 2019.3.3\bin -Dfile.encoding=UTF-8 
java_command: Main
java_class_path (initial): C:\Users\cduym\IdeaProjects\notfromusnews\out\production\notfromusnews;C:\Users\cduym\Downloads\openjfx-16_windows-x64_bin-sdk\javafx-sdk-16\lib\src.zip;C:\Users\cduym\Downloads\openjfx-16_windows-x64_bin-sdk\javafx-sdk-16\lib\javafx-swt.jar;C:\Users\cduym\Downloads\openjfx-16_windows-x64_bin-sdk\javafx-sdk-16\lib\javafx.web.jar;C:\Users\cduym\Downloads\openjfx-16_windows-x64_bin-sdk\javafx-sdk-16\lib\javafx.base.jar;C:\Users\cduym\Downloads\openjfx-16_windows-x64_bin-sdk\javafx-sdk-16\lib\javafx.fxml.jar;C:\Users\cduym\Downloads\openjfx-16_windows-x64_bin-sdk\javafx-sdk-16\lib\javafx.media.jar;C:\Users\cduym\Downloads\openjfx-16_windows-x64_bin-sdk\javafx-sdk-16\lib\javafx.swing.jar;C:\Users\cduym\Downloads\openjfx-16_windows-x64_bin-sdk\javafx-sdk-16\lib\javafx.controls.jar;C:\Users\cduym\Downloads\openjfx-16_windows-x64_bin-sdk\javafx-sdk-16\lib\javafx.graphics.jar;C:\Users\cduym\Downloads\jsoup-1.14.1.jar
Launcher Type: SUN_STANDARD

[Global flags]
     intx CICompilerCount                          = 3                                         {product} {ergonomic}
     uint ConcGCThreads                            = 1                                         {product} {ergonomic}
     uint G1ConcRefinementThreads                  = 4                                         {product} {ergonomic}
   size_t G1HeapRegionSize                         = 1048576                                   {product} {ergonomic}
    uintx GCDrainStackTargetSize                   = 64                                        {product} {ergonomic}
   size_t InitialHeapSize                          = 130023424                                 {product} {ergonomic}
   size_t MarkStackSize                            = 4194304                                   {product} {ergonomic}
   size_t MaxHeapSize                              = 2076180480                                {product} {ergonomic}
   size_t MaxNewSize                               = 1245708288                                {product} {ergonomic}
   size_t MinHeapDeltaBytes                        = 1048576                                   {product} {ergonomic}
   size_t MinHeapSize                              = 8388608                                   {product} {ergonomic}
    uintx NonNMethodCodeHeapSize                   = 5832780                                {pd product} {ergonomic}
    uintx NonProfiledCodeHeapSize                  = 122912730                              {pd product} {ergonomic}
    uintx ProfiledCodeHeapSize                     = 122912730                              {pd product} {ergonomic}
    uintx ReservedCodeCacheSize                    = 251658240                              {pd product} {ergonomic}
     bool SegmentedCodeCache                       = true                                      {product} {ergonomic}
   size_t SoftMaxHeapSize                          = 2076180480                             {manageable} {ergonomic}
     bool UseCompressedClassPointers               = true                                 {lp64_product} {ergonomic}
     bool UseCompressedOops                        = true                                 {lp64_product} {ergonomic}
     bool UseG1GC                                  = true                                      {product} {ergonomic}
     bool UseLargePagesIndividualAllocation        = false                                  {pd product} {ergonomic}

Logging:
Log output configuration:
 #0: stdout all=warning uptime,level,tags
 #1: stderr all=off uptime,level,tags

Environment Variables:
JAVA_HOME=C:\Program Files\Java\jdk-14.0.1
PATH=C:\Program Files\Common Files\Oracle\Java\javapath;C:\Program Files (x86)\NVIDIA Corporation\PhysX\Common;C:\Python38\Scripts\;C:\Python38\;C:\WINDOWS\system32;C:\WINDOWS;C:\WINDOWS\System32\Wbem;C:\WINDOWS\System32\WindowsPowerShell\v1.0\;C:\WINDOWS\System32\OpenSSH\;C:\Program Files\dotnet\;C:\Program Files\MATLAB\R2020a\bin;C:\ProgramData\chocolatey\bin;C:\Program Files\Cppcheck;C:\Program Files (x86)\CodeBlocks\MinGW\bin;C:\Program Files (x86)\Windows Kits\8.1\Windows Performance Toolkit\;C:\Program Files\Git\cmd;C:\Program Files\PuTTY\;C:\Users\cduym\Downloads\nvim-win64\Neovim\bin;C:\PHP8;C:\php7;C:\ProgramData\ComposerSetup\bin;C:\Program Files\Tesseract-OCR\tesseract.exe;C:\FPC\3.2.2\bin\i386-Win32;C:\Users\cduym\Downloads\geckodriver-v0.29.1-win64;C:\Program Files\nodejs\;C:\Program Files\Docker\Docker\resources\bin;C:\ProgramData\DockerDesktop\version-bin;C:\Users\cduym\AppData\Local\Microsoft\WindowsApps;C:\Users\cduym\AppData\Local\GitHubDesktop\bin;C:\Program Files\JetBrains\IntelliJ IDEA 2019.3.3\bin;;C:\Program Files\JetBrains\PyCharm 2019.3.3\bin;;C:\src\flutter\bin;C:\Program Files\Android\Android Studio\bin;C:\Users\cduym\AppData\Local\Android\sdk\platform-tools\adb.exe;C:\Users\cduym\Documents\CMD commands;C:\Users\cduym\AppData\Local\Microsoft\WindowsApps;C:\Users\cduym\AppData\Local\Programs\Microsoft VS Code\bin;C:\Users\cduym\AppData\Roaming\Composer\vendor\bin;C:\tools\dart-sdk\bin;C:\Users\cduym\AppData\Roaming\Pub\Cache\bin;C:\Program Files\Tesseract-OCR\tesseract.exe;C:\Users\cduym\Downloads\geckodriver-v0.29.1-win64\geckodriver.exe;C:\Users\cduym\Downloads\flutter_windows_2.2.3-stable\flutter\bin;C:\Users\cduym\Downloads\commandlinetools-win-7302050_latest\cmdline-tools\bin;C:\Users\cduym\.dotnet\tools;C:\Users\cduym\AppData\Roaming\npm;C:\Users\cduym\Downloads\urbandict-0.6.1\urbandict-0.6.1;C:\Python38\python.exe;C:\Program Files\Java\jdk-14.0.1\bin;C:\Program Files\Java\jdk-14.0.1;C:\Users\cduym\Downloads\apache-maven-3.8.1\bin;C:\Pr
USERNAME=cduym
OS=Windows_NT
PROCESSOR_IDENTIFIER=Intel64 Family 6 Model 142 Stepping 9, GenuineIntel



---------------  S Y S T E M  ---------------

OS: Windows 10 , 64 bit Build 19041 (10.0.19041.1023)
OS uptime: 0 days 10:14 hours

CPU:total 4 (initial active 4) (2 cores per cpu, 2 threads per core) family 6 model 142 stepping 9, cmov, cx8, fxsr, mmx, sse, sse2, sse3, ssse3, sse4.1, sse4.2, popcnt, avx, avx2, aes, clmul, erms, 3dnowpref, lzcnt, ht, tsc, tscinvbit, bmi1, bmi2, adx, fma

Memory: 4k page, system-wide physical 7913M (753M free)
TotalPageFile size 13289M (AvailPageFile size 2408M)
current process WorkingSet (physical memory assigned to process): 542M, peak: 699M
current process commit charge ("private bytes"): 584M, peak: 838M

vm_info: Java HotSpot(TM) 64-Bit Server VM (14.0.1+7) for windows-amd64 JRE (14.0.1+7), built on Mar  5 2020 10:30:14 by "mach5one" with MS VC++ 15.9 (VS2017)

END.
